 
Testing for 10 size
N: 10 
Normal Gauss Seidel 
iter: 0, mse: 4.001242 
iter: 1, mse: 2.344718 
iter: 2, mse: 1.660994 
iter: 3, mse: 1.292163 
iter: 4, mse: 1.060694 
iter: 5, mse: 0.901114 
iter: 6, mse: 0.783815 
iter: 7, mse: 0.693371 
iter: 8, mse: 0.620908 
iter: 9, mse: 0.560982 
iter: 10, mse: 0.510108 
iter: 11, mse: 0.465993 
iter: 12, mse: 0.427096 
iter: 13, mse: 0.392357 
iter: 14, mse: 0.361034 
iter: 15, mse: 0.332591 
iter: 16, mse: 0.306630 
iter: 17, mse: 0.282847 
iter: 18, mse: 0.261001 
iter: 19, mse: 0.240896 
iter: 20, mse: 0.222369 
iter: 21, mse: 0.205280 
iter: 22, mse: 0.189506 
iter: 23, mse: 0.174940 
iter: 24, mse: 0.161484 
iter: 25, mse: 0.149053 
iter: 26, mse: 0.137566 
iter: 27, mse: 0.126952 
iter: 28, mse: 0.117145 
iter: 29, mse: 0.108083 
iter: 30, mse: 0.099712 
iter: 31, mse: 0.091978 
iter: 32, mse: 0.084835 
iter: 33, mse: 0.078238 
iter: 34, mse: 0.072146 
iter: 35, mse: 0.066522 
iter: 36, mse: 0.061330 
iter: 37, mse: 0.056538 
iter: 38, mse: 0.052116 
iter: 39, mse: 0.048035 
iter: 40, mse: 0.044271 
iter: 41, mse: 0.040798 
iter: 42, mse: 0.037595 
iter: 43, mse: 0.034641 
iter: 44, mse: 0.031917 
iter: 45, mse: 0.029406 
iter: 46, mse: 0.027091 
iter: 47, mse: 0.024956 
iter: 48, mse: 0.022989 
iter: 49, mse: 0.021176 
iter: 50, mse: 0.019505 
iter: 51, mse: 0.017965 
iter: 52, mse: 0.016546 
iter: 53, mse: 0.015239 
iter: 54, mse: 0.014035 
iter: 55, mse: 0.012925 
iter: 56, mse: 0.011903 
iter: 57, mse: 0.010961 
iter: 58, mse: 0.010094 
iter: 59, mse: 0.009295, time: 0.000316, total gigaflops: 0.000590, gigaflops pr second: 1.867443 
OMP Gauss Seidel 
last iter 59 
iter: 59, mse: 0.009295, time: 0.001009, total gigaflops: 0.000590, gigaflops pr second: 0.584716 
 
Testing for 50 size
N: 50 
Normal Gauss Seidel 
iter: 0, mse: 1.640494 
iter: 1, mse: 1.001239 
iter: 2, mse: 0.725761 
iter: 3, mse: 0.575983 
iter: 4, mse: 0.481739 
iter: 5, mse: 0.416606 
iter: 6, mse: 0.368644 
iter: 7, mse: 0.331695 
iter: 8, mse: 0.302258 
iter: 9, mse: 0.278188 
iter: 10, mse: 0.258097 
iter: 11, mse: 0.241041 
iter: 12, mse: 0.226360 
iter: 13, mse: 0.213573 
iter: 14, mse: 0.202322 
iter: 15, mse: 0.192337 
iter: 16, mse: 0.183408 
iter: 17, mse: 0.175368 
iter: 18, mse: 0.168088 
iter: 19, mse: 0.161458 
iter: 20, mse: 0.155393 
iter: 21, mse: 0.149821 
iter: 22, mse: 0.144680 
iter: 23, mse: 0.139921 
iter: 24, mse: 0.135502 
iter: 25, mse: 0.131384 
iter: 26, mse: 0.127538 
iter: 27, mse: 0.123935 
iter: 28, mse: 0.120553 
iter: 29, mse: 0.117371 
iter: 30, mse: 0.114371 
iter: 31, mse: 0.111537 
iter: 32, mse: 0.108854 
iter: 33, mse: 0.106312 
iter: 34, mse: 0.103897 
iter: 35, mse: 0.101601 
iter: 36, mse: 0.099415 
iter: 37, mse: 0.097330 
iter: 38, mse: 0.095340 
iter: 39, mse: 0.093437 
iter: 40, mse: 0.091616 
iter: 41, mse: 0.089871 
iter: 42, mse: 0.088198 
iter: 43, mse: 0.086592 
iter: 44, mse: 0.085049 
iter: 45, mse: 0.083564 
iter: 46, mse: 0.082135 
iter: 47, mse: 0.080759 
iter: 48, mse: 0.079432 
iter: 49, mse: 0.078151 
iter: 50, mse: 0.076915 
iter: 51, mse: 0.075720 
iter: 52, mse: 0.074565 
iter: 53, mse: 0.073448 
iter: 54, mse: 0.072366 
iter: 55, mse: 0.071318 
iter: 56, mse: 0.070303 
iter: 57, mse: 0.069318 
iter: 58, mse: 0.068362 
iter: 59, mse: 0.067434 
iter: 60, mse: 0.066533 
iter: 61, mse: 0.065658 
iter: 62, mse: 0.064807 
iter: 63, mse: 0.063979 
iter: 64, mse: 0.063173 
iter: 65, mse: 0.062389 
iter: 66, mse: 0.061626 
iter: 67, mse: 0.060882 
iter: 68, mse: 0.060157 
iter: 69, mse: 0.059450 
iter: 70, mse: 0.058760 
iter: 71, mse: 0.058088 
iter: 72, mse: 0.057431 
iter: 73, mse: 0.056790 
iter: 74, mse: 0.056164 
iter: 75, mse: 0.055553 
iter: 76, mse: 0.054955 
iter: 77, mse: 0.054371 
iter: 78, mse: 0.053800 
iter: 79, mse: 0.053241 
iter: 80, mse: 0.052695 
iter: 81, mse: 0.052160 
iter: 82, mse: 0.051637 
iter: 83, mse: 0.051124 
iter: 84, mse: 0.050622 
iter: 85, mse: 0.050130 
iter: 86, mse: 0.049649 
iter: 87, mse: 0.049177 
iter: 88, mse: 0.048714 
iter: 89, mse: 0.048260 
iter: 90, mse: 0.047815 
iter: 91, mse: 0.047379 
iter: 92, mse: 0.046950 
iter: 93, mse: 0.046530 
iter: 94, mse: 0.046118 
iter: 95, mse: 0.045713 
iter: 96, mse: 0.045316 
iter: 97, mse: 0.044925 
iter: 98, mse: 0.044542 
iter: 99, mse: 0.044166 
iter: 100, mse: 0.043796 
iter: 101, mse: 0.043432 
iter: 102, mse: 0.043075 
iter: 103, mse: 0.042724 
iter: 104, mse: 0.042378 
iter: 105, mse: 0.042039 
iter: 106, mse: 0.041705 
iter: 107, mse: 0.041377 
iter: 108, mse: 0.041054 
iter: 109, mse: 0.040736 
iter: 110, mse: 0.040423 
iter: 111, mse: 0.040115 
iter: 112, mse: 0.039812 
iter: 113, mse: 0.039514 
iter: 114, mse: 0.039220 
iter: 115, mse: 0.038931 
iter: 116, mse: 0.038647 
iter: 117, mse: 0.038366 
iter: 118, mse: 0.038090 
iter: 119, mse: 0.037818 
iter: 120, mse: 0.037550 
iter: 121, mse: 0.037285 
iter: 122, mse: 0.037025 
iter: 123, mse: 0.036768 
iter: 124, mse: 0.036515 
iter: 125, mse: 0.036266 
iter: 126, mse: 0.036020 
iter: 127, mse: 0.035777 
iter: 128, mse: 0.035538 
iter: 129, mse: 0.035302 
iter: 130, mse: 0.035070 
iter: 131, mse: 0.034840 
iter: 132, mse: 0.034614 
iter: 133, mse: 0.034390 
iter: 134, mse: 0.034170 
iter: 135, mse: 0.033952 
iter: 136, mse: 0.033737 
iter: 137, mse: 0.033525 
iter: 138, mse: 0.033316 
iter: 139, mse: 0.033109 
iter: 140, mse: 0.032905 
iter: 141, mse: 0.032703 
iter: 142, mse: 0.032504 
iter: 143, mse: 0.032308 
iter: 144, mse: 0.032114 
iter: 145, mse: 0.031922 
iter: 146, mse: 0.031732 
iter: 147, mse: 0.031545 
iter: 148, mse: 0.031360 
iter: 149, mse: 0.031177 
iter: 150, mse: 0.030996 
iter: 151, mse: 0.030817 
iter: 152, mse: 0.030641 
iter: 153, mse: 0.030466 
iter: 154, mse: 0.030293 
iter: 155, mse: 0.030122 
iter: 156, mse: 0.029954 
iter: 157, mse: 0.029787 
iter: 158, mse: 0.029621 
iter: 159, mse: 0.029458 
iter: 160, mse: 0.029296 
iter: 161, mse: 0.029136 
iter: 162, mse: 0.028978 
iter: 163, mse: 0.028822 
iter: 164, mse: 0.028667 
iter: 165, mse: 0.028513 
iter: 166, mse: 0.028362 
iter: 167, mse: 0.028211 
iter: 168, mse: 0.028063 
iter: 169, mse: 0.027916 
iter: 170, mse: 0.027770 
iter: 171, mse: 0.027626 
iter: 172, mse: 0.027483 
iter: 173, mse: 0.027341 
iter: 174, mse: 0.027201 
iter: 175, mse: 0.027062 
iter: 176, mse: 0.026925 
iter: 177, mse: 0.026789 
iter: 178, mse: 0.026654 
iter: 179, mse: 0.026520 
iter: 180, mse: 0.026388 
iter: 181, mse: 0.026257 
iter: 182, mse: 0.026127 
iter: 183, mse: 0.025998 
iter: 184, mse: 0.025870 
iter: 185, mse: 0.025743 
iter: 186, mse: 0.025618 
iter: 187, mse: 0.025494 
iter: 188, mse: 0.025370 
iter: 189, mse: 0.025248 
iter: 190, mse: 0.025127 
iter: 191, mse: 0.025007 
iter: 192, mse: 0.024887 
iter: 193, mse: 0.024769 
iter: 194, mse: 0.024652 
iter: 195, mse: 0.024536 
iter: 196, mse: 0.024420 
iter: 197, mse: 0.024306 
iter: 198, mse: 0.024193 
iter: 199, mse: 0.024080 
iter: 200, mse: 0.023968 
iter: 201, mse: 0.023858 
iter: 202, mse: 0.023748 
iter: 203, mse: 0.023639 
iter: 204, mse: 0.023530 
iter: 205, mse: 0.023423 
iter: 206, mse: 0.023316 
iter: 207, mse: 0.023210 
iter: 208, mse: 0.023105 
iter: 209, mse: 0.023001 
iter: 210, mse: 0.022898 
iter: 211, mse: 0.022795 
iter: 212, mse: 0.022693 
iter: 213, mse: 0.022591 
iter: 214, mse: 0.022491 
iter: 215, mse: 0.022391 
iter: 216, mse: 0.022292 
iter: 217, mse: 0.022193 
iter: 218, mse: 0.022096 
iter: 219, mse: 0.021998 
iter: 220, mse: 0.021902 
iter: 221, mse: 0.021806 
iter: 222, mse: 0.021711 
iter: 223, mse: 0.021617 
iter: 224, mse: 0.021523 
iter: 225, mse: 0.021429 
iter: 226, mse: 0.021337 
iter: 227, mse: 0.021245 
iter: 228, mse: 0.021153 
iter: 229, mse: 0.021062 
iter: 230, mse: 0.020972 
iter: 231, mse: 0.020882 
iter: 232, mse: 0.020793 
iter: 233, mse: 0.020704 
iter: 234, mse: 0.020616 
iter: 235, mse: 0.020529 
iter: 236, mse: 0.020442 
iter: 237, mse: 0.020355 
iter: 238, mse: 0.020269 
iter: 239, mse: 0.020184 
iter: 240, mse: 0.020099 
iter: 241, mse: 0.020015 
iter: 242, mse: 0.019931 
iter: 243, mse: 0.019847 
iter: 244, mse: 0.019764 
iter: 245, mse: 0.019682 
iter: 246, mse: 0.019600 
iter: 247, mse: 0.019519 
iter: 248, mse: 0.019437 
iter: 249, mse: 0.019357 
iter: 250, mse: 0.019277 
iter: 251, mse: 0.019197 
iter: 252, mse: 0.019118 
iter: 253, mse: 0.019039 
iter: 254, mse: 0.018961 
iter: 255, mse: 0.018883 
iter: 256, mse: 0.018805 
iter: 257, mse: 0.018728 
iter: 258, mse: 0.018652 
iter: 259, mse: 0.018575 
iter: 260, mse: 0.018500 
iter: 261, mse: 0.018424 
iter: 262, mse: 0.018349 
iter: 263, mse: 0.018275 
iter: 264, mse: 0.018200 
iter: 265, mse: 0.018126 
iter: 266, mse: 0.018053 
iter: 267, mse: 0.017980 
iter: 268, mse: 0.017907 
iter: 269, mse: 0.017835 
iter: 270, mse: 0.017763 
iter: 271, mse: 0.017691 
iter: 272, mse: 0.017620 
iter: 273, mse: 0.017549 
iter: 274, mse: 0.017479 
iter: 275, mse: 0.017409 
iter: 276, mse: 0.017339 
iter: 277, mse: 0.017269 
iter: 278, mse: 0.017200 
iter: 279, mse: 0.017131 
iter: 280, mse: 0.017063 
iter: 281, mse: 0.016995 
iter: 282, mse: 0.016927 
iter: 283, mse: 0.016860 
iter: 284, mse: 0.016793 
iter: 285, mse: 0.016726 
iter: 286, mse: 0.016659 
iter: 287, mse: 0.016593 
iter: 288, mse: 0.016527 
iter: 289, mse: 0.016462 
iter: 290, mse: 0.016397 
iter: 291, mse: 0.016332 
iter: 292, mse: 0.016267 
iter: 293, mse: 0.016203 
iter: 294, mse: 0.016139 
iter: 295, mse: 0.016075 
iter: 296, mse: 0.016012 
iter: 297, mse: 0.015948 
iter: 298, mse: 0.015886 
iter: 299, mse: 0.015823 
iter: 300, mse: 0.015761 
iter: 301, mse: 0.015699 
iter: 302, mse: 0.015637 
iter: 303, mse: 0.015576 
iter: 304, mse: 0.015515 
iter: 305, mse: 0.015454 
iter: 306, mse: 0.015393 
iter: 307, mse: 0.015333 
iter: 308, mse: 0.015273 
iter: 309, mse: 0.015213 
iter: 310, mse: 0.015154 
iter: 311, mse: 0.015094 
iter: 312, mse: 0.015035 
iter: 313, mse: 0.014977 
iter: 314, mse: 0.014918 
iter: 315, mse: 0.014860 
iter: 316, mse: 0.014802 
iter: 317, mse: 0.014744 
iter: 318, mse: 0.014687 
iter: 319, mse: 0.014630 
iter: 320, mse: 0.014573 
iter: 321, mse: 0.014516 
iter: 322, mse: 0.014460 
iter: 323, mse: 0.014404 
iter: 324, mse: 0.014348 
iter: 325, mse: 0.014292 
iter: 326, mse: 0.014236 
iter: 327, mse: 0.014181 
iter: 328, mse: 0.014126 
iter: 329, mse: 0.014071 
iter: 330, mse: 0.014017 
iter: 331, mse: 0.013963 
iter: 332, mse: 0.013909 
iter: 333, mse: 0.013855 
iter: 334, mse: 0.013801 
iter: 335, mse: 0.013748 
iter: 336, mse: 0.013695 
iter: 337, mse: 0.013642 
iter: 338, mse: 0.013589 
iter: 339, mse: 0.013536 
iter: 340, mse: 0.013484 
iter: 341, mse: 0.013432 
iter: 342, mse: 0.013380 
iter: 343, mse: 0.013329 
iter: 344, mse: 0.013277 
iter: 345, mse: 0.013226 
iter: 346, mse: 0.013175 
iter: 347, mse: 0.013124 
iter: 348, mse: 0.013074 
iter: 349, mse: 0.013023 
iter: 350, mse: 0.012973 
iter: 351, mse: 0.012923 
iter: 352, mse: 0.012874 
iter: 353, mse: 0.012824 
iter: 354, mse: 0.012775 
iter: 355, mse: 0.012726 
iter: 356, mse: 0.012677 
iter: 357, mse: 0.012628 
iter: 358, mse: 0.012579 
iter: 359, mse: 0.012531 
iter: 360, mse: 0.012483 
iter: 361, mse: 0.012435 
iter: 362, mse: 0.012387 
iter: 363, mse: 0.012340 
iter: 364, mse: 0.012292 
iter: 365, mse: 0.012245 
iter: 366, mse: 0.012198 
iter: 367, mse: 0.012151 
iter: 368, mse: 0.012105 
iter: 369, mse: 0.012058 
iter: 370, mse: 0.012012 
iter: 371, mse: 0.011966 
iter: 372, mse: 0.011920 
iter: 373, mse: 0.011875 
iter: 374, mse: 0.011829 
iter: 375, mse: 0.011784 
iter: 376, mse: 0.011739 
iter: 377, mse: 0.011694 
iter: 378, mse: 0.011649 
iter: 379, mse: 0.011605 
iter: 380, mse: 0.011560 
iter: 381, mse: 0.011516 
iter: 382, mse: 0.011472 
iter: 383, mse: 0.011428 
iter: 384, mse: 0.011384 
iter: 385, mse: 0.011341 
iter: 386, mse: 0.011298 
iter: 387, mse: 0.011254 
iter: 388, mse: 0.011211 
iter: 389, mse: 0.011169 
iter: 390, mse: 0.011126 
iter: 391, mse: 0.011083 
iter: 392, mse: 0.011041 
iter: 393, mse: 0.010999 
iter: 394, mse: 0.010957 
iter: 395, mse: 0.010915 
iter: 396, mse: 0.010873 
iter: 397, mse: 0.010832 
iter: 398, mse: 0.010791 
iter: 399, mse: 0.010749 
iter: 400, mse: 0.010708 
iter: 401, mse: 0.010668 
iter: 402, mse: 0.010627 
iter: 403, mse: 0.010586 
iter: 404, mse: 0.010546 
iter: 405, mse: 0.010506 
iter: 406, mse: 0.010466 
iter: 407, mse: 0.010426 
iter: 408, mse: 0.010386 
iter: 409, mse: 0.010347 
iter: 410, mse: 0.010307 
iter: 411, mse: 0.010268 
iter: 412, mse: 0.010229 
iter: 413, mse: 0.010190 
iter: 414, mse: 0.010151 
iter: 415, mse: 0.010112 
iter: 416, mse: 0.010074 
iter: 417, mse: 0.010035 
iter: 418, mse: 0.009997, time: 0.293516, total gigaflops: 0.522500, gigaflops pr second: 1.780140 
OMP Gauss Seidel 
last iter 418 
iter: 418, mse: 0.009997, time: 0.415277, total gigaflops: 0.522500, gigaflops pr second: 1.258196 
 
Testing for 100 size
N: 100 
Normal Gauss Seidel 
iter: 0, mse: 1.146473 
iter: 1, mse: 0.703362 
iter: 2, mse: 0.510891 
iter: 3, mse: 0.405999 
iter: 4, mse: 0.339932 
iter: 5, mse: 0.294247 
iter: 6, mse: 0.260593 
iter: 7, mse: 0.234659 
iter: 8, mse: 0.213991 
iter: 9, mse: 0.197089 
iter: 10, mse: 0.182977 
iter: 11, mse: 0.170997 
iter: 12, mse: 0.160683 
iter: 13, mse: 0.151699 
iter: 14, mse: 0.143794 
iter: 15, mse: 0.136778 
iter: 16, mse: 0.130504 
iter: 17, mse: 0.124856 
iter: 18, mse: 0.119741 
iter: 19, mse: 0.115085 
iter: 20, mse: 0.110825 
iter: 21, mse: 0.106912 
iter: 22, mse: 0.103303 
iter: 23, mse: 0.099963 
iter: 24, mse: 0.096862 
iter: 25, mse: 0.093973 
iter: 26, mse: 0.091275 
iter: 27, mse: 0.088749 
iter: 28, mse: 0.086379 
iter: 29, mse: 0.084149 
iter: 30, mse: 0.082047 
iter: 31, mse: 0.080062 
iter: 32, mse: 0.078184 
iter: 33, mse: 0.076405 
iter: 34, mse: 0.074716 
iter: 35, mse: 0.073110 
iter: 36, mse: 0.071581 
iter: 37, mse: 0.070124 
iter: 38, mse: 0.068733 
iter: 39, mse: 0.067404 
iter: 40, mse: 0.066133 
iter: 41, mse: 0.064915 
iter: 42, mse: 0.063748 
iter: 43, mse: 0.062627 
iter: 44, mse: 0.061551 
iter: 45, mse: 0.060516 
iter: 46, mse: 0.059520 
iter: 47, mse: 0.058561 
iter: 48, mse: 0.057637 
iter: 49, mse: 0.056746 
iter: 50, mse: 0.055885 
iter: 51, mse: 0.055054 
iter: 52, mse: 0.054250 
iter: 53, mse: 0.053473 
iter: 54, mse: 0.052721 
iter: 55, mse: 0.051993 
iter: 56, mse: 0.051287 
iter: 57, mse: 0.050603 
iter: 58, mse: 0.049939 
iter: 59, mse: 0.049295 
iter: 60, mse: 0.048670 
iter: 61, mse: 0.048062 
iter: 62, mse: 0.047471 
iter: 63, mse: 0.046897 
iter: 64, mse: 0.046338 
iter: 65, mse: 0.045795 
iter: 66, mse: 0.045265 
iter: 67, mse: 0.044750 
iter: 68, mse: 0.044247 
iter: 69, mse: 0.043757 
iter: 70, mse: 0.043280 
iter: 71, mse: 0.042814 
iter: 72, mse: 0.042359 
iter: 73, mse: 0.041915 
iter: 74, mse: 0.041482 
iter: 75, mse: 0.041059 
iter: 76, mse: 0.040645 
iter: 77, mse: 0.040241 
iter: 78, mse: 0.039846 
iter: 79, mse: 0.039459 
iter: 80, mse: 0.039081 
iter: 81, mse: 0.038711 
iter: 82, mse: 0.038349 
iter: 83, mse: 0.037994 
iter: 84, mse: 0.037647 
iter: 85, mse: 0.037307 
iter: 86, mse: 0.036974 
iter: 87, mse: 0.036647 
iter: 88, mse: 0.036327 
iter: 89, mse: 0.036013 
iter: 90, mse: 0.035705 
iter: 91, mse: 0.035403 
iter: 92, mse: 0.035107 
iter: 93, mse: 0.034817 
iter: 94, mse: 0.034531 
iter: 95, mse: 0.034251 
iter: 96, mse: 0.033976 
iter: 97, mse: 0.033706 
iter: 98, mse: 0.033441 
iter: 99, mse: 0.033180 
iter: 100, mse: 0.032924 
iter: 101, mse: 0.032673 
iter: 102, mse: 0.032425 
iter: 103, mse: 0.032182 
iter: 104, mse: 0.031943 
iter: 105, mse: 0.031708 
iter: 106, mse: 0.031477 
iter: 107, mse: 0.031249 
iter: 108, mse: 0.031025 
iter: 109, mse: 0.030805 
iter: 110, mse: 0.030588 
iter: 111, mse: 0.030375 
iter: 112, mse: 0.030165 
iter: 113, mse: 0.029958 
iter: 114, mse: 0.029754 
iter: 115, mse: 0.029553 
iter: 116, mse: 0.029356 
iter: 117, mse: 0.029161 
iter: 118, mse: 0.028969 
iter: 119, mse: 0.028780 
iter: 120, mse: 0.028594 
iter: 121, mse: 0.028410 
iter: 122, mse: 0.028229 
iter: 123, mse: 0.028051 
iter: 124, mse: 0.027875 
iter: 125, mse: 0.027701 
iter: 126, mse: 0.027530 
iter: 127, mse: 0.027361 
iter: 128, mse: 0.027195 
iter: 129, mse: 0.027031 
iter: 130, mse: 0.026869 
iter: 131, mse: 0.026709 
iter: 132, mse: 0.026551 
iter: 133, mse: 0.026395 
iter: 134, mse: 0.026242 
iter: 135, mse: 0.026090 
iter: 136, mse: 0.025940 
iter: 137, mse: 0.025792 
iter: 138, mse: 0.025646 
iter: 139, mse: 0.025502 
iter: 140, mse: 0.025360 
iter: 141, mse: 0.025219 
iter: 142, mse: 0.025080 
iter: 143, mse: 0.024943 
iter: 144, mse: 0.024807 
iter: 145, mse: 0.024673 
iter: 146, mse: 0.024541 
iter: 147, mse: 0.024410 
iter: 148, mse: 0.024281 
iter: 149, mse: 0.024153 
iter: 150, mse: 0.024027 
iter: 151, mse: 0.023902 
iter: 152, mse: 0.023778 
iter: 153, mse: 0.023656 
iter: 154, mse: 0.023536 
iter: 155, mse: 0.023416 
iter: 156, mse: 0.023298 
iter: 157, mse: 0.023182 
iter: 158, mse: 0.023066 
iter: 159, mse: 0.022952 
iter: 160, mse: 0.022839 
iter: 161, mse: 0.022728 
iter: 162, mse: 0.022617 
iter: 163, mse: 0.022508 
iter: 164, mse: 0.022400 
iter: 165, mse: 0.022293 
iter: 166, mse: 0.022187 
iter: 167, mse: 0.022082 
iter: 168, mse: 0.021978 
iter: 169, mse: 0.021876 
iter: 170, mse: 0.021774 
iter: 171, mse: 0.021674 
iter: 172, mse: 0.021574 
iter: 173, mse: 0.021476 
iter: 174, mse: 0.021378 
iter: 175, mse: 0.021281 
iter: 176, mse: 0.021186 
iter: 177, mse: 0.021091 
iter: 178, mse: 0.020997 
iter: 179, mse: 0.020904 
iter: 180, mse: 0.020812 
iter: 181, mse: 0.020721 
iter: 182, mse: 0.020631 
iter: 183, mse: 0.020542 
iter: 184, mse: 0.020453 
iter: 185, mse: 0.020365 
iter: 186, mse: 0.020279 
iter: 187, mse: 0.020193 
iter: 188, mse: 0.020107 
iter: 189, mse: 0.020023 
iter: 190, mse: 0.019939 
iter: 191, mse: 0.019856 
iter: 192, mse: 0.019774 
iter: 193, mse: 0.019692 
iter: 194, mse: 0.019612 
iter: 195, mse: 0.019532 
iter: 196, mse: 0.019452 
iter: 197, mse: 0.019374 
iter: 198, mse: 0.019296 
iter: 199, mse: 0.019218 
iter: 200, mse: 0.019142 
iter: 201, mse: 0.019066 
iter: 202, mse: 0.018991 
iter: 203, mse: 0.018916 
iter: 204, mse: 0.018842 
iter: 205, mse: 0.018769 
iter: 206, mse: 0.018696 
iter: 207, mse: 0.018624 
iter: 208, mse: 0.018552 
iter: 209, mse: 0.018481 
iter: 210, mse: 0.018411 
iter: 211, mse: 0.018341 
iter: 212, mse: 0.018272 
iter: 213, mse: 0.018203 
iter: 214, mse: 0.018135 
iter: 215, mse: 0.018068 
iter: 216, mse: 0.018001 
iter: 217, mse: 0.017934 
iter: 218, mse: 0.017868 
iter: 219, mse: 0.017803 
iter: 220, mse: 0.017738 
iter: 221, mse: 0.017674 
iter: 222, mse: 0.017610 
iter: 223, mse: 0.017546 
iter: 224, mse: 0.017483 
iter: 225, mse: 0.017421 
iter: 226, mse: 0.017359 
iter: 227, mse: 0.017298 
iter: 228, mse: 0.017237 
iter: 229, mse: 0.017176 
iter: 230, mse: 0.017116 
iter: 231, mse: 0.017056 
iter: 232, mse: 0.016997 
iter: 233, mse: 0.016938 
iter: 234, mse: 0.016880 
iter: 235, mse: 0.016822 
iter: 236, mse: 0.016765 
iter: 237, mse: 0.016708 
iter: 238, mse: 0.016651 
iter: 239, mse: 0.016595 
iter: 240, mse: 0.016539 
iter: 241, mse: 0.016484 
iter: 242, mse: 0.016429 
iter: 243, mse: 0.016374 
iter: 244, mse: 0.016320 
iter: 245, mse: 0.016266 
iter: 246, mse: 0.016213 
iter: 247, mse: 0.016160 
iter: 248, mse: 0.016107 
iter: 249, mse: 0.016055 
iter: 250, mse: 0.016003 
iter: 251, mse: 0.015951 
iter: 252, mse: 0.015900 
iter: 253, mse: 0.015849 
iter: 254, mse: 0.015798 
iter: 255, mse: 0.015748 
iter: 256, mse: 0.015698 
iter: 257, mse: 0.015649 
iter: 258, mse: 0.015599 
iter: 259, mse: 0.015550 
iter: 260, mse: 0.015502 
iter: 261, mse: 0.015454 
iter: 262, mse: 0.015406 
iter: 263, mse: 0.015358 
iter: 264, mse: 0.015311 
iter: 265, mse: 0.015264 
iter: 266, mse: 0.015217 
iter: 267, mse: 0.015171 
iter: 268, mse: 0.015125 
iter: 269, mse: 0.015079 
iter: 270, mse: 0.015034 
iter: 271, mse: 0.014988 
iter: 272, mse: 0.014944 
iter: 273, mse: 0.014899 
iter: 274, mse: 0.014855 
iter: 275, mse: 0.014811 
iter: 276, mse: 0.014767 
iter: 277, mse: 0.014723 
iter: 278, mse: 0.014680 
iter: 279, mse: 0.014637 
iter: 280, mse: 0.014594 
iter: 281, mse: 0.014552 
iter: 282, mse: 0.014510 
iter: 283, mse: 0.014468 
iter: 284, mse: 0.014426 
iter: 285, mse: 0.014385 
iter: 286, mse: 0.014344 
iter: 287, mse: 0.014303 
iter: 288, mse: 0.014262 
iter: 289, mse: 0.014222 
iter: 290, mse: 0.014182 
iter: 291, mse: 0.014142 
iter: 292, mse: 0.014102 
iter: 293, mse: 0.014063 
iter: 294, mse: 0.014024 
iter: 295, mse: 0.013985 
iter: 296, mse: 0.013946 
iter: 297, mse: 0.013907 
iter: 298, mse: 0.013869 
iter: 299, mse: 0.013831 
iter: 300, mse: 0.013793 
iter: 301, mse: 0.013755 
iter: 302, mse: 0.013718 
iter: 303, mse: 0.013681 
iter: 304, mse: 0.013644 
iter: 305, mse: 0.013607 
iter: 306, mse: 0.013570 
iter: 307, mse: 0.013534 
iter: 308, mse: 0.013498 
iter: 309, mse: 0.013462 
iter: 310, mse: 0.013426 
iter: 311, mse: 0.013391 
iter: 312, mse: 0.013355 
iter: 313, mse: 0.013320 
iter: 314, mse: 0.013285 
iter: 315, mse: 0.013250 
iter: 316, mse: 0.013216 
iter: 317, mse: 0.013181 
iter: 318, mse: 0.013147 
iter: 319, mse: 0.013113 
iter: 320, mse: 0.013079 
iter: 321, mse: 0.013046 
iter: 322, mse: 0.013012 
iter: 323, mse: 0.012979 
iter: 324, mse: 0.012946 
iter: 325, mse: 0.012913 
iter: 326, mse: 0.012880 
iter: 327, mse: 0.012848 
iter: 328, mse: 0.012815 
iter: 329, mse: 0.012783 
iter: 330, mse: 0.012751 
iter: 331, mse: 0.012719 
iter: 332, mse: 0.012687 
iter: 333, mse: 0.012656 
iter: 334, mse: 0.012624 
iter: 335, mse: 0.012593 
iter: 336, mse: 0.012562 
iter: 337, mse: 0.012531 
iter: 338, mse: 0.012500 
iter: 339, mse: 0.012470 
iter: 340, mse: 0.012439 
iter: 341, mse: 0.012409 
iter: 342, mse: 0.012379 
iter: 343, mse: 0.012349 
iter: 344, mse: 0.012319 
iter: 345, mse: 0.012289 
iter: 346, mse: 0.012260 
iter: 347, mse: 0.012231 
iter: 348, mse: 0.012201 
iter: 349, mse: 0.012172 
iter: 350, mse: 0.012143 
iter: 351, mse: 0.012114 
iter: 352, mse: 0.012086 
iter: 353, mse: 0.012057 
iter: 354, mse: 0.012029 
iter: 355, mse: 0.012001 
iter: 356, mse: 0.011973 
iter: 357, mse: 0.011945 
iter: 358, mse: 0.011917 
iter: 359, mse: 0.011889 
iter: 360, mse: 0.011862 
iter: 361, mse: 0.011834 
iter: 362, mse: 0.011807 
iter: 363, mse: 0.011780 
iter: 364, mse: 0.011753 
iter: 365, mse: 0.011726 
iter: 366, mse: 0.011699 
iter: 367, mse: 0.011673 
iter: 368, mse: 0.011646 
iter: 369, mse: 0.011620 
iter: 370, mse: 0.011593 
iter: 371, mse: 0.011567 
iter: 372, mse: 0.011541 
iter: 373, mse: 0.011515 
iter: 374, mse: 0.011490 
iter: 375, mse: 0.011464 
iter: 376, mse: 0.011438 
iter: 377, mse: 0.011413 
iter: 378, mse: 0.011388 
iter: 379, mse: 0.011363 
iter: 380, mse: 0.011338 
iter: 381, mse: 0.011313 
iter: 382, mse: 0.011288 
iter: 383, mse: 0.011263 
iter: 384, mse: 0.011239 
iter: 385, mse: 0.011214 
iter: 386, mse: 0.011190 
iter: 387, mse: 0.011165 
iter: 388, mse: 0.011141 
iter: 389, mse: 0.011117 
iter: 390, mse: 0.011093 
iter: 391, mse: 0.011069 
iter: 392, mse: 0.011046 
iter: 393, mse: 0.011022 
iter: 394, mse: 0.010999 
iter: 395, mse: 0.010975 
iter: 396, mse: 0.010952 
iter: 397, mse: 0.010929 
iter: 398, mse: 0.010906 
iter: 399, mse: 0.010883 
iter: 400, mse: 0.010860 
iter: 401, mse: 0.010837 
iter: 402, mse: 0.010814 
iter: 403, mse: 0.010792 
iter: 404, mse: 0.010769 
iter: 405, mse: 0.010747 
iter: 406, mse: 0.010724 
iter: 407, mse: 0.010702 
iter: 408, mse: 0.010680 
iter: 409, mse: 0.010658 
iter: 410, mse: 0.010636 
iter: 411, mse: 0.010614 
iter: 412, mse: 0.010593 
iter: 413, mse: 0.010571 
iter: 414, mse: 0.010549 
iter: 415, mse: 0.010528 
iter: 416, mse: 0.010507 
iter: 417, mse: 0.010485 
iter: 418, mse: 0.010464 
iter: 419, mse: 0.010443 
iter: 420, mse: 0.010422 
iter: 421, mse: 0.010401 
iter: 422, mse: 0.010380 
iter: 423, mse: 0.010360 
iter: 424, mse: 0.010339 
iter: 425, mse: 0.010318 
iter: 426, mse: 0.010298 
iter: 427, mse: 0.010277 
iter: 428, mse: 0.010257 
iter: 429, mse: 0.010237 
iter: 430, mse: 0.010217 
iter: 431, mse: 0.010197 
iter: 432, mse: 0.010177 
iter: 433, mse: 0.010157 
iter: 434, mse: 0.010137 
iter: 435, mse: 0.010117 
iter: 436, mse: 0.010098 
iter: 437, mse: 0.010078 
iter: 438, mse: 0.010058 
iter: 439, mse: 0.010039 
iter: 440, mse: 0.010020 
iter: 441, mse: 0.010000 
iter: 442, mse: 0.009981, time: 2.561697, total gigaflops: 4.420000, gigaflops pr second: 1.725419 
OMP Gauss Seidel 
last iter 442 
iter: 442, mse: 0.009981, time: 3.080180, total gigaflops: 4.420000, gigaflops pr second: 1.434981 
 
Testing for 150 size
N: 150 
Normal Gauss Seidel 
iter: 0, mse: 0.932388 
iter: 1, mse: 0.573024 
iter: 2, mse: 0.416503 
iter: 3, mse: 0.331133 
iter: 4, mse: 0.277344 
iter: 5, mse: 0.240141 
iter: 6, mse: 0.212731 
iter: 7, mse: 0.191606 
iter: 8, mse: 0.174770 
iter: 9, mse: 0.161000 
iter: 10, mse: 0.149502 
iter: 11, mse: 0.139740 
iter: 12, mse: 0.131336 
iter: 13, mse: 0.124015 
iter: 14, mse: 0.117573 
iter: 15, mse: 0.111855 
iter: 16, mse: 0.106742 
iter: 17, mse: 0.102138 
iter: 18, mse: 0.097969 
iter: 19, mse: 0.094173 
iter: 20, mse: 0.090701 
iter: 21, mse: 0.087511 
iter: 22, mse: 0.084569 
iter: 23, mse: 0.081846 
iter: 24, mse: 0.079317 
iter: 25, mse: 0.076962 
iter: 26, mse: 0.074762 
iter: 27, mse: 0.072703 
iter: 28, mse: 0.070769 
iter: 29, mse: 0.068951 
iter: 30, mse: 0.067237 
iter: 31, mse: 0.065618 
iter: 32, mse: 0.064087 
iter: 33, mse: 0.062635 
iter: 34, mse: 0.061258 
iter: 35, mse: 0.059948 
iter: 36, mse: 0.058701 
iter: 37, mse: 0.057513 
iter: 38, mse: 0.056378 
iter: 39, mse: 0.055294 
iter: 40, mse: 0.054257 
iter: 41, mse: 0.053263 
iter: 42, mse: 0.052311 
iter: 43, mse: 0.051397 
iter: 44, mse: 0.050519 
iter: 45, mse: 0.049675 
iter: 46, mse: 0.048863 
iter: 47, mse: 0.048080 
iter: 48, mse: 0.047326 
iter: 49, mse: 0.046599 
iter: 50, mse: 0.045897 
iter: 51, mse: 0.045219 
iter: 52, mse: 0.044563 
iter: 53, mse: 0.043929 
iter: 54, mse: 0.043315 
iter: 55, mse: 0.042721 
iter: 56, mse: 0.042145 
iter: 57, mse: 0.041587 
iter: 58, mse: 0.041046 
iter: 59, mse: 0.040520 
iter: 60, mse: 0.040010 
iter: 61, mse: 0.039514 
iter: 62, mse: 0.039033 
iter: 63, mse: 0.038564 
iter: 64, mse: 0.038108 
iter: 65, mse: 0.037665 
iter: 66, mse: 0.037233 
iter: 67, mse: 0.036812 
iter: 68, mse: 0.036403 
iter: 69, mse: 0.036003 
iter: 70, mse: 0.035614 
iter: 71, mse: 0.035234 
iter: 72, mse: 0.034863 
iter: 73, mse: 0.034501 
iter: 74, mse: 0.034148 
iter: 75, mse: 0.033802 
iter: 76, mse: 0.033465 
iter: 77, mse: 0.033136 
iter: 78, mse: 0.032813 
iter: 79, mse: 0.032498 
iter: 80, mse: 0.032190 
iter: 81, mse: 0.031888 
iter: 82, mse: 0.031593 
iter: 83, mse: 0.031304 
iter: 84, mse: 0.031021 
iter: 85, mse: 0.030744 
iter: 86, mse: 0.030472 
iter: 87, mse: 0.030206 
iter: 88, mse: 0.029945 
iter: 89, mse: 0.029690 
iter: 90, mse: 0.029439 
iter: 91, mse: 0.029193 
iter: 92, mse: 0.028952 
iter: 93, mse: 0.028715 
iter: 94, mse: 0.028483 
iter: 95, mse: 0.028254 
iter: 96, mse: 0.028031 
iter: 97, mse: 0.027811 
iter: 98, mse: 0.027595 
iter: 99, mse: 0.027382 
iter: 100, mse: 0.027174 
iter: 101, mse: 0.026969 
iter: 102, mse: 0.026768 
iter: 103, mse: 0.026570 
iter: 104, mse: 0.026375 
iter: 105, mse: 0.026184 
iter: 106, mse: 0.025996 
iter: 107, mse: 0.025810 
iter: 108, mse: 0.025628 
iter: 109, mse: 0.025449 
iter: 110, mse: 0.025273 
iter: 111, mse: 0.025099 
iter: 112, mse: 0.024928 
iter: 113, mse: 0.024760 
iter: 114, mse: 0.024594 
iter: 115, mse: 0.024431 
iter: 116, mse: 0.024270 
iter: 117, mse: 0.024112 
iter: 118, mse: 0.023956 
iter: 119, mse: 0.023802 
iter: 120, mse: 0.023651 
iter: 121, mse: 0.023502 
iter: 122, mse: 0.023355 
iter: 123, mse: 0.023209 
iter: 124, mse: 0.023066 
iter: 125, mse: 0.022926 
iter: 126, mse: 0.022786 
iter: 127, mse: 0.022649 
iter: 128, mse: 0.022514 
iter: 129, mse: 0.022381 
iter: 130, mse: 0.022249 
iter: 131, mse: 0.022119 
iter: 132, mse: 0.021991 
iter: 133, mse: 0.021865 
iter: 134, mse: 0.021740 
iter: 135, mse: 0.021617 
iter: 136, mse: 0.021495 
iter: 137, mse: 0.021375 
iter: 138, mse: 0.021256 
iter: 139, mse: 0.021139 
iter: 140, mse: 0.021024 
iter: 141, mse: 0.020910 
iter: 142, mse: 0.020797 
iter: 143, mse: 0.020686 
iter: 144, mse: 0.020575 
iter: 145, mse: 0.020467 
iter: 146, mse: 0.020359 
iter: 147, mse: 0.020253 
iter: 148, mse: 0.020148 
iter: 149, mse: 0.020045 
iter: 150, mse: 0.019942 
iter: 151, mse: 0.019841 
iter: 152, mse: 0.019741 
iter: 153, mse: 0.019642 
iter: 154, mse: 0.019544 
iter: 155, mse: 0.019448 
iter: 156, mse: 0.019352 
iter: 157, mse: 0.019257 
iter: 158, mse: 0.019164 
iter: 159, mse: 0.019071 
iter: 160, mse: 0.018980 
iter: 161, mse: 0.018889 
iter: 162, mse: 0.018800 
iter: 163, mse: 0.018711 
iter: 164, mse: 0.018624 
iter: 165, mse: 0.018537 
iter: 166, mse: 0.018451 
iter: 167, mse: 0.018366 
iter: 168, mse: 0.018282 
iter: 169, mse: 0.018199 
iter: 170, mse: 0.018117 
iter: 171, mse: 0.018036 
iter: 172, mse: 0.017955 
iter: 173, mse: 0.017875 
iter: 174, mse: 0.017796 
iter: 175, mse: 0.017718 
iter: 176, mse: 0.017641 
iter: 177, mse: 0.017564 
iter: 178, mse: 0.017488 
iter: 179, mse: 0.017413 
iter: 180, mse: 0.017338 
iter: 181, mse: 0.017265 
iter: 182, mse: 0.017192 
iter: 183, mse: 0.017119 
iter: 184, mse: 0.017048 
iter: 185, mse: 0.016977 
iter: 186, mse: 0.016907 
iter: 187, mse: 0.016837 
iter: 188, mse: 0.016768 
iter: 189, mse: 0.016700 
iter: 190, mse: 0.016632 
iter: 191, mse: 0.016565 
iter: 192, mse: 0.016498 
iter: 193, mse: 0.016432 
iter: 194, mse: 0.016367 
iter: 195, mse: 0.016302 
iter: 196, mse: 0.016238 
iter: 197, mse: 0.016175 
iter: 198, mse: 0.016112 
iter: 199, mse: 0.016049 
iter: 200, mse: 0.015987 
iter: 201, mse: 0.015926 
iter: 202, mse: 0.015865 
iter: 203, mse: 0.015805 
iter: 204, mse: 0.015745 
iter: 205, mse: 0.015686 
iter: 206, mse: 0.015627 
iter: 207, mse: 0.015569 
iter: 208, mse: 0.015511 
iter: 209, mse: 0.015454 
iter: 210, mse: 0.015397 
iter: 211, mse: 0.015340 
iter: 212, mse: 0.015284 
iter: 213, mse: 0.015229 
iter: 214, mse: 0.015174 
iter: 215, mse: 0.015119 
iter: 216, mse: 0.015065 
iter: 217, mse: 0.015012 
iter: 218, mse: 0.014958 
iter: 219, mse: 0.014906 
iter: 220, mse: 0.014853 
iter: 221, mse: 0.014801 
iter: 222, mse: 0.014750 
iter: 223, mse: 0.014698 
iter: 224, mse: 0.014648 
iter: 225, mse: 0.014597 
iter: 226, mse: 0.014547 
iter: 227, mse: 0.014498 
iter: 228, mse: 0.014448 
iter: 229, mse: 0.014400 
iter: 230, mse: 0.014351 
iter: 231, mse: 0.014303 
iter: 232, mse: 0.014255 
iter: 233, mse: 0.014208 
iter: 234, mse: 0.014161 
iter: 235, mse: 0.014114 
iter: 236, mse: 0.014068 
iter: 237, mse: 0.014022 
iter: 238, mse: 0.013976 
iter: 239, mse: 0.013931 
iter: 240, mse: 0.013886 
iter: 241, mse: 0.013841 
iter: 242, mse: 0.013797 
iter: 243, mse: 0.013753 
iter: 244, mse: 0.013709 
iter: 245, mse: 0.013665 
iter: 246, mse: 0.013622 
iter: 247, mse: 0.013580 
iter: 248, mse: 0.013537 
iter: 249, mse: 0.013495 
iter: 250, mse: 0.013453 
iter: 251, mse: 0.013411 
iter: 252, mse: 0.013370 
iter: 253, mse: 0.013329 
iter: 254, mse: 0.013288 
iter: 255, mse: 0.013248 
iter: 256, mse: 0.013207 
iter: 257, mse: 0.013167 
iter: 258, mse: 0.013128 
iter: 259, mse: 0.013088 
iter: 260, mse: 0.013049 
iter: 261, mse: 0.013010 
iter: 262, mse: 0.012972 
iter: 263, mse: 0.012933 
iter: 264, mse: 0.012895 
iter: 265, mse: 0.012857 
iter: 266, mse: 0.012820 
iter: 267, mse: 0.012782 
iter: 268, mse: 0.012745 
iter: 269, mse: 0.012708 
iter: 270, mse: 0.012672 
iter: 271, mse: 0.012635 
iter: 272, mse: 0.012599 
iter: 273, mse: 0.012563 
iter: 274, mse: 0.012527 
iter: 275, mse: 0.012492 
iter: 276, mse: 0.012457 
iter: 277, mse: 0.012422 
iter: 278, mse: 0.012387 
iter: 279, mse: 0.012352 
iter: 280, mse: 0.012318 
iter: 281, mse: 0.012284 
iter: 282, mse: 0.012250 
iter: 283, mse: 0.012216 
iter: 284, mse: 0.012182 
iter: 285, mse: 0.012149 
iter: 286, mse: 0.012116 
iter: 287, mse: 0.012083 
iter: 288, mse: 0.012050 
iter: 289, mse: 0.012018 
iter: 290, mse: 0.011985 
iter: 291, mse: 0.011953 
iter: 292, mse: 0.011921 
iter: 293, mse: 0.011889 
iter: 294, mse: 0.011858 
iter: 295, mse: 0.011826 
iter: 296, mse: 0.011795 
iter: 297, mse: 0.011764 
iter: 298, mse: 0.011733 
iter: 299, mse: 0.011702 
iter: 300, mse: 0.011672 
iter: 301, mse: 0.011642 
iter: 302, mse: 0.011612 
iter: 303, mse: 0.011582 
iter: 304, mse: 0.011552 
iter: 305, mse: 0.011522 
iter: 306, mse: 0.011493 
iter: 307, mse: 0.011463 
iter: 308, mse: 0.011434 
iter: 309, mse: 0.011405 
iter: 310, mse: 0.011376 
iter: 311, mse: 0.011348 
iter: 312, mse: 0.011319 
iter: 313, mse: 0.011291 
iter: 314, mse: 0.011263 
iter: 315, mse: 0.011235 
iter: 316, mse: 0.011207 
iter: 317, mse: 0.011179 
iter: 318, mse: 0.011152 
iter: 319, mse: 0.011124 
iter: 320, mse: 0.011097 
iter: 321, mse: 0.011070 
iter: 322, mse: 0.011043 
iter: 323, mse: 0.011016 
iter: 324, mse: 0.010989 
iter: 325, mse: 0.010963 
iter: 326, mse: 0.010937 
iter: 327, mse: 0.010910 
iter: 328, mse: 0.010884 
iter: 329, mse: 0.010858 
iter: 330, mse: 0.010832 
iter: 331, mse: 0.010807 
iter: 332, mse: 0.010781 
iter: 333, mse: 0.010756 
iter: 334, mse: 0.010730 
iter: 335, mse: 0.010705 
iter: 336, mse: 0.010680 
iter: 337, mse: 0.010655 
iter: 338, mse: 0.010631 
iter: 339, mse: 0.010606 
iter: 340, mse: 0.010581 
iter: 341, mse: 0.010557 
iter: 342, mse: 0.010533 
iter: 343, mse: 0.010509 
iter: 344, mse: 0.010485 
iter: 345, mse: 0.010461 
iter: 346, mse: 0.010437 
iter: 347, mse: 0.010413 
iter: 348, mse: 0.010390 
iter: 349, mse: 0.010366 
iter: 350, mse: 0.010343 
iter: 351, mse: 0.010320 
iter: 352, mse: 0.010297 
iter: 353, mse: 0.010274 
iter: 354, mse: 0.010251 
iter: 355, mse: 0.010228 
iter: 356, mse: 0.010205 
iter: 357, mse: 0.010183 
iter: 358, mse: 0.010160 
iter: 359, mse: 0.010138 
iter: 360, mse: 0.010116 
iter: 361, mse: 0.010094 
iter: 362, mse: 0.010072 
iter: 363, mse: 0.010050 
iter: 364, mse: 0.010028 
iter: 365, mse: 0.010006 
iter: 366, mse: 0.009985, time: 7.343955, total gigaflops: 12.352500, gigaflops pr second: 1.681996 
OMP Gauss Seidel 
last iter 366 
iter: 366, mse: 0.009985, time: 8.292028, total gigaflops: 12.352500, gigaflops pr second: 1.489684 
 
Testing for 200 size
N: 200 
Normal Gauss Seidel 
iter: 0, mse: 0.805867 
iter: 1, mse: 0.495705 
iter: 2, mse: 0.360427 
iter: 3, mse: 0.286614 
iter: 4, mse: 0.240097 
iter: 5, mse: 0.207921 
iter: 6, mse: 0.184213 
iter: 7, mse: 0.165941 
iter: 8, mse: 0.151377 
iter: 9, mse: 0.139464 
iter: 10, mse: 0.129518 
iter: 11, mse: 0.121073 
iter: 12, mse: 0.113801 
iter: 13, mse: 0.107467 
iter: 14, mse: 0.101893 
iter: 15, mse: 0.096946 
iter: 16, mse: 0.092522 
iter: 17, mse: 0.088538 
iter: 18, mse: 0.084931 
iter: 19, mse: 0.081646 
iter: 20, mse: 0.078642 
iter: 21, mse: 0.075881 
iter: 22, mse: 0.073335 
iter: 23, mse: 0.070979 
iter: 24, mse: 0.068790 
iter: 25, mse: 0.066752 
iter: 26, mse: 0.064848 
iter: 27, mse: 0.063066 
iter: 28, mse: 0.061393 
iter: 29, mse: 0.059819 
iter: 30, mse: 0.058335 
iter: 31, mse: 0.056934 
iter: 32, mse: 0.055609 
iter: 33, mse: 0.054353 
iter: 34, mse: 0.053160 
iter: 35, mse: 0.052027 
iter: 36, mse: 0.050947 
iter: 37, mse: 0.049919 
iter: 38, mse: 0.048937 
iter: 39, mse: 0.047998 
iter: 40, mse: 0.047101 
iter: 41, mse: 0.046241 
iter: 42, mse: 0.045416 
iter: 43, mse: 0.044625 
iter: 44, mse: 0.043865 
iter: 45, mse: 0.043134 
iter: 46, mse: 0.042431 
iter: 47, mse: 0.041754 
iter: 48, mse: 0.041101 
iter: 49, mse: 0.040471 
iter: 50, mse: 0.039863 
iter: 51, mse: 0.039276 
iter: 52, mse: 0.038709 
iter: 53, mse: 0.038160 
iter: 54, mse: 0.037629 
iter: 55, mse: 0.037114 
iter: 56, mse: 0.036616 
iter: 57, mse: 0.036133 
iter: 58, mse: 0.035664 
iter: 59, mse: 0.035209 
iter: 60, mse: 0.034767 
iter: 61, mse: 0.034338 
iter: 62, mse: 0.033921 
iter: 63, mse: 0.033515 
iter: 64, mse: 0.033120 
iter: 65, mse: 0.032736 
iter: 66, mse: 0.032363 
iter: 67, mse: 0.031998 
iter: 68, mse: 0.031643 
iter: 69, mse: 0.031298 
iter: 70, mse: 0.030960 
iter: 71, mse: 0.030631 
iter: 72, mse: 0.030310 
iter: 73, mse: 0.029997 
iter: 74, mse: 0.029691 
iter: 75, mse: 0.029392 
iter: 76, mse: 0.029100 
iter: 77, mse: 0.028814 
iter: 78, mse: 0.028535 
iter: 79, mse: 0.028262 
iter: 80, mse: 0.027996 
iter: 81, mse: 0.027734 
iter: 82, mse: 0.027479 
iter: 83, mse: 0.027228 
iter: 84, mse: 0.026983 
iter: 85, mse: 0.026743 
iter: 86, mse: 0.026508 
iter: 87, mse: 0.026278 
iter: 88, mse: 0.026052 
iter: 89, mse: 0.025830 
iter: 90, mse: 0.025613 
iter: 91, mse: 0.025400 
iter: 92, mse: 0.025191 
iter: 93, mse: 0.024986 
iter: 94, mse: 0.024785 
iter: 95, mse: 0.024587 
iter: 96, mse: 0.024393 
iter: 97, mse: 0.024203 
iter: 98, mse: 0.024016 
iter: 99, mse: 0.023832 
iter: 100, mse: 0.023651 
iter: 101, mse: 0.023474 
iter: 102, mse: 0.023300 
iter: 103, mse: 0.023128 
iter: 104, mse: 0.022960 
iter: 105, mse: 0.022794 
iter: 106, mse: 0.022631 
iter: 107, mse: 0.022471 
iter: 108, mse: 0.022313 
iter: 109, mse: 0.022157 
iter: 110, mse: 0.022005 
iter: 111, mse: 0.021854 
iter: 112, mse: 0.021706 
iter: 113, mse: 0.021561 
iter: 114, mse: 0.021417 
iter: 115, mse: 0.021276 
iter: 116, mse: 0.021137 
iter: 117, mse: 0.020999 
iter: 118, mse: 0.020864 
iter: 119, mse: 0.020731 
iter: 120, mse: 0.020600 
iter: 121, mse: 0.020471 
iter: 122, mse: 0.020343 
iter: 123, mse: 0.020218 
iter: 124, mse: 0.020094 
iter: 125, mse: 0.019972 
iter: 126, mse: 0.019852 
iter: 127, mse: 0.019733 
iter: 128, mse: 0.019616 
iter: 129, mse: 0.019500 
iter: 130, mse: 0.019386 
iter: 131, mse: 0.019274 
iter: 132, mse: 0.019163 
iter: 133, mse: 0.019053 
iter: 134, mse: 0.018945 
iter: 135, mse: 0.018838 
iter: 136, mse: 0.018733 
iter: 137, mse: 0.018629 
iter: 138, mse: 0.018526 
iter: 139, mse: 0.018425 
iter: 140, mse: 0.018325 
iter: 141, mse: 0.018226 
iter: 142, mse: 0.018129 
iter: 143, mse: 0.018032 
iter: 144, mse: 0.017937 
iter: 145, mse: 0.017843 
iter: 146, mse: 0.017750 
iter: 147, mse: 0.017658 
iter: 148, mse: 0.017567 
iter: 149, mse: 0.017477 
iter: 150, mse: 0.017389 
iter: 151, mse: 0.017301 
iter: 152, mse: 0.017214 
iter: 153, mse: 0.017129 
iter: 154, mse: 0.017044 
iter: 155, mse: 0.016960 
iter: 156, mse: 0.016877 
iter: 157, mse: 0.016796 
iter: 158, mse: 0.016715 
iter: 159, mse: 0.016635 
iter: 160, mse: 0.016555 
iter: 161, mse: 0.016477 
iter: 162, mse: 0.016400 
iter: 163, mse: 0.016323 
iter: 164, mse: 0.016247 
iter: 165, mse: 0.016172 
iter: 166, mse: 0.016098 
iter: 167, mse: 0.016024 
iter: 168, mse: 0.015952 
iter: 169, mse: 0.015880 
iter: 170, mse: 0.015808 
iter: 171, mse: 0.015738 
iter: 172, mse: 0.015668 
iter: 173, mse: 0.015599 
iter: 174, mse: 0.015531 
iter: 175, mse: 0.015463 
iter: 176, mse: 0.015396 
iter: 177, mse: 0.015330 
iter: 178, mse: 0.015264 
iter: 179, mse: 0.015199 
iter: 180, mse: 0.015135 
iter: 181, mse: 0.015071 
iter: 182, mse: 0.015008 
iter: 183, mse: 0.014945 
iter: 184, mse: 0.014883 
iter: 185, mse: 0.014822 
iter: 186, mse: 0.014761 
iter: 187, mse: 0.014701 
iter: 188, mse: 0.014641 
iter: 189, mse: 0.014582 
iter: 190, mse: 0.014523 
iter: 191, mse: 0.014465 
iter: 192, mse: 0.014408 
iter: 193, mse: 0.014351 
iter: 194, mse: 0.014294 
iter: 195, mse: 0.014238 
iter: 196, mse: 0.014183 
iter: 197, mse: 0.014128 
iter: 198, mse: 0.014073 
iter: 199, mse: 0.014019 
iter: 200, mse: 0.013966 
iter: 201, mse: 0.013913 
iter: 202, mse: 0.013860 
iter: 203, mse: 0.013808 
iter: 204, mse: 0.013756 
iter: 205, mse: 0.013705 
iter: 206, mse: 0.013654 
iter: 207, mse: 0.013604 
iter: 208, mse: 0.013554 
iter: 209, mse: 0.013504 
iter: 210, mse: 0.013455 
iter: 211, mse: 0.013406 
iter: 212, mse: 0.013358 
iter: 213, mse: 0.013310 
iter: 214, mse: 0.013262 
iter: 215, mse: 0.013215 
iter: 216, mse: 0.013168 
iter: 217, mse: 0.013122 
iter: 218, mse: 0.013076 
iter: 219, mse: 0.013030 
iter: 220, mse: 0.012985 
iter: 221, mse: 0.012940 
iter: 222, mse: 0.012895 
iter: 223, mse: 0.012851 
iter: 224, mse: 0.012807 
iter: 225, mse: 0.012764 
iter: 226, mse: 0.012721 
iter: 227, mse: 0.012678 
iter: 228, mse: 0.012635 
iter: 229, mse: 0.012593 
iter: 230, mse: 0.012551 
iter: 231, mse: 0.012509 
iter: 232, mse: 0.012468 
iter: 233, mse: 0.012427 
iter: 234, mse: 0.012386 
iter: 235, mse: 0.012346 
iter: 236, mse: 0.012306 
iter: 237, mse: 0.012266 
iter: 238, mse: 0.012227 
iter: 239, mse: 0.012188 
iter: 240, mse: 0.012149 
iter: 241, mse: 0.012110 
iter: 242, mse: 0.012072 
iter: 243, mse: 0.012034 
iter: 244, mse: 0.011996 
iter: 245, mse: 0.011958 
iter: 246, mse: 0.011921 
iter: 247, mse: 0.011884 
iter: 248, mse: 0.011847 
iter: 249, mse: 0.011811 
iter: 250, mse: 0.011775 
iter: 251, mse: 0.011739 
iter: 252, mse: 0.011703 
iter: 253, mse: 0.011668 
iter: 254, mse: 0.011632 
iter: 255, mse: 0.011597 
iter: 256, mse: 0.011563 
iter: 257, mse: 0.011528 
iter: 258, mse: 0.011494 
iter: 259, mse: 0.011460 
iter: 260, mse: 0.011426 
iter: 261, mse: 0.011393 
iter: 262, mse: 0.011359 
iter: 263, mse: 0.011326 
iter: 264, mse: 0.011293 
iter: 265, mse: 0.011260 
iter: 266, mse: 0.011228 
iter: 267, mse: 0.011196 
iter: 268, mse: 0.011164 
iter: 269, mse: 0.011132 
iter: 270, mse: 0.011100 
iter: 271, mse: 0.011069 
iter: 272, mse: 0.011038 
iter: 273, mse: 0.011006 
iter: 274, mse: 0.010976 
iter: 275, mse: 0.010945 
iter: 276, mse: 0.010915 
iter: 277, mse: 0.010884 
iter: 278, mse: 0.010854 
iter: 279, mse: 0.010824 
iter: 280, mse: 0.010795 
iter: 281, mse: 0.010765 
iter: 282, mse: 0.010736 
iter: 283, mse: 0.010707 
iter: 284, mse: 0.010678 
iter: 285, mse: 0.010649 
iter: 286, mse: 0.010620 
iter: 287, mse: 0.010592 
iter: 288, mse: 0.010564 
iter: 289, mse: 0.010536 
iter: 290, mse: 0.010508 
iter: 291, mse: 0.010480 
iter: 292, mse: 0.010452 
iter: 293, mse: 0.010425 
iter: 294, mse: 0.010398 
iter: 295, mse: 0.010371 
iter: 296, mse: 0.010344 
iter: 297, mse: 0.010317 
iter: 298, mse: 0.010290 
iter: 299, mse: 0.010264 
iter: 300, mse: 0.010237 
iter: 301, mse: 0.010211 
iter: 302, mse: 0.010185 
iter: 303, mse: 0.010159 
iter: 304, mse: 0.010134 
iter: 305, mse: 0.010108 
iter: 306, mse: 0.010083 
iter: 307, mse: 0.010057 
iter: 308, mse: 0.010032 
iter: 309, mse: 0.010007 
iter: 310, mse: 0.009983, time: 14.896181, total gigaflops: 24.800000, gigaflops pr second: 1.664856 
OMP Gauss Seidel 
last iter 310 
iter: 310, mse: 0.009983, time: 16.326371, total gigaflops: 24.800000, gigaflops pr second: 1.519015 
 
Testing for 250 size
N: 250 
Normal Gauss Seidel 
iter: 0, mse: 0.719927 
iter: 1, mse: 0.443077 
iter: 2, mse: 0.322227 
iter: 3, mse: 0.256271 
iter: 4, mse: 0.214701 
iter: 5, mse: 0.185945 
iter: 6, mse: 0.164755 
iter: 7, mse: 0.148424 
iter: 8, mse: 0.135406 
iter: 9, mse: 0.124759 
iter: 10, mse: 0.115868 
iter: 11, mse: 0.108319 
iter: 12, mse: 0.101819 
iter: 13, mse: 0.096157 
iter: 14, mse: 0.091174 
iter: 15, mse: 0.086751 
iter: 16, mse: 0.082796 
iter: 17, mse: 0.079235 
iter: 18, mse: 0.076010 
iter: 19, mse: 0.073074 
iter: 20, mse: 0.070388 
iter: 21, mse: 0.067920 
iter: 22, mse: 0.065643 
iter: 23, mse: 0.063537 
iter: 24, mse: 0.061580 
iter: 25, mse: 0.059758 
iter: 26, mse: 0.058056 
iter: 27, mse: 0.056462 
iter: 28, mse: 0.054966 
iter: 29, mse: 0.053559 
iter: 30, mse: 0.052232 
iter: 31, mse: 0.050980 
iter: 32, mse: 0.049795 
iter: 33, mse: 0.048671 
iter: 34, mse: 0.047605 
iter: 35, mse: 0.046591 
iter: 36, mse: 0.045626 
iter: 37, mse: 0.044706 
iter: 38, mse: 0.043828 
iter: 39, mse: 0.042989 
iter: 40, mse: 0.042187 
iter: 41, mse: 0.041418 
iter: 42, mse: 0.040680 
iter: 43, mse: 0.039973 
iter: 44, mse: 0.039293 
iter: 45, mse: 0.038640 
iter: 46, mse: 0.038011 
iter: 47, mse: 0.037405 
iter: 48, mse: 0.036822 
iter: 49, mse: 0.036258 
iter: 50, mse: 0.035715 
iter: 51, mse: 0.035190 
iter: 52, mse: 0.034682 
iter: 53, mse: 0.034192 
iter: 54, mse: 0.033716 
iter: 55, mse: 0.033256 
iter: 56, mse: 0.032811 
iter: 57, mse: 0.032378 
iter: 58, mse: 0.031959 
iter: 59, mse: 0.031552 
iter: 60, mse: 0.031157 
iter: 61, mse: 0.030773 
iter: 62, mse: 0.030400 
iter: 63, mse: 0.030037 
iter: 64, mse: 0.029685 
iter: 65, mse: 0.029341 
iter: 66, mse: 0.029007 
iter: 67, mse: 0.028681 
iter: 68, mse: 0.028364 
iter: 69, mse: 0.028054 
iter: 70, mse: 0.027753 
iter: 71, mse: 0.027458 
iter: 72, mse: 0.027171 
iter: 73, mse: 0.026891 
iter: 74, mse: 0.026617 
iter: 75, mse: 0.026350 
iter: 76, mse: 0.026089 
iter: 77, mse: 0.025833 
iter: 78, mse: 0.025584 
iter: 79, mse: 0.025340 
iter: 80, mse: 0.025101 
iter: 81, mse: 0.024867 
iter: 82, mse: 0.024639 
iter: 83, mse: 0.024415 
iter: 84, mse: 0.024195 
iter: 85, mse: 0.023981 
iter: 86, mse: 0.023770 
iter: 87, mse: 0.023564 
iter: 88, mse: 0.023362 
iter: 89, mse: 0.023164 
iter: 90, mse: 0.022970 
iter: 91, mse: 0.022779 
iter: 92, mse: 0.022592 
iter: 93, mse: 0.022409 
iter: 94, mse: 0.022229 
iter: 95, mse: 0.022052 
iter: 96, mse: 0.021879 
iter: 97, mse: 0.021708 
iter: 98, mse: 0.021541 
iter: 99, mse: 0.021377 
iter: 100, mse: 0.021215 
iter: 101, mse: 0.021056 
iter: 102, mse: 0.020900 
iter: 103, mse: 0.020747 
iter: 104, mse: 0.020596 
iter: 105, mse: 0.020448 
iter: 106, mse: 0.020302 
iter: 107, mse: 0.020159 
iter: 108, mse: 0.020018 
iter: 109, mse: 0.019879 
iter: 110, mse: 0.019742 
iter: 111, mse: 0.019608 
iter: 112, mse: 0.019475 
iter: 113, mse: 0.019345 
iter: 114, mse: 0.019216 
iter: 115, mse: 0.019090 
iter: 116, mse: 0.018965 
iter: 117, mse: 0.018843 
iter: 118, mse: 0.018722 
iter: 119, mse: 0.018603 
iter: 120, mse: 0.018485 
iter: 121, mse: 0.018370 
iter: 122, mse: 0.018256 
iter: 123, mse: 0.018143 
iter: 124, mse: 0.018033 
iter: 125, mse: 0.017923 
iter: 126, mse: 0.017816 
iter: 127, mse: 0.017710 
iter: 128, mse: 0.017605 
iter: 129, mse: 0.017501 
iter: 130, mse: 0.017399 
iter: 131, mse: 0.017299 
iter: 132, mse: 0.017199 
iter: 133, mse: 0.017101 
iter: 134, mse: 0.017005 
iter: 135, mse: 0.016909 
iter: 136, mse: 0.016815 
iter: 137, mse: 0.016722 
iter: 138, mse: 0.016630 
iter: 139, mse: 0.016540 
iter: 140, mse: 0.016450 
iter: 141, mse: 0.016362 
iter: 142, mse: 0.016274 
iter: 143, mse: 0.016188 
iter: 144, mse: 0.016103 
iter: 145, mse: 0.016018 
iter: 146, mse: 0.015935 
iter: 147, mse: 0.015853 
iter: 148, mse: 0.015772 
iter: 149, mse: 0.015692 
iter: 150, mse: 0.015612 
iter: 151, mse: 0.015534 
iter: 152, mse: 0.015456 
iter: 153, mse: 0.015380 
iter: 154, mse: 0.015304 
iter: 155, mse: 0.015229 
iter: 156, mse: 0.015155 
iter: 157, mse: 0.015082 
iter: 158, mse: 0.015009 
iter: 159, mse: 0.014937 
iter: 160, mse: 0.014867 
iter: 161, mse: 0.014797 
iter: 162, mse: 0.014727 
iter: 163, mse: 0.014659 
iter: 164, mse: 0.014591 
iter: 165, mse: 0.014524 
iter: 166, mse: 0.014457 
iter: 167, mse: 0.014391 
iter: 168, mse: 0.014326 
iter: 169, mse: 0.014262 
iter: 170, mse: 0.014198 
iter: 171, mse: 0.014135 
iter: 172, mse: 0.014073 
iter: 173, mse: 0.014011 
iter: 174, mse: 0.013950 
iter: 175, mse: 0.013889 
iter: 176, mse: 0.013829 
iter: 177, mse: 0.013770 
iter: 178, mse: 0.013711 
iter: 179, mse: 0.013653 
iter: 180, mse: 0.013595 
iter: 181, mse: 0.013538 
iter: 182, mse: 0.013482 
iter: 183, mse: 0.013426 
iter: 184, mse: 0.013370 
iter: 185, mse: 0.013315 
iter: 186, mse: 0.013261 
iter: 187, mse: 0.013207 
iter: 188, mse: 0.013154 
iter: 189, mse: 0.013101 
iter: 190, mse: 0.013048 
iter: 191, mse: 0.012996 
iter: 192, mse: 0.012945 
iter: 193, mse: 0.012894 
iter: 194, mse: 0.012843 
iter: 195, mse: 0.012793 
iter: 196, mse: 0.012744 
iter: 197, mse: 0.012694 
iter: 198, mse: 0.012646 
iter: 199, mse: 0.012597 
iter: 200, mse: 0.012549 
iter: 201, mse: 0.012502 
iter: 202, mse: 0.012455 
iter: 203, mse: 0.012408 
iter: 204, mse: 0.012362 
iter: 205, mse: 0.012316 
iter: 206, mse: 0.012271 
iter: 207, mse: 0.012225 
iter: 208, mse: 0.012181 
iter: 209, mse: 0.012136 
iter: 210, mse: 0.012092 
iter: 211, mse: 0.012049 
iter: 212, mse: 0.012006 
iter: 213, mse: 0.011963 
iter: 214, mse: 0.011920 
iter: 215, mse: 0.011878 
iter: 216, mse: 0.011836 
iter: 217, mse: 0.011794 
iter: 218, mse: 0.011753 
iter: 219, mse: 0.011712 
iter: 220, mse: 0.011672 
iter: 221, mse: 0.011632 
iter: 222, mse: 0.011592 
iter: 223, mse: 0.011552 
iter: 224, mse: 0.011513 
iter: 225, mse: 0.011474 
iter: 226, mse: 0.011435 
iter: 227, mse: 0.011397 
iter: 228, mse: 0.011359 
iter: 229, mse: 0.011321 
iter: 230, mse: 0.011284 
iter: 231, mse: 0.011246 
iter: 232, mse: 0.011209 
iter: 233, mse: 0.011173 
iter: 234, mse: 0.011136 
iter: 235, mse: 0.011100 
iter: 236, mse: 0.011064 
iter: 237, mse: 0.011029 
iter: 238, mse: 0.010994 
iter: 239, mse: 0.010959 
iter: 240, mse: 0.010924 
iter: 241, mse: 0.010889 
iter: 242, mse: 0.010855 
iter: 243, mse: 0.010821 
iter: 244, mse: 0.010787 
iter: 245, mse: 0.010754 
iter: 246, mse: 0.010720 
iter: 247, mse: 0.010687 
iter: 248, mse: 0.010654 
iter: 249, mse: 0.010622 
iter: 250, mse: 0.010589 
iter: 251, mse: 0.010557 
iter: 252, mse: 0.010525 
iter: 253, mse: 0.010493 
iter: 254, mse: 0.010462 
iter: 255, mse: 0.010431 
iter: 256, mse: 0.010400 
iter: 257, mse: 0.010369 
iter: 258, mse: 0.010338 
iter: 259, mse: 0.010308 
iter: 260, mse: 0.010277 
iter: 261, mse: 0.010247 
iter: 262, mse: 0.010217 
iter: 263, mse: 0.010188 
iter: 264, mse: 0.010158 
iter: 265, mse: 0.010129 
iter: 266, mse: 0.010100 
iter: 267, mse: 0.010071 
iter: 268, mse: 0.010043 
iter: 269, mse: 0.010014 
iter: 270, mse: 0.009986, time: 25.570562, total gigaflops: 42.187500, gigaflops pr second: 1.649846 
OMP Gauss Seidel 
last iter 270 
iter: 270, mse: 0.009986, time: 27.530623, total gigaflops: 42.187500, gigaflops pr second: 1.532384 
 
Testing for 300 size
N: 300 
Normal Gauss Seidel 
iter: 0, mse: 0.656676 
iter: 1, mse: 0.404293 
iter: 2, mse: 0.294062 
iter: 3, mse: 0.233891 
iter: 4, mse: 0.195965 
iter: 5, mse: 0.169728 
iter: 6, mse: 0.150394 
iter: 7, mse: 0.135493 
iter: 8, mse: 0.123615 
iter: 9, mse: 0.113899 
iter: 10, mse: 0.105787 
iter: 11, mse: 0.098898 
iter: 12, mse: 0.092967 
iter: 13, mse: 0.087800 
iter: 14, mse: 0.083253 
iter: 15, mse: 0.079217 
iter: 16, mse: 0.075608 
iter: 17, mse: 0.072358 
iter: 18, mse: 0.069415 
iter: 19, mse: 0.066735 
iter: 20, mse: 0.064284 
iter: 21, mse: 0.062032 
iter: 22, mse: 0.059955 
iter: 23, mse: 0.058032 
iter: 24, mse: 0.056246 
iter: 25, mse: 0.054583 
iter: 26, mse: 0.053030 
iter: 27, mse: 0.051575 
iter: 28, mse: 0.050210 
iter: 29, mse: 0.048926 
iter: 30, mse: 0.047715 
iter: 31, mse: 0.046572 
iter: 32, mse: 0.045490 
iter: 33, mse: 0.044465 
iter: 34, mse: 0.043492 
iter: 35, mse: 0.042567 
iter: 36, mse: 0.041686 
iter: 37, mse: 0.040846 
iter: 38, mse: 0.040045 
iter: 39, mse: 0.039279 
iter: 40, mse: 0.038546 
iter: 41, mse: 0.037845 
iter: 42, mse: 0.037172 
iter: 43, mse: 0.036526 
iter: 44, mse: 0.035906 
iter: 45, mse: 0.035309 
iter: 46, mse: 0.034735 
iter: 47, mse: 0.034182 
iter: 48, mse: 0.033649 
iter: 49, mse: 0.033135 
iter: 50, mse: 0.032639 
iter: 51, mse: 0.032160 
iter: 52, mse: 0.031697 
iter: 53, mse: 0.031249 
iter: 54, mse: 0.030815 
iter: 55, mse: 0.030395 
iter: 56, mse: 0.029988 
iter: 57, mse: 0.029594 
iter: 58, mse: 0.029211 
iter: 59, mse: 0.028840 
iter: 60, mse: 0.028479 
iter: 61, mse: 0.028129 
iter: 62, mse: 0.027788 
iter: 63, mse: 0.027457 
iter: 64, mse: 0.027135 
iter: 65, mse: 0.026821 
iter: 66, mse: 0.026516 
iter: 67, mse: 0.026219 
iter: 68, mse: 0.025929 
iter: 69, mse: 0.025647 
iter: 70, mse: 0.025371 
iter: 71, mse: 0.025103 
iter: 72, mse: 0.024840 
iter: 73, mse: 0.024585 
iter: 74, mse: 0.024335 
iter: 75, mse: 0.024091 
iter: 76, mse: 0.023852 
iter: 77, mse: 0.023619 
iter: 78, mse: 0.023391 
iter: 79, mse: 0.023169 
iter: 80, mse: 0.022951 
iter: 81, mse: 0.022737 
iter: 82, mse: 0.022529 
iter: 83, mse: 0.022324 
iter: 84, mse: 0.022124 
iter: 85, mse: 0.021928 
iter: 86, mse: 0.021736 
iter: 87, mse: 0.021548 
iter: 88, mse: 0.021363 
iter: 89, mse: 0.021182 
iter: 90, mse: 0.021005 
iter: 91, mse: 0.020831 
iter: 92, mse: 0.020661 
iter: 93, mse: 0.020493 
iter: 94, mse: 0.020329 
iter: 95, mse: 0.020167 
iter: 96, mse: 0.020009 
iter: 97, mse: 0.019854 
iter: 98, mse: 0.019701 
iter: 99, mse: 0.019551 
iter: 100, mse: 0.019403 
iter: 101, mse: 0.019258 
iter: 102, mse: 0.019116 
iter: 103, mse: 0.018976 
iter: 104, mse: 0.018838 
iter: 105, mse: 0.018703 
iter: 106, mse: 0.018570 
iter: 107, mse: 0.018439 
iter: 108, mse: 0.018310 
iter: 109, mse: 0.018183 
iter: 110, mse: 0.018058 
iter: 111, mse: 0.017936 
iter: 112, mse: 0.017815 
iter: 113, mse: 0.017696 
iter: 114, mse: 0.017578 
iter: 115, mse: 0.017463 
iter: 116, mse: 0.017349 
iter: 117, mse: 0.017237 
iter: 118, mse: 0.017127 
iter: 119, mse: 0.017018 
iter: 120, mse: 0.016911 
iter: 121, mse: 0.016806 
iter: 122, mse: 0.016701 
iter: 123, mse: 0.016599 
iter: 124, mse: 0.016498 
iter: 125, mse: 0.016398 
iter: 126, mse: 0.016300 
iter: 127, mse: 0.016203 
iter: 128, mse: 0.016107 
iter: 129, mse: 0.016013 
iter: 130, mse: 0.015919 
iter: 131, mse: 0.015828 
iter: 132, mse: 0.015737 
iter: 133, mse: 0.015647 
iter: 134, mse: 0.015559 
iter: 135, mse: 0.015472 
iter: 136, mse: 0.015386 
iter: 137, mse: 0.015301 
iter: 138, mse: 0.015217 
iter: 139, mse: 0.015134 
iter: 140, mse: 0.015053 
iter: 141, mse: 0.014972 
iter: 142, mse: 0.014892 
iter: 143, mse: 0.014813 
iter: 144, mse: 0.014735 
iter: 145, mse: 0.014659 
iter: 146, mse: 0.014583 
iter: 147, mse: 0.014508 
iter: 148, mse: 0.014433 
iter: 149, mse: 0.014360 
iter: 150, mse: 0.014288 
iter: 151, mse: 0.014216 
iter: 152, mse: 0.014145 
iter: 153, mse: 0.014075 
iter: 154, mse: 0.014006 
iter: 155, mse: 0.013938 
iter: 156, mse: 0.013870 
iter: 157, mse: 0.013803 
iter: 158, mse: 0.013737 
iter: 159, mse: 0.013672 
iter: 160, mse: 0.013607 
iter: 161, mse: 0.013543 
iter: 162, mse: 0.013480 
iter: 163, mse: 0.013417 
iter: 164, mse: 0.013355 
iter: 165, mse: 0.013294 
iter: 166, mse: 0.013233 
iter: 167, mse: 0.013173 
iter: 168, mse: 0.013114 
iter: 169, mse: 0.013055 
iter: 170, mse: 0.012997 
iter: 171, mse: 0.012939 
iter: 172, mse: 0.012882 
iter: 173, mse: 0.012826 
iter: 174, mse: 0.012770 
iter: 175, mse: 0.012714 
iter: 176, mse: 0.012660 
iter: 177, mse: 0.012605 
iter: 178, mse: 0.012552 
iter: 179, mse: 0.012499 
iter: 180, mse: 0.012446 
iter: 181, mse: 0.012394 
iter: 182, mse: 0.012342 
iter: 183, mse: 0.012291 
iter: 184, mse: 0.012240 
iter: 185, mse: 0.012190 
iter: 186, mse: 0.012141 
iter: 187, mse: 0.012091 
iter: 188, mse: 0.012043 
iter: 189, mse: 0.011994 
iter: 190, mse: 0.011946 
iter: 191, mse: 0.011899 
iter: 192, mse: 0.011852 
iter: 193, mse: 0.011805 
iter: 194, mse: 0.011759 
iter: 195, mse: 0.011714 
iter: 196, mse: 0.011668 
iter: 197, mse: 0.011623 
iter: 198, mse: 0.011579 
iter: 199, mse: 0.011535 
iter: 200, mse: 0.011491 
iter: 201, mse: 0.011447 
iter: 202, mse: 0.011404 
iter: 203, mse: 0.011362 
iter: 204, mse: 0.011320 
iter: 205, mse: 0.011278 
iter: 206, mse: 0.011236 
iter: 207, mse: 0.011195 
iter: 208, mse: 0.011154 
iter: 209, mse: 0.011114 
iter: 210, mse: 0.011073 
iter: 211, mse: 0.011034 
iter: 212, mse: 0.010994 
iter: 213, mse: 0.010955 
iter: 214, mse: 0.010916 
iter: 215, mse: 0.010878 
iter: 216, mse: 0.010839 
iter: 217, mse: 0.010801 
iter: 218, mse: 0.010764 
iter: 219, mse: 0.010726 
iter: 220, mse: 0.010689 
iter: 221, mse: 0.010653 
iter: 222, mse: 0.010616 
iter: 223, mse: 0.010580 
iter: 224, mse: 0.010544 
iter: 225, mse: 0.010509 
iter: 226, mse: 0.010473 
iter: 227, mse: 0.010438 
iter: 228, mse: 0.010404 
iter: 229, mse: 0.010369 
iter: 230, mse: 0.010335 
iter: 231, mse: 0.010301 
iter: 232, mse: 0.010267 
iter: 233, mse: 0.010234 
iter: 234, mse: 0.010200 
iter: 235, mse: 0.010167 
iter: 236, mse: 0.010135 
iter: 237, mse: 0.010102 
iter: 238, mse: 0.010070 
iter: 239, mse: 0.010038 
iter: 240, mse: 0.010006 
iter: 241, mse: 0.009975, time: 38.740346, total gigaflops: 65.070000, gigaflops pr second: 1.679644 
OMP Gauss Seidel 
last iter 241 
iter: 241, mse: 0.009975, time: 41.340797, total gigaflops: 65.070000, gigaflops pr second: 1.573990 

------------------------------------------------------------
Sender: LSF System <lsfadmin@hpc.dtu.dk>
Subject: Job 15178315: <gauss_basic> in cluster <dcc> Done

Job <gauss_basic> was submitted from host <gbarlogin2> by user <s183997> in cluster <dcc> at Fri Jan 13 10:57:56 2023
Job was executed on host(s) <16*n-62-21-75>, in queue <hpcintro>, as user <s183997> in cluster <dcc> at Fri Jan 13 10:57:56 2023
</zhome/69/1/137385> was used as the home directory.
</zhome/69/1/137385/Desktop/hpc_course/assignment2/Poisson3D> was used as the working directory.
Started at Fri Jan 13 10:57:56 2023
Terminated at Fri Jan 13 11:01:06 2023
Results reported at Fri Jan 13 11:01:06 2023

Your job looked like:

------------------------------------------------------------
# LSBATCH: User input
#!/bin/bash
# 02614 - High-Performance Computing, January 2022
# 
# batch script to run matmult on a decidated server in the hpcintro
# queue
#
# Author: Bernd Dammann <bd@cc.dtu.dk>
#
#BSUB -J gauss_basic
#BSUB -o gauss_basic%J.out
#BSUB -q hpcintro
#BSUB -n 16
#BSUB -R "rusage[mem=8GB]"
#BSUB -W 60
#BSUB -R "span[hosts=1]"

for size in 10 50 100 150 200 250 300; do
    echo " "
    echo "Testing for $size size"
    ./poisson_gs $size 1000 0.01 0.0
done

------------------------------------------------------------

Successfully completed.

Resource usage summary:

    CPU time :                                   188.43 sec.
    Max Memory :                                 847 MB
    Average Memory :                             602.00 MB
    Total Requested Memory :                     131072.00 MB
    Delta Memory :                               130225.00 MB
    Max Swap :                                   -
    Max Processes :                              4
    Max Threads :                                5
    Run time :                                   226 sec.
    Turnaround time :                            190 sec.

The output (if any) is above this job summary.

