 
Testing for 10 size
iter: 0, mse: 2.724196 
iter: 1, mse: 1.755130 
iter: 2, mse: 1.304355 
iter: 3, mse: 1.044921 
iter: 4, mse: 0.875986 
iter: 5, mse: 0.756559 
iter: 6, mse: 0.667200 
iter: 7, mse: 0.597557 
iter: 8, mse: 0.541615 
iter: 9, mse: 0.495623 
iter: 10, mse: 0.457103 
iter: 11, mse: 0.424337 
iter: 12, mse: 0.396085 
iter: 13, mse: 0.371427 
iter: 14, mse: 0.349661 
iter: 15, mse: 0.330248 
iter: 16, mse: 0.312767 
iter: 17, mse: 0.296885 
iter: 18, mse: 0.282342 
iter: 19, mse: 0.268931 
iter: 20, mse: 0.256485 
iter: 21, mse: 0.244874 
iter: 22, mse: 0.233990 
iter: 23, mse: 0.223749 
iter: 24, mse: 0.214081 
iter: 25, mse: 0.204927 
iter: 26, mse: 0.196242 
iter: 27, mse: 0.187984 
iter: 28, mse: 0.180121 
iter: 29, mse: 0.172624 
iter: 30, mse: 0.165469 
iter: 31, mse: 0.158633 
iter: 32, mse: 0.152098 
iter: 33, mse: 0.145848 
iter: 34, mse: 0.139865 
iter: 35, mse: 0.134138 
iter: 36, mse: 0.128653 
iter: 37, mse: 0.123398 
iter: 38, mse: 0.118363 
iter: 39, mse: 0.113538 
iter: 40, mse: 0.108912 
iter: 41, mse: 0.104478 
iter: 42, mse: 0.100227 
iter: 43, mse: 0.096151 
iter: 44, mse: 0.092242 
iter: 45, mse: 0.088493 
iter: 46, mse: 0.084898 
iter: 47, mse: 0.081450 
iter: 48, mse: 0.078142 
iter: 49, mse: 0.074970 
iter: 50, mse: 0.071927 
iter: 51, mse: 0.069008 
iter: 52, mse: 0.066209 
iter: 53, mse: 0.063523 
iter: 54, mse: 0.060946 
iter: 55, mse: 0.058474 
iter: 56, mse: 0.056103 
iter: 57, mse: 0.053828 
iter: 58, mse: 0.051645 
iter: 59, mse: 0.049551 
iter: 60, mse: 0.047543 
iter: 61, mse: 0.045615 
iter: 62, mse: 0.043766 
iter: 63, mse: 0.041992 
iter: 64, mse: 0.040290 
iter: 65, mse: 0.038657 
iter: 66, mse: 0.037091 
iter: 67, mse: 0.035588 
iter: 68, mse: 0.034146 
iter: 69, mse: 0.032762 
iter: 70, mse: 0.031434 
iter: 71, mse: 0.030161 
iter: 72, mse: 0.028939 
iter: 73, mse: 0.027766 
iter: 74, mse: 0.026641 
iter: 75, mse: 0.025562 
iter: 76, mse: 0.024526 
iter: 77, mse: 0.023532 
iter: 78, mse: 0.022579 
iter: 79, mse: 0.021664 
iter: 80, mse: 0.020787 
iter: 81, mse: 0.019944 
iter: 82, mse: 0.019136 
iter: 83, mse: 0.018361 
iter: 84, mse: 0.017617 
iter: 85, mse: 0.016904 
iter: 86, mse: 0.016219 
iter: 87, mse: 0.015562 
iter: 88, mse: 0.014931 
iter: 89, mse: 0.014327 
iter: 90, mse: 0.013746 
iter: 91, mse: 0.013189 
iter: 92, mse: 0.012655 
iter: 93, mse: 0.012142 
iter: 94, mse: 0.011651 
iter: 95, mse: 0.011179 
iter: 96, mse: 0.010726 
iter: 97, mse: 0.010291 
last iter 98 
iter: 98, mse: 0.009874, time: 0.000564, total gigaflops: 0.000980, gigaflops pr second: 1.738248 
 
Testing for 50 size
N: 50 
iter: 0, mse: 1.087586 
iter: 1, mse: 0.736856 
iter: 2, mse: 0.557889 
iter: 3, mse: 0.452438 
iter: 4, mse: 0.383320 
iter: 5, mse: 0.334390 
iter: 6, mse: 0.297783 
iter: 7, mse: 0.269258 
iter: 8, mse: 0.246334 
iter: 9, mse: 0.227462 
iter: 10, mse: 0.211621 
iter: 11, mse: 0.198113 
iter: 12, mse: 0.186439 
iter: 13, mse: 0.176238 
iter: 14, mse: 0.167237 
iter: 15, mse: 0.159228 
iter: 16, mse: 0.152051 
iter: 17, mse: 0.145577 
iter: 18, mse: 0.139704 
iter: 19, mse: 0.134348 
iter: 20, mse: 0.129442 
iter: 21, mse: 0.124929 
iter: 22, mse: 0.120761 
iter: 23, mse: 0.116899 
iter: 24, mse: 0.113310 
iter: 25, mse: 0.109963 
iter: 26, mse: 0.106835 
iter: 27, mse: 0.103903 
iter: 28, mse: 0.101149 
iter: 29, mse: 0.098556 
iter: 30, mse: 0.096110 
iter: 31, mse: 0.093799 
iter: 32, mse: 0.091611 
iter: 33, mse: 0.089536 
iter: 34, mse: 0.087565 
iter: 35, mse: 0.085691 
iter: 36, mse: 0.083905 
iter: 37, mse: 0.082202 
iter: 38, mse: 0.080575 
iter: 39, mse: 0.079020 
iter: 40, mse: 0.077532 
iter: 41, mse: 0.076105 
iter: 42, mse: 0.074737 
iter: 43, mse: 0.073423 
iter: 44, mse: 0.072160 
iter: 45, mse: 0.070946 
iter: 46, mse: 0.069777 
iter: 47, mse: 0.068650 
iter: 48, mse: 0.067564 
iter: 49, mse: 0.066515 
iter: 50, mse: 0.065503 
iter: 51, mse: 0.064525 
iter: 52, mse: 0.063579 
iter: 53, mse: 0.062664 
iter: 54, mse: 0.061778 
iter: 55, mse: 0.060919 
iter: 56, mse: 0.060087 
iter: 57, mse: 0.059280 
iter: 58, mse: 0.058497 
iter: 59, mse: 0.057736 
iter: 60, mse: 0.056998 
iter: 61, mse: 0.056280 
iter: 62, mse: 0.055582 
iter: 63, mse: 0.054903 
iter: 64, mse: 0.054243 
iter: 65, mse: 0.053600 
iter: 66, mse: 0.052973 
iter: 67, mse: 0.052363 
iter: 68, mse: 0.051768 
iter: 69, mse: 0.051188 
iter: 70, mse: 0.050622 
iter: 71, mse: 0.050070 
iter: 72, mse: 0.049531 
iter: 73, mse: 0.049005 
iter: 74, mse: 0.048491 
iter: 75, mse: 0.047989 
iter: 76, mse: 0.047498 
iter: 77, mse: 0.047019 
iter: 78, mse: 0.046549 
iter: 79, mse: 0.046090 
iter: 80, mse: 0.045641 
iter: 81, mse: 0.045202 
iter: 82, mse: 0.044771 
iter: 83, mse: 0.044350 
iter: 84, mse: 0.043937 
iter: 85, mse: 0.043533 
iter: 86, mse: 0.043136 
iter: 87, mse: 0.042748 
iter: 88, mse: 0.042367 
iter: 89, mse: 0.041993 
iter: 90, mse: 0.041627 
iter: 91, mse: 0.041268 
iter: 92, mse: 0.040915 
iter: 93, mse: 0.040569 
iter: 94, mse: 0.040229 
iter: 95, mse: 0.039895 
iter: 96, mse: 0.039568 
iter: 97, mse: 0.039246 
iter: 98, mse: 0.038930 
iter: 99, mse: 0.038619 
iter: 100, mse: 0.038313 
iter: 101, mse: 0.038013 
iter: 102, mse: 0.037718 
iter: 103, mse: 0.037428 
iter: 104, mse: 0.037143 
iter: 105, mse: 0.036862 
iter: 106, mse: 0.036586 
iter: 107, mse: 0.036314 
iter: 108, mse: 0.036047 
iter: 109, mse: 0.035784 
iter: 110, mse: 0.035525 
iter: 111, mse: 0.035270 
iter: 112, mse: 0.035019 
iter: 113, mse: 0.034772 
iter: 114, mse: 0.034529 
iter: 115, mse: 0.034289 
iter: 116, mse: 0.034053 
iter: 117, mse: 0.033820 
iter: 118, mse: 0.033591 
iter: 119, mse: 0.033365 
iter: 120, mse: 0.033142 
iter: 121, mse: 0.032922 
iter: 122, mse: 0.032706 
iter: 123, mse: 0.032492 
iter: 124, mse: 0.032282 
iter: 125, mse: 0.032074 
iter: 126, mse: 0.031869 
iter: 127, mse: 0.031668 
iter: 128, mse: 0.031468 
iter: 129, mse: 0.031272 
iter: 130, mse: 0.031078 
iter: 131, mse: 0.030886 
iter: 132, mse: 0.030697 
iter: 133, mse: 0.030511 
iter: 134, mse: 0.030327 
iter: 135, mse: 0.030145 
iter: 136, mse: 0.029966 
iter: 137, mse: 0.029789 
iter: 138, mse: 0.029614 
iter: 139, mse: 0.029441 
iter: 140, mse: 0.029271 
iter: 141, mse: 0.029102 
iter: 142, mse: 0.028936 
iter: 143, mse: 0.028771 
iter: 144, mse: 0.028609 
iter: 145, mse: 0.028448 
iter: 146, mse: 0.028290 
iter: 147, mse: 0.028133 
iter: 148, mse: 0.027978 
iter: 149, mse: 0.027825 
iter: 150, mse: 0.027673 
iter: 151, mse: 0.027524 
iter: 152, mse: 0.027376 
iter: 153, mse: 0.027230 
iter: 154, mse: 0.027085 
iter: 155, mse: 0.026942 
iter: 156, mse: 0.026800 
iter: 157, mse: 0.026661 
iter: 158, mse: 0.026522 
iter: 159, mse: 0.026385 
iter: 160, mse: 0.026250 
iter: 161, mse: 0.026116 
iter: 162, mse: 0.025984 
iter: 163, mse: 0.025853 
iter: 164, mse: 0.025723 
iter: 165, mse: 0.025595 
iter: 166, mse: 0.025468 
iter: 167, mse: 0.025342 
iter: 168, mse: 0.025218 
iter: 169, mse: 0.025095 
iter: 170, mse: 0.024973 
iter: 171, mse: 0.024852 
iter: 172, mse: 0.024733 
iter: 173, mse: 0.024615 
iter: 174, mse: 0.024498 
iter: 175, mse: 0.024382 
iter: 176, mse: 0.024268 
iter: 177, mse: 0.024154 
iter: 178, mse: 0.024042 
iter: 179, mse: 0.023930 
iter: 180, mse: 0.023820 
iter: 181, mse: 0.023711 
iter: 182, mse: 0.023603 
iter: 183, mse: 0.023496 
iter: 184, mse: 0.023389 
iter: 185, mse: 0.023284 
iter: 186, mse: 0.023180 
iter: 187, mse: 0.023077 
iter: 188, mse: 0.022975 
iter: 189, mse: 0.022874 
iter: 190, mse: 0.022773 
iter: 191, mse: 0.022674 
iter: 192, mse: 0.022575 
iter: 193, mse: 0.022478 
iter: 194, mse: 0.022381 
iter: 195, mse: 0.022285 
iter: 196, mse: 0.022190 
iter: 197, mse: 0.022096 
iter: 198, mse: 0.022003 
iter: 199, mse: 0.021910 
iter: 200, mse: 0.021818 
iter: 201, mse: 0.021727 
iter: 202, mse: 0.021637 
iter: 203, mse: 0.021548 
iter: 204, mse: 0.021459 
iter: 205, mse: 0.021372 
iter: 206, mse: 0.021284 
iter: 207, mse: 0.021198 
iter: 208, mse: 0.021112 
iter: 209, mse: 0.021028 
iter: 210, mse: 0.020943 
iter: 211, mse: 0.020860 
iter: 212, mse: 0.020777 
iter: 213, mse: 0.020695 
iter: 214, mse: 0.020614 
iter: 215, mse: 0.020533 
iter: 216, mse: 0.020453 
iter: 217, mse: 0.020373 
iter: 218, mse: 0.020294 
iter: 219, mse: 0.020216 
iter: 220, mse: 0.020139 
iter: 221, mse: 0.020062 
iter: 222, mse: 0.019985 
iter: 223, mse: 0.019910 
iter: 224, mse: 0.019835 
iter: 225, mse: 0.019760 
iter: 226, mse: 0.019686 
iter: 227, mse: 0.019613 
iter: 228, mse: 0.019540 
iter: 229, mse: 0.019467 
iter: 230, mse: 0.019396 
iter: 231, mse: 0.019325 
iter: 232, mse: 0.019254 
iter: 233, mse: 0.019184 
iter: 234, mse: 0.019114 
iter: 235, mse: 0.019045 
iter: 236, mse: 0.018977 
iter: 237, mse: 0.018909 
iter: 238, mse: 0.018841 
iter: 239, mse: 0.018774 
iter: 240, mse: 0.018708 
iter: 241, mse: 0.018642 
iter: 242, mse: 0.018576 
iter: 243, mse: 0.018511 
iter: 244, mse: 0.018446 
iter: 245, mse: 0.018382 
iter: 246, mse: 0.018319 
iter: 247, mse: 0.018255 
iter: 248, mse: 0.018193 
iter: 249, mse: 0.018130 
iter: 250, mse: 0.018068 
iter: 251, mse: 0.018007 
iter: 252, mse: 0.017946 
iter: 253, mse: 0.017885 
iter: 254, mse: 0.017825 
iter: 255, mse: 0.017765 
iter: 256, mse: 0.017706 
iter: 257, mse: 0.017647 
iter: 258, mse: 0.017589 
iter: 259, mse: 0.017531 
iter: 260, mse: 0.017473 
iter: 261, mse: 0.017415 
iter: 262, mse: 0.017359 
iter: 263, mse: 0.017302 
iter: 264, mse: 0.017246 
iter: 265, mse: 0.017190 
iter: 266, mse: 0.017134 
iter: 267, mse: 0.017079 
iter: 268, mse: 0.017025 
iter: 269, mse: 0.016970 
iter: 270, mse: 0.016916 
iter: 271, mse: 0.016863 
iter: 272, mse: 0.016809 
iter: 273, mse: 0.016756 
iter: 274, mse: 0.016704 
iter: 275, mse: 0.016651 
iter: 276, mse: 0.016599 
iter: 277, mse: 0.016548 
iter: 278, mse: 0.016497 
iter: 279, mse: 0.016446 
iter: 280, mse: 0.016395 
iter: 281, mse: 0.016345 
iter: 282, mse: 0.016295 
iter: 283, mse: 0.016245 
iter: 284, mse: 0.016195 
iter: 285, mse: 0.016146 
iter: 286, mse: 0.016098 
iter: 287, mse: 0.016049 
iter: 288, mse: 0.016001 
iter: 289, mse: 0.015953 
iter: 290, mse: 0.015905 
iter: 291, mse: 0.015858 
iter: 292, mse: 0.015811 
iter: 293, mse: 0.015764 
iter: 294, mse: 0.015718 
iter: 295, mse: 0.015671 
iter: 296, mse: 0.015625 
iter: 297, mse: 0.015580 
iter: 298, mse: 0.015534 
iter: 299, mse: 0.015489 
iter: 300, mse: 0.015444 
iter: 301, mse: 0.015400 
iter: 302, mse: 0.015355 
iter: 303, mse: 0.015311 
iter: 304, mse: 0.015267 
iter: 305, mse: 0.015224 
iter: 306, mse: 0.015180 
iter: 307, mse: 0.015137 
iter: 308, mse: 0.015094 
iter: 309, mse: 0.015052 
iter: 310, mse: 0.015009 
iter: 311, mse: 0.014967 
iter: 312, mse: 0.014925 
iter: 313, mse: 0.014884 
iter: 314, mse: 0.014842 
iter: 315, mse: 0.014801 
iter: 316, mse: 0.014760 
iter: 317, mse: 0.014719 
iter: 318, mse: 0.014679 
iter: 319, mse: 0.014638 
iter: 320, mse: 0.014598 
iter: 321, mse: 0.014558 
iter: 322, mse: 0.014518 
iter: 323, mse: 0.014479 
iter: 324, mse: 0.014440 
iter: 325, mse: 0.014401 
iter: 326, mse: 0.014362 
iter: 327, mse: 0.014323 
iter: 328, mse: 0.014285 
iter: 329, mse: 0.014246 
iter: 330, mse: 0.014208 
iter: 331, mse: 0.014170 
iter: 332, mse: 0.014133 
iter: 333, mse: 0.014095 
iter: 334, mse: 0.014058 
iter: 335, mse: 0.014021 
iter: 336, mse: 0.013984 
iter: 337, mse: 0.013947 
iter: 338, mse: 0.013911 
iter: 339, mse: 0.013874 
iter: 340, mse: 0.013838 
iter: 341, mse: 0.013802 
iter: 342, mse: 0.013766 
iter: 343, mse: 0.013730 
iter: 344, mse: 0.013695 
iter: 345, mse: 0.013660 
iter: 346, mse: 0.013625 
iter: 347, mse: 0.013590 
iter: 348, mse: 0.013555 
iter: 349, mse: 0.013520 
iter: 350, mse: 0.013486 
iter: 351, mse: 0.013451 
iter: 352, mse: 0.013417 
iter: 353, mse: 0.013383 
iter: 354, mse: 0.013349 
iter: 355, mse: 0.013316 
iter: 356, mse: 0.013282 
iter: 357, mse: 0.013249 
iter: 358, mse: 0.013216 
iter: 359, mse: 0.013183 
iter: 360, mse: 0.013150 
iter: 361, mse: 0.013117 
iter: 362, mse: 0.013084 
iter: 363, mse: 0.013052 
iter: 364, mse: 0.013020 
iter: 365, mse: 0.012987 
iter: 366, mse: 0.012955 
iter: 367, mse: 0.012924 
iter: 368, mse: 0.012892 
iter: 369, mse: 0.012860 
iter: 370, mse: 0.012829 
iter: 371, mse: 0.012797 
iter: 372, mse: 0.012766 
iter: 373, mse: 0.012735 
iter: 374, mse: 0.012704 
iter: 375, mse: 0.012673 
iter: 376, mse: 0.012643 
iter: 377, mse: 0.012612 
iter: 378, mse: 0.012582 
iter: 379, mse: 0.012552 
iter: 380, mse: 0.012522 
iter: 381, mse: 0.012492 
iter: 382, mse: 0.012462 
iter: 383, mse: 0.012432 
iter: 384, mse: 0.012402 
iter: 385, mse: 0.012373 
iter: 386, mse: 0.012343 
iter: 387, mse: 0.012314 
iter: 388, mse: 0.012285 
iter: 389, mse: 0.012256 
iter: 390, mse: 0.012227 
iter: 391, mse: 0.012198 
iter: 392, mse: 0.012170 
iter: 393, mse: 0.012141 
iter: 394, mse: 0.012113 
iter: 395, mse: 0.012084 
iter: 396, mse: 0.012056 
iter: 397, mse: 0.012028 
iter: 398, mse: 0.012000 
iter: 399, mse: 0.011972 
iter: 400, mse: 0.011944 
iter: 401, mse: 0.011917 
iter: 402, mse: 0.011889 
iter: 403, mse: 0.011862 
iter: 404, mse: 0.011834 
iter: 405, mse: 0.011807 
iter: 406, mse: 0.011780 
iter: 407, mse: 0.011753 
iter: 408, mse: 0.011726 
iter: 409, mse: 0.011699 
iter: 410, mse: 0.011673 
iter: 411, mse: 0.011646 
iter: 412, mse: 0.011619 
iter: 413, mse: 0.011593 
iter: 414, mse: 0.011567 
iter: 415, mse: 0.011540 
iter: 416, mse: 0.011514 
iter: 417, mse: 0.011488 
iter: 418, mse: 0.011462 
iter: 419, mse: 0.011437 
iter: 420, mse: 0.011411 
iter: 421, mse: 0.011385 
iter: 422, mse: 0.011360 
iter: 423, mse: 0.011334 
iter: 424, mse: 0.011309 
iter: 425, mse: 0.011283 
iter: 426, mse: 0.011258 
iter: 427, mse: 0.011233 
iter: 428, mse: 0.011208 
iter: 429, mse: 0.011183 
iter: 430, mse: 0.011158 
iter: 431, mse: 0.011134 
iter: 432, mse: 0.011109 
iter: 433, mse: 0.011084 
iter: 434, mse: 0.011060 
iter: 435, mse: 0.011035 
iter: 436, mse: 0.011011 
iter: 437, mse: 0.010987 
iter: 438, mse: 0.010963 
iter: 439, mse: 0.010939 
iter: 440, mse: 0.010915 
iter: 441, mse: 0.010891 
iter: 442, mse: 0.010867 
iter: 443, mse: 0.010843 
iter: 444, mse: 0.010819 
iter: 445, mse: 0.010796 
iter: 446, mse: 0.010772 
iter: 447, mse: 0.010749 
iter: 448, mse: 0.010725 
iter: 449, mse: 0.010702 
iter: 450, mse: 0.010679 
iter: 451, mse: 0.010656 
iter: 452, mse: 0.010633 
iter: 453, mse: 0.010610 
iter: 454, mse: 0.010587 
iter: 455, mse: 0.010564 
iter: 456, mse: 0.010541 
iter: 457, mse: 0.010518 
iter: 458, mse: 0.010496 
iter: 459, mse: 0.010473 
iter: 460, mse: 0.010451 
iter: 461, mse: 0.010428 
iter: 462, mse: 0.010406 
iter: 463, mse: 0.010384 
iter: 464, mse: 0.010362 
iter: 465, mse: 0.010339 
iter: 466, mse: 0.010317 
iter: 467, mse: 0.010295 
iter: 468, mse: 0.010273 
iter: 469, mse: 0.010252 
iter: 470, mse: 0.010230 
iter: 471, mse: 0.010208 
iter: 472, mse: 0.010186 
iter: 473, mse: 0.010165 
iter: 474, mse: 0.010143 
iter: 475, mse: 0.010122 
iter: 476, mse: 0.010100 
iter: 477, mse: 0.010079 
iter: 478, mse: 0.010058 
iter: 479, mse: 0.010037 
iter: 480, mse: 0.010015 
last iter 481 
iter: 481, mse: 0.009994, time: 0.277974, total gigaflops: 0.601250, gigaflops pr second: 2.162971 
 
Testing for 100 size
N: 100 
iter: 0, mse: 0.757240 
iter: 1, mse: 0.516637 
iter: 2, mse: 0.392033 
iter: 3, mse: 0.318304 
iter: 4, mse: 0.269899 
iter: 5, mse: 0.235606 
iter: 6, mse: 0.209937 
iter: 7, mse: 0.189929 
iter: 8, mse: 0.173846 
iter: 9, mse: 0.160603 
iter: 10, mse: 0.149486 
iter: 11, mse: 0.140004 
iter: 12, mse: 0.131809 
iter: 13, mse: 0.124646 
iter: 14, mse: 0.118326 
iter: 15, mse: 0.112702 
iter: 16, mse: 0.107661 
iter: 17, mse: 0.103114 
iter: 18, mse: 0.098988 
iter: 19, mse: 0.095226 
iter: 20, mse: 0.091779 
iter: 21, mse: 0.088608 
iter: 22, mse: 0.085680 
iter: 23, mse: 0.082966 
iter: 24, mse: 0.080444 
iter: 25, mse: 0.078092 
iter: 26, mse: 0.075893 
iter: 27, mse: 0.073833 
iter: 28, mse: 0.071897 
iter: 29, mse: 0.070075 
iter: 30, mse: 0.068357 
iter: 31, mse: 0.066733 
iter: 32, mse: 0.065195 
iter: 33, mse: 0.063737 
iter: 34, mse: 0.062352 
iter: 35, mse: 0.061035 
iter: 36, mse: 0.059780 
iter: 37, mse: 0.058584 
iter: 38, mse: 0.057441 
iter: 39, mse: 0.056348 
iter: 40, mse: 0.055303 
iter: 41, mse: 0.054301 
iter: 42, mse: 0.053340 
iter: 43, mse: 0.052417 
iter: 44, mse: 0.051531 
iter: 45, mse: 0.050678 
iter: 46, mse: 0.049857 
iter: 47, mse: 0.049067 
iter: 48, mse: 0.048304 
iter: 49, mse: 0.047569 
iter: 50, mse: 0.046858 
iter: 51, mse: 0.046172 
iter: 52, mse: 0.045509 
iter: 53, mse: 0.044867 
iter: 54, mse: 0.044245 
iter: 55, mse: 0.043643 
iter: 56, mse: 0.043060 
iter: 57, mse: 0.042494 
iter: 58, mse: 0.041945 
iter: 59, mse: 0.041413 
iter: 60, mse: 0.040895 
iter: 61, mse: 0.040392 
iter: 62, mse: 0.039904 
iter: 63, mse: 0.039428 
iter: 64, mse: 0.038966 
iter: 65, mse: 0.038516 
iter: 66, mse: 0.038077 
iter: 67, mse: 0.037650 
iter: 68, mse: 0.037234 
iter: 69, mse: 0.036828 
iter: 70, mse: 0.036432 
iter: 71, mse: 0.036046 
iter: 72, mse: 0.035670 
iter: 73, mse: 0.035302 
iter: 74, mse: 0.034942 
iter: 75, mse: 0.034591 
iter: 76, mse: 0.034249 
iter: 77, mse: 0.033913 
iter: 78, mse: 0.033586 
iter: 79, mse: 0.033265 
iter: 80, mse: 0.032951 
iter: 81, mse: 0.032644 
iter: 82, mse: 0.032344 
iter: 83, mse: 0.032050 
iter: 84, mse: 0.031762 
iter: 85, mse: 0.031480 
iter: 86, mse: 0.031203 
iter: 87, mse: 0.030932 
iter: 88, mse: 0.030667 
iter: 89, mse: 0.030406 
iter: 90, mse: 0.030151 
iter: 91, mse: 0.029900 
iter: 92, mse: 0.029654 
iter: 93, mse: 0.029413 
iter: 94, mse: 0.029176 
iter: 95, mse: 0.028944 
iter: 96, mse: 0.028716 
iter: 97, mse: 0.028492 
iter: 98, mse: 0.028271 
iter: 99, mse: 0.028055 
iter: 100, mse: 0.027843 
iter: 101, mse: 0.027634 
iter: 102, mse: 0.027428 
iter: 103, mse: 0.027227 
iter: 104, mse: 0.027028 
iter: 105, mse: 0.026833 
iter: 106, mse: 0.026641 
iter: 107, mse: 0.026452 
iter: 108, mse: 0.026266 
iter: 109, mse: 0.026083 
iter: 110, mse: 0.025903 
iter: 111, mse: 0.025726 
iter: 112, mse: 0.025552 
iter: 113, mse: 0.025380 
iter: 114, mse: 0.025211 
iter: 115, mse: 0.025044 
iter: 116, mse: 0.024880 
iter: 117, mse: 0.024718 
iter: 118, mse: 0.024559 
iter: 119, mse: 0.024402 
iter: 120, mse: 0.024248 
iter: 121, mse: 0.024095 
iter: 122, mse: 0.023945 
iter: 123, mse: 0.023797 
iter: 124, mse: 0.023651 
iter: 125, mse: 0.023507 
iter: 126, mse: 0.023365 
iter: 127, mse: 0.023225 
iter: 128, mse: 0.023087 
iter: 129, mse: 0.022950 
iter: 130, mse: 0.022816 
iter: 131, mse: 0.022683 
iter: 132, mse: 0.022552 
iter: 133, mse: 0.022423 
iter: 134, mse: 0.022295 
iter: 135, mse: 0.022169 
iter: 136, mse: 0.022045 
iter: 137, mse: 0.021922 
iter: 138, mse: 0.021801 
iter: 139, mse: 0.021681 
iter: 140, mse: 0.021563 
iter: 141, mse: 0.021447 
iter: 142, mse: 0.021331 
iter: 143, mse: 0.021217 
iter: 144, mse: 0.021105 
iter: 145, mse: 0.020994 
iter: 146, mse: 0.020884 
iter: 147, mse: 0.020775 
iter: 148, mse: 0.020668 
iter: 149, mse: 0.020562 
iter: 150, mse: 0.020457 
iter: 151, mse: 0.020354 
iter: 152, mse: 0.020251 
iter: 153, mse: 0.020150 
iter: 154, mse: 0.020050 
iter: 155, mse: 0.019951 
iter: 156, mse: 0.019853 
iter: 157, mse: 0.019756 
iter: 158, mse: 0.019661 
iter: 159, mse: 0.019566 
iter: 160, mse: 0.019472 
iter: 161, mse: 0.019380 
iter: 162, mse: 0.019288 
iter: 163, mse: 0.019197 
iter: 164, mse: 0.019108 
iter: 165, mse: 0.019019 
iter: 166, mse: 0.018931 
iter: 167, mse: 0.018844 
iter: 168, mse: 0.018758 
iter: 169, mse: 0.018673 
iter: 170, mse: 0.018589 
iter: 171, mse: 0.018506 
iter: 172, mse: 0.018423 
iter: 173, mse: 0.018341 
iter: 174, mse: 0.018261 
iter: 175, mse: 0.018180 
iter: 176, mse: 0.018101 
iter: 177, mse: 0.018023 
iter: 178, mse: 0.017945 
iter: 179, mse: 0.017868 
iter: 180, mse: 0.017792 
iter: 181, mse: 0.017716 
iter: 182, mse: 0.017641 
iter: 183, mse: 0.017567 
iter: 184, mse: 0.017494 
iter: 185, mse: 0.017421 
iter: 186, mse: 0.017349 
iter: 187, mse: 0.017278 
iter: 188, mse: 0.017207 
iter: 189, mse: 0.017137 
iter: 190, mse: 0.017068 
iter: 191, mse: 0.016999 
iter: 192, mse: 0.016931 
iter: 193, mse: 0.016863 
iter: 194, mse: 0.016796 
iter: 195, mse: 0.016730 
iter: 196, mse: 0.016664 
iter: 197, mse: 0.016599 
iter: 198, mse: 0.016534 
iter: 199, mse: 0.016470 
iter: 200, mse: 0.016407 
iter: 201, mse: 0.016344 
iter: 202, mse: 0.016282 
iter: 203, mse: 0.016220 
iter: 204, mse: 0.016159 
iter: 205, mse: 0.016098 
iter: 206, mse: 0.016037 
iter: 207, mse: 0.015978 
iter: 208, mse: 0.015918 
iter: 209, mse: 0.015860 
iter: 210, mse: 0.015801 
iter: 211, mse: 0.015744 
iter: 212, mse: 0.015686 
iter: 213, mse: 0.015629 
iter: 214, mse: 0.015573 
iter: 215, mse: 0.015517 
iter: 216, mse: 0.015461 
iter: 217, mse: 0.015406 
iter: 218, mse: 0.015352 
iter: 219, mse: 0.015298 
iter: 220, mse: 0.015244 
iter: 221, mse: 0.015190 
iter: 222, mse: 0.015138 
iter: 223, mse: 0.015085 
iter: 224, mse: 0.015033 
iter: 225, mse: 0.014981 
iter: 226, mse: 0.014930 
iter: 227, mse: 0.014879 
iter: 228, mse: 0.014829 
iter: 229, mse: 0.014778 
iter: 230, mse: 0.014729 
iter: 231, mse: 0.014679 
iter: 232, mse: 0.014630 
iter: 233, mse: 0.014582 
iter: 234, mse: 0.014533 
iter: 235, mse: 0.014485 
iter: 236, mse: 0.014438 
iter: 237, mse: 0.014391 
iter: 238, mse: 0.014344 
iter: 239, mse: 0.014297 
iter: 240, mse: 0.014251 
iter: 241, mse: 0.014205 
iter: 242, mse: 0.014159 
iter: 243, mse: 0.014114 
iter: 244, mse: 0.014069 
iter: 245, mse: 0.014025 
iter: 246, mse: 0.013980 
iter: 247, mse: 0.013937 
iter: 248, mse: 0.013893 
iter: 249, mse: 0.013850 
iter: 250, mse: 0.013807 
iter: 251, mse: 0.013764 
iter: 252, mse: 0.013721 
iter: 253, mse: 0.013679 
iter: 254, mse: 0.013637 
iter: 255, mse: 0.013596 
iter: 256, mse: 0.013554 
iter: 257, mse: 0.013513 
iter: 258, mse: 0.013473 
iter: 259, mse: 0.013432 
iter: 260, mse: 0.013392 
iter: 261, mse: 0.013352 
iter: 262, mse: 0.013312 
iter: 263, mse: 0.013273 
iter: 264, mse: 0.013234 
iter: 265, mse: 0.013195 
iter: 266, mse: 0.013156 
iter: 267, mse: 0.013118 
iter: 268, mse: 0.013080 
iter: 269, mse: 0.013042 
iter: 270, mse: 0.013004 
iter: 271, mse: 0.012967 
iter: 272, mse: 0.012930 
iter: 273, mse: 0.012893 
iter: 274, mse: 0.012856 
iter: 275, mse: 0.012819 
iter: 276, mse: 0.012783 
iter: 277, mse: 0.012747 
iter: 278, mse: 0.012711 
iter: 279, mse: 0.012676 
iter: 280, mse: 0.012641 
iter: 281, mse: 0.012605 
iter: 282, mse: 0.012570 
iter: 283, mse: 0.012536 
iter: 284, mse: 0.012501 
iter: 285, mse: 0.012467 
iter: 286, mse: 0.012433 
iter: 287, mse: 0.012399 
iter: 288, mse: 0.012365 
iter: 289, mse: 0.012332 
iter: 290, mse: 0.012299 
iter: 291, mse: 0.012266 
iter: 292, mse: 0.012233 
iter: 293, mse: 0.012200 
iter: 294, mse: 0.012168 
iter: 295, mse: 0.012135 
iter: 296, mse: 0.012103 
iter: 297, mse: 0.012071 
iter: 298, mse: 0.012040 
iter: 299, mse: 0.012008 
iter: 300, mse: 0.011977 
iter: 301, mse: 0.011946 
iter: 302, mse: 0.011915 
iter: 303, mse: 0.011884 
iter: 304, mse: 0.011853 
iter: 305, mse: 0.011823 
iter: 306, mse: 0.011792 
iter: 307, mse: 0.011762 
iter: 308, mse: 0.011732 
iter: 309, mse: 0.011703 
iter: 310, mse: 0.011673 
iter: 311, mse: 0.011643 
iter: 312, mse: 0.011614 
iter: 313, mse: 0.011585 
iter: 314, mse: 0.011556 
iter: 315, mse: 0.011527 
iter: 316, mse: 0.011499 
iter: 317, mse: 0.011470 
iter: 318, mse: 0.011442 
iter: 319, mse: 0.011414 
iter: 320, mse: 0.011386 
iter: 321, mse: 0.011358 
iter: 322, mse: 0.011330 
iter: 323, mse: 0.011302 
iter: 324, mse: 0.011275 
iter: 325, mse: 0.011248 
iter: 326, mse: 0.011221 
iter: 327, mse: 0.011194 
iter: 328, mse: 0.011167 
iter: 329, mse: 0.011140 
iter: 330, mse: 0.011113 
iter: 331, mse: 0.011087 
iter: 332, mse: 0.011061 
iter: 333, mse: 0.011035 
iter: 334, mse: 0.011008 
iter: 335, mse: 0.010983 
iter: 336, mse: 0.010957 
iter: 337, mse: 0.010931 
iter: 338, mse: 0.010906 
iter: 339, mse: 0.010880 
iter: 340, mse: 0.010855 
iter: 341, mse: 0.010830 
iter: 342, mse: 0.010805 
iter: 343, mse: 0.010780 
iter: 344, mse: 0.010756 
iter: 345, mse: 0.010731 
iter: 346, mse: 0.010706 
iter: 347, mse: 0.010682 
iter: 348, mse: 0.010658 
iter: 349, mse: 0.010634 
iter: 350, mse: 0.010610 
iter: 351, mse: 0.010586 
iter: 352, mse: 0.010562 
iter: 353, mse: 0.010538 
iter: 354, mse: 0.010515 
iter: 355, mse: 0.010492 
iter: 356, mse: 0.010468 
iter: 357, mse: 0.010445 
iter: 358, mse: 0.010422 
iter: 359, mse: 0.010399 
iter: 360, mse: 0.010376 
iter: 361, mse: 0.010353 
iter: 362, mse: 0.010331 
iter: 363, mse: 0.010308 
iter: 364, mse: 0.010286 
iter: 365, mse: 0.010264 
iter: 366, mse: 0.010241 
iter: 367, mse: 0.010219 
iter: 368, mse: 0.010197 
iter: 369, mse: 0.010175 
iter: 370, mse: 0.010154 
iter: 371, mse: 0.010132 
iter: 372, mse: 0.010110 
iter: 373, mse: 0.010089 
iter: 374, mse: 0.010067 
iter: 375, mse: 0.010046 
iter: 376, mse: 0.010025 
iter: 377, mse: 0.010004 
last iter 378 
iter: 378, mse: 0.009983, time: 1.719283, total gigaflops: 3.780000, gigaflops pr second: 2.198591 
 
Testing for 150 size
iter: 0, mse: 0.615056 
iter: 1, mse: 0.420626 
iter: 2, mse: 0.319419 
iter: 3, mse: 0.259447 
iter: 4, mse: 0.220052 
iter: 5, mse: 0.192134 
iter: 6, mse: 0.171234 
iter: 7, mse: 0.154941 
iter: 8, mse: 0.141843 
iter: 9, mse: 0.131058 
iter: 10, mse: 0.122003 
iter: 11, mse: 0.114279 
iter: 12, mse: 0.107604 
iter: 13, mse: 0.101769 
iter: 14, mse: 0.096620 
iter: 15, mse: 0.092038 
iter: 16, mse: 0.087931 
iter: 17, mse: 0.084226 
iter: 18, mse: 0.080865 
iter: 19, mse: 0.077799 
iter: 20, mse: 0.074991 
iter: 21, mse: 0.072407 
iter: 22, mse: 0.070020 
iter: 23, mse: 0.067809 
iter: 24, mse: 0.065754 
iter: 25, mse: 0.063837 
iter: 26, mse: 0.062045 
iter: 27, mse: 0.060366 
iter: 28, mse: 0.058789 
iter: 29, mse: 0.057304 
iter: 30, mse: 0.055903 
iter: 31, mse: 0.054579 
iter: 32, mse: 0.053326 
iter: 33, mse: 0.052137 
iter: 34, mse: 0.051009 
iter: 35, mse: 0.049935 
iter: 36, mse: 0.048912 
iter: 37, mse: 0.047937 
iter: 38, mse: 0.047005 
iter: 39, mse: 0.046115 
iter: 40, mse: 0.045262 
iter: 41, mse: 0.044446 
iter: 42, mse: 0.043662 
iter: 43, mse: 0.042910 
iter: 44, mse: 0.042187 
iter: 45, mse: 0.041492 
iter: 46, mse: 0.040823 
iter: 47, mse: 0.040178 
iter: 48, mse: 0.039557 
iter: 49, mse: 0.038957 
iter: 50, mse: 0.038378 
iter: 51, mse: 0.037818 
iter: 52, mse: 0.037277 
iter: 53, mse: 0.036754 
iter: 54, mse: 0.036247 
iter: 55, mse: 0.035756 
iter: 56, mse: 0.035281 
iter: 57, mse: 0.034819 
iter: 58, mse: 0.034372 
iter: 59, mse: 0.033937 
iter: 60, mse: 0.033515 
iter: 61, mse: 0.033105 
iter: 62, mse: 0.032706 
iter: 63, mse: 0.032319 
iter: 64, mse: 0.031942 
iter: 65, mse: 0.031574 
iter: 66, mse: 0.031217 
iter: 67, mse: 0.030868 
iter: 68, mse: 0.030529 
iter: 69, mse: 0.030198 
iter: 70, mse: 0.029875 
iter: 71, mse: 0.029560 
iter: 72, mse: 0.029253 
iter: 73, mse: 0.028953 
iter: 74, mse: 0.028660 
iter: 75, mse: 0.028374 
iter: 76, mse: 0.028094 
iter: 77, mse: 0.027820 
iter: 78, mse: 0.027553 
iter: 79, mse: 0.027292 
iter: 80, mse: 0.027036 
iter: 81, mse: 0.026785 
iter: 82, mse: 0.026540 
iter: 83, mse: 0.026300 
iter: 84, mse: 0.026065 
iter: 85, mse: 0.025835 
iter: 86, mse: 0.025610 
iter: 87, mse: 0.025389 
iter: 88, mse: 0.025172 
iter: 89, mse: 0.024959 
iter: 90, mse: 0.024751 
iter: 91, mse: 0.024547 
iter: 92, mse: 0.024346 
iter: 93, mse: 0.024149 
iter: 94, mse: 0.023956 
iter: 95, mse: 0.023766 
iter: 96, mse: 0.023580 
iter: 97, mse: 0.023397 
iter: 98, mse: 0.023218 
iter: 99, mse: 0.023041 
iter: 100, mse: 0.022868 
iter: 101, mse: 0.022697 
iter: 102, mse: 0.022530 
iter: 103, mse: 0.022365 
iter: 104, mse: 0.022203 
iter: 105, mse: 0.022044 
iter: 106, mse: 0.021887 
iter: 107, mse: 0.021733 
iter: 108, mse: 0.021582 
iter: 109, mse: 0.021432 
iter: 110, mse: 0.021286 
iter: 111, mse: 0.021141 
iter: 112, mse: 0.020999 
iter: 113, mse: 0.020859 
iter: 114, mse: 0.020721 
iter: 115, mse: 0.020585 
iter: 116, mse: 0.020451 
iter: 117, mse: 0.020319 
iter: 118, mse: 0.020189 
iter: 119, mse: 0.020061 
iter: 120, mse: 0.019935 
iter: 121, mse: 0.019810 
iter: 122, mse: 0.019688 
iter: 123, mse: 0.019567 
iter: 124, mse: 0.019448 
iter: 125, mse: 0.019330 
iter: 126, mse: 0.019215 
iter: 127, mse: 0.019100 
iter: 128, mse: 0.018988 
iter: 129, mse: 0.018876 
iter: 130, mse: 0.018767 
iter: 131, mse: 0.018658 
iter: 132, mse: 0.018552 
iter: 133, mse: 0.018446 
iter: 134, mse: 0.018342 
iter: 135, mse: 0.018239 
iter: 136, mse: 0.018138 
iter: 137, mse: 0.018038 
iter: 138, mse: 0.017939 
iter: 139, mse: 0.017841 
iter: 140, mse: 0.017745 
iter: 141, mse: 0.017650 
iter: 142, mse: 0.017556 
iter: 143, mse: 0.017463 
iter: 144, mse: 0.017371 
iter: 145, mse: 0.017281 
iter: 146, mse: 0.017191 
iter: 147, mse: 0.017102 
iter: 148, mse: 0.017015 
iter: 149, mse: 0.016929 
iter: 150, mse: 0.016843 
iter: 151, mse: 0.016759 
iter: 152, mse: 0.016675 
iter: 153, mse: 0.016593 
iter: 154, mse: 0.016511 
iter: 155, mse: 0.016430 
iter: 156, mse: 0.016351 
iter: 157, mse: 0.016272 
iter: 158, mse: 0.016194 
iter: 159, mse: 0.016116 
iter: 160, mse: 0.016040 
iter: 161, mse: 0.015965 
iter: 162, mse: 0.015890 
iter: 163, mse: 0.015816 
iter: 164, mse: 0.015743 
iter: 165, mse: 0.015671 
iter: 166, mse: 0.015599 
iter: 167, mse: 0.015528 
iter: 168, mse: 0.015458 
iter: 169, mse: 0.015389 
iter: 170, mse: 0.015320 
iter: 171, mse: 0.015252 
iter: 172, mse: 0.015185 
iter: 173, mse: 0.015118 
iter: 174, mse: 0.015052 
iter: 175, mse: 0.014987 
iter: 176, mse: 0.014922 
iter: 177, mse: 0.014859 
iter: 178, mse: 0.014795 
iter: 179, mse: 0.014732 
iter: 180, mse: 0.014670 
iter: 181, mse: 0.014609 
iter: 182, mse: 0.014548 
iter: 183, mse: 0.014487 
iter: 184, mse: 0.014428 
iter: 185, mse: 0.014368 
iter: 186, mse: 0.014310 
iter: 187, mse: 0.014252 
iter: 188, mse: 0.014194 
iter: 189, mse: 0.014137 
iter: 190, mse: 0.014081 
iter: 191, mse: 0.014025 
iter: 192, mse: 0.013969 
iter: 193, mse: 0.013914 
iter: 194, mse: 0.013860 
iter: 195, mse: 0.013806 
iter: 196, mse: 0.013752 
iter: 197, mse: 0.013699 
iter: 198, mse: 0.013646 
iter: 199, mse: 0.013594 
iter: 200, mse: 0.013543 
iter: 201, mse: 0.013491 
iter: 202, mse: 0.013441 
iter: 203, mse: 0.013390 
iter: 204, mse: 0.013340 
iter: 205, mse: 0.013291 
iter: 206, mse: 0.013242 
iter: 207, mse: 0.013193 
iter: 208, mse: 0.013145 
iter: 209, mse: 0.013097 
iter: 210, mse: 0.013049 
iter: 211, mse: 0.013002 
iter: 212, mse: 0.012956 
iter: 213, mse: 0.012909 
iter: 214, mse: 0.012864 
iter: 215, mse: 0.012818 
iter: 216, mse: 0.012773 
iter: 217, mse: 0.012728 
iter: 218, mse: 0.012684 
iter: 219, mse: 0.012640 
iter: 220, mse: 0.012596 
iter: 221, mse: 0.012552 
iter: 222, mse: 0.012509 
iter: 223, mse: 0.012467 
iter: 224, mse: 0.012424 
iter: 225, mse: 0.012382 
iter: 226, mse: 0.012340 
iter: 227, mse: 0.012299 
iter: 228, mse: 0.012258 
iter: 229, mse: 0.012217 
iter: 230, mse: 0.012177 
iter: 231, mse: 0.012137 
iter: 232, mse: 0.012097 
iter: 233, mse: 0.012057 
iter: 234, mse: 0.012018 
iter: 235, mse: 0.011979 
iter: 236, mse: 0.011940 
iter: 237, mse: 0.011902 
iter: 238, mse: 0.011864 
iter: 239, mse: 0.011826 
iter: 240, mse: 0.011788 
iter: 241, mse: 0.011751 
iter: 242, mse: 0.011714 
iter: 243, mse: 0.011677 
iter: 244, mse: 0.011641 
iter: 245, mse: 0.011604 
iter: 246, mse: 0.011568 
iter: 247, mse: 0.011533 
iter: 248, mse: 0.011497 
iter: 249, mse: 0.011462 
iter: 250, mse: 0.011427 
iter: 251, mse: 0.011392 
iter: 252, mse: 0.011358 
iter: 253, mse: 0.011324 
iter: 254, mse: 0.011290 
iter: 255, mse: 0.011256 
iter: 256, mse: 0.011222 
iter: 257, mse: 0.011189 
iter: 258, mse: 0.011156 
iter: 259, mse: 0.011123 
iter: 260, mse: 0.011090 
iter: 261, mse: 0.011058 
iter: 262, mse: 0.011026 
iter: 263, mse: 0.010994 
iter: 264, mse: 0.010962 
iter: 265, mse: 0.010930 
iter: 266, mse: 0.010899 
iter: 267, mse: 0.010868 
iter: 268, mse: 0.010837 
iter: 269, mse: 0.010806 
iter: 270, mse: 0.010775 
iter: 271, mse: 0.010745 
iter: 272, mse: 0.010715 
iter: 273, mse: 0.010685 
iter: 274, mse: 0.010655 
iter: 275, mse: 0.010625 
iter: 276, mse: 0.010596 
iter: 277, mse: 0.010567 
iter: 278, mse: 0.010538 
iter: 279, mse: 0.010509 
iter: 280, mse: 0.010480 
iter: 281, mse: 0.010452 
iter: 282, mse: 0.010423 
iter: 283, mse: 0.010395 
iter: 284, mse: 0.010367 
iter: 285, mse: 0.010339 
iter: 286, mse: 0.010312 
iter: 287, mse: 0.010284 
iter: 288, mse: 0.010257 
iter: 289, mse: 0.010230 
iter: 290, mse: 0.010203 
iter: 291, mse: 0.010176 
iter: 292, mse: 0.010149 
iter: 293, mse: 0.010123 
iter: 294, mse: 0.010096 
iter: 295, mse: 0.010070 
iter: 296, mse: 0.010044 
iter: 297, mse: 0.010018 
last iter 298 
iter: 298, mse: 0.009993, time: 5.567381, total gigaflops: 10.057500, gigaflops pr second: 1.806505 
 
Testing for 200 size
iter: 0, mse: 0.531255 
iter: 1, mse: 0.363751 
iter: 2, mse: 0.276333 
iter: 3, mse: 0.224495 
iter: 4, mse: 0.190433 
iter: 5, mse: 0.166291 
iter: 6, mse: 0.148216 
iter: 7, mse: 0.134125 
iter: 8, mse: 0.122797 
iter: 9, mse: 0.113468 
iter: 10, mse: 0.105635 
iter: 11, mse: 0.098955 
iter: 12, mse: 0.093180 
iter: 13, mse: 0.088133 
iter: 14, mse: 0.083679 
iter: 15, mse: 0.079715 
iter: 16, mse: 0.076163 
iter: 17, mse: 0.072957 
iter: 18, mse: 0.070049 
iter: 19, mse: 0.067397 
iter: 20, mse: 0.064967 
iter: 21, mse: 0.062732 
iter: 22, mse: 0.060667 
iter: 23, mse: 0.058754 
iter: 24, mse: 0.056976 
iter: 25, mse: 0.055317 
iter: 26, mse: 0.053767 
iter: 27, mse: 0.052314 
iter: 28, mse: 0.050949 
iter: 29, mse: 0.049665 
iter: 30, mse: 0.048453 
iter: 31, mse: 0.047307 
iter: 32, mse: 0.046223 
iter: 33, mse: 0.045194 
iter: 34, mse: 0.044218 
iter: 35, mse: 0.043289 
iter: 36, mse: 0.042404 
iter: 37, mse: 0.041559 
iter: 38, mse: 0.040753 
iter: 39, mse: 0.039983 
iter: 40, mse: 0.039245 
iter: 41, mse: 0.038538 
iter: 42, mse: 0.037860 
iter: 43, mse: 0.037210 
iter: 44, mse: 0.036584 
iter: 45, mse: 0.035982 
iter: 46, mse: 0.035403 
iter: 47, mse: 0.034845 
iter: 48, mse: 0.034307 
iter: 49, mse: 0.033788 
iter: 50, mse: 0.033287 
iter: 51, mse: 0.032803 
iter: 52, mse: 0.032335 
iter: 53, mse: 0.031882 
iter: 54, mse: 0.031443 
iter: 55, mse: 0.031018 
iter: 56, mse: 0.030607 
iter: 57, mse: 0.030207 
iter: 58, mse: 0.029820 
iter: 59, mse: 0.029444 
iter: 60, mse: 0.029079 
iter: 61, mse: 0.028724 
iter: 62, mse: 0.028379 
iter: 63, mse: 0.028043 
iter: 64, mse: 0.027717 
iter: 65, mse: 0.027399 
iter: 66, mse: 0.027089 
iter: 67, mse: 0.026788 
iter: 68, mse: 0.026494 
iter: 69, mse: 0.026208 
iter: 70, mse: 0.025928 
iter: 71, mse: 0.025656 
iter: 72, mse: 0.025390 
iter: 73, mse: 0.025130 
iter: 74, mse: 0.024876 
iter: 75, mse: 0.024629 
iter: 76, mse: 0.024386 
iter: 77, mse: 0.024150 
iter: 78, mse: 0.023918 
iter: 79, mse: 0.023692 
iter: 80, mse: 0.023470 
iter: 81, mse: 0.023254 
iter: 82, mse: 0.023042 
iter: 83, mse: 0.022834 
iter: 84, mse: 0.022630 
iter: 85, mse: 0.022431 
iter: 86, mse: 0.022236 
iter: 87, mse: 0.022045 
iter: 88, mse: 0.021857 
iter: 89, mse: 0.021673 
iter: 90, mse: 0.021493 
iter: 91, mse: 0.021316 
iter: 92, mse: 0.021142 
iter: 93, mse: 0.020972 
iter: 94, mse: 0.020805 
iter: 95, mse: 0.020640 
iter: 96, mse: 0.020479 
iter: 97, mse: 0.020321 
iter: 98, mse: 0.020165 
iter: 99, mse: 0.020013 
iter: 100, mse: 0.019862 
iter: 101, mse: 0.019715 
iter: 102, mse: 0.019570 
iter: 103, mse: 0.019427 
iter: 104, mse: 0.019287 
iter: 105, mse: 0.019149 
iter: 106, mse: 0.019014 
iter: 107, mse: 0.018880 
iter: 108, mse: 0.018749 
iter: 109, mse: 0.018620 
iter: 110, mse: 0.018492 
iter: 111, mse: 0.018367 
iter: 112, mse: 0.018244 
iter: 113, mse: 0.018123 
iter: 114, mse: 0.018003 
iter: 115, mse: 0.017886 
iter: 116, mse: 0.017770 
iter: 117, mse: 0.017656 
iter: 118, mse: 0.017543 
iter: 119, mse: 0.017432 
iter: 120, mse: 0.017323 
iter: 121, mse: 0.017215 
iter: 122, mse: 0.017109 
iter: 123, mse: 0.017005 
iter: 124, mse: 0.016902 
iter: 125, mse: 0.016800 
iter: 126, mse: 0.016699 
iter: 127, mse: 0.016601 
iter: 128, mse: 0.016503 
iter: 129, mse: 0.016407 
iter: 130, mse: 0.016312 
iter: 131, mse: 0.016218 
iter: 132, mse: 0.016125 
iter: 133, mse: 0.016034 
iter: 134, mse: 0.015944 
iter: 135, mse: 0.015855 
iter: 136, mse: 0.015767 
iter: 137, mse: 0.015681 
iter: 138, mse: 0.015595 
iter: 139, mse: 0.015511 
iter: 140, mse: 0.015427 
iter: 141, mse: 0.015345 
iter: 142, mse: 0.015263 
iter: 143, mse: 0.015183 
iter: 144, mse: 0.015103 
iter: 145, mse: 0.015025 
iter: 146, mse: 0.014947 
iter: 147, mse: 0.014871 
iter: 148, mse: 0.014795 
iter: 149, mse: 0.014720 
iter: 150, mse: 0.014646 
iter: 151, mse: 0.014573 
iter: 152, mse: 0.014501 
iter: 153, mse: 0.014429 
iter: 154, mse: 0.014358 
iter: 155, mse: 0.014289 
iter: 156, mse: 0.014219 
iter: 157, mse: 0.014151 
iter: 158, mse: 0.014084 
iter: 159, mse: 0.014017 
iter: 160, mse: 0.013951 
iter: 161, mse: 0.013885 
iter: 162, mse: 0.013821 
iter: 163, mse: 0.013757 
iter: 164, mse: 0.013693 
iter: 165, mse: 0.013631 
iter: 166, mse: 0.013569 
iter: 167, mse: 0.013507 
iter: 168, mse: 0.013447 
iter: 169, mse: 0.013386 
iter: 170, mse: 0.013327 
iter: 171, mse: 0.013268 
iter: 172, mse: 0.013210 
iter: 173, mse: 0.013152 
iter: 174, mse: 0.013095 
iter: 175, mse: 0.013039 
iter: 176, mse: 0.012983 
iter: 177, mse: 0.012927 
iter: 178, mse: 0.012872 
iter: 179, mse: 0.012818 
iter: 180, mse: 0.012764 
iter: 181, mse: 0.012711 
iter: 182, mse: 0.012658 
iter: 183, mse: 0.012606 
iter: 184, mse: 0.012554 
iter: 185, mse: 0.012503 
iter: 186, mse: 0.012452 
iter: 187, mse: 0.012402 
iter: 188, mse: 0.012352 
iter: 189, mse: 0.012302 
iter: 190, mse: 0.012253 
iter: 191, mse: 0.012205 
iter: 192, mse: 0.012157 
iter: 193, mse: 0.012109 
iter: 194, mse: 0.012062 
iter: 195, mse: 0.012015 
iter: 196, mse: 0.011969 
iter: 197, mse: 0.011923 
iter: 198, mse: 0.011877 
iter: 199, mse: 0.011832 
iter: 200, mse: 0.011788 
iter: 201, mse: 0.011743 
iter: 202, mse: 0.011699 
iter: 203, mse: 0.011656 
iter: 204, mse: 0.011612 
iter: 205, mse: 0.011569 
iter: 206, mse: 0.011527 
iter: 207, mse: 0.011485 
iter: 208, mse: 0.011443 
iter: 209, mse: 0.011402 
iter: 210, mse: 0.011361 
iter: 211, mse: 0.011320 
iter: 212, mse: 0.011279 
iter: 213, mse: 0.011239 
iter: 214, mse: 0.011199 
iter: 215, mse: 0.011160 
iter: 216, mse: 0.011121 
iter: 217, mse: 0.011082 
iter: 218, mse: 0.011044 
iter: 219, mse: 0.011005 
iter: 220, mse: 0.010968 
iter: 221, mse: 0.010930 
iter: 222, mse: 0.010893 
iter: 223, mse: 0.010856 
iter: 224, mse: 0.010819 
iter: 225, mse: 0.010783 
iter: 226, mse: 0.010746 
iter: 227, mse: 0.010711 
iter: 228, mse: 0.010675 
iter: 229, mse: 0.010640 
iter: 230, mse: 0.010605 
iter: 231, mse: 0.010570 
iter: 232, mse: 0.010535 
iter: 233, mse: 0.010501 
iter: 234, mse: 0.010467 
iter: 235, mse: 0.010433 
iter: 236, mse: 0.010400 
iter: 237, mse: 0.010366 
iter: 238, mse: 0.010333 
iter: 239, mse: 0.010301 
iter: 240, mse: 0.010268 
iter: 241, mse: 0.010236 
iter: 242, mse: 0.010204 
iter: 243, mse: 0.010172 
iter: 244, mse: 0.010140 
iter: 245, mse: 0.010109 
iter: 246, mse: 0.010078 
iter: 247, mse: 0.010047 
iter: 248, mse: 0.010016 
last iter 249 
iter: 249, mse: 0.009986, time: 11.024677, total gigaflops: 19.920000, gigaflops pr second: 1.806856 
 
Testing for 250 size
iter: 0, mse: 0.474417 
iter: 1, mse: 0.325068 
iter: 2, mse: 0.247003 
iter: 3, mse: 0.200690 
iter: 4, mse: 0.170254 
iter: 5, mse: 0.148680 
iter: 6, mse: 0.132527 
iter: 7, mse: 0.119933 
iter: 8, mse: 0.109809 
iter: 9, mse: 0.101471 
iter: 10, mse: 0.094471 
iter: 11, mse: 0.088500 
iter: 12, mse: 0.083339 
iter: 13, mse: 0.078827 
iter: 14, mse: 0.074846 
iter: 15, mse: 0.071303 
iter: 16, mse: 0.068128 
iter: 17, mse: 0.065263 
iter: 18, mse: 0.062663 
iter: 19, mse: 0.060293 
iter: 20, mse: 0.058121 
iter: 21, mse: 0.056122 
iter: 22, mse: 0.054277 
iter: 23, mse: 0.052567 
iter: 24, mse: 0.050977 
iter: 25, mse: 0.049495 
iter: 26, mse: 0.048109 
iter: 27, mse: 0.046810 
iter: 28, mse: 0.045590 
iter: 29, mse: 0.044441 
iter: 30, mse: 0.043358 
iter: 31, mse: 0.042334 
iter: 32, mse: 0.041364 
iter: 33, mse: 0.040445 
iter: 34, mse: 0.039572 
iter: 35, mse: 0.038741 
iter: 36, mse: 0.037950 
iter: 37, mse: 0.037195 
iter: 38, mse: 0.036475 
iter: 39, mse: 0.035786 
iter: 40, mse: 0.035126 
iter: 41, mse: 0.034494 
iter: 42, mse: 0.033888 
iter: 43, mse: 0.033306 
iter: 44, mse: 0.032747 
iter: 45, mse: 0.032209 
iter: 46, mse: 0.031692 
iter: 47, mse: 0.031193 
iter: 48, mse: 0.030712 
iter: 49, mse: 0.030248 
iter: 50, mse: 0.029800 
iter: 51, mse: 0.029367 
iter: 52, mse: 0.028948 
iter: 53, mse: 0.028543 
iter: 54, mse: 0.028151 
iter: 55, mse: 0.027771 
iter: 56, mse: 0.027403 
iter: 57, mse: 0.027046 
iter: 58, mse: 0.026700 
iter: 59, mse: 0.026363 
iter: 60, mse: 0.026037 
iter: 61, mse: 0.025719 
iter: 62, mse: 0.025411 
iter: 63, mse: 0.025111 
iter: 64, mse: 0.024819 
iter: 65, mse: 0.024535 
iter: 66, mse: 0.024258 
iter: 67, mse: 0.023989 
iter: 68, mse: 0.023726 
iter: 69, mse: 0.023470 
iter: 70, mse: 0.023220 
iter: 71, mse: 0.022976 
iter: 72, mse: 0.022738 
iter: 73, mse: 0.022506 
iter: 74, mse: 0.022279 
iter: 75, mse: 0.022058 
iter: 76, mse: 0.021841 
iter: 77, mse: 0.021629 
iter: 78, mse: 0.021423 
iter: 79, mse: 0.021220 
iter: 80, mse: 0.021022 
iter: 81, mse: 0.020828 
iter: 82, mse: 0.020639 
iter: 83, mse: 0.020453 
iter: 84, mse: 0.020271 
iter: 85, mse: 0.020093 
iter: 86, mse: 0.019918 
iter: 87, mse: 0.019747 
iter: 88, mse: 0.019579 
iter: 89, mse: 0.019415 
iter: 90, mse: 0.019253 
iter: 91, mse: 0.019095 
iter: 92, mse: 0.018940 
iter: 93, mse: 0.018788 
iter: 94, mse: 0.018638 
iter: 95, mse: 0.018491 
iter: 96, mse: 0.018347 
iter: 97, mse: 0.018206 
iter: 98, mse: 0.018066 
iter: 99, mse: 0.017930 
iter: 100, mse: 0.017796 
iter: 101, mse: 0.017664 
iter: 102, mse: 0.017534 
iter: 103, mse: 0.017406 
iter: 104, mse: 0.017281 
iter: 105, mse: 0.017158 
iter: 106, mse: 0.017036 
iter: 107, mse: 0.016917 
iter: 108, mse: 0.016800 
iter: 109, mse: 0.016684 
iter: 110, mse: 0.016571 
iter: 111, mse: 0.016459 
iter: 112, mse: 0.016348 
iter: 113, mse: 0.016240 
iter: 114, mse: 0.016133 
iter: 115, mse: 0.016028 
iter: 116, mse: 0.015924 
iter: 117, mse: 0.015822 
iter: 118, mse: 0.015722 
iter: 119, mse: 0.015622 
iter: 120, mse: 0.015525 
iter: 121, mse: 0.015428 
iter: 122, mse: 0.015333 
iter: 123, mse: 0.015240 
iter: 124, mse: 0.015148 
iter: 125, mse: 0.015057 
iter: 126, mse: 0.014967 
iter: 127, mse: 0.014878 
iter: 128, mse: 0.014791 
iter: 129, mse: 0.014705 
iter: 130, mse: 0.014620 
iter: 131, mse: 0.014536 
iter: 132, mse: 0.014454 
iter: 133, mse: 0.014372 
iter: 134, mse: 0.014291 
iter: 135, mse: 0.014212 
iter: 136, mse: 0.014133 
iter: 137, mse: 0.014056 
iter: 138, mse: 0.013979 
iter: 139, mse: 0.013904 
iter: 140, mse: 0.013829 
iter: 141, mse: 0.013755 
iter: 142, mse: 0.013682 
iter: 143, mse: 0.013610 
iter: 144, mse: 0.013539 
iter: 145, mse: 0.013469 
iter: 146, mse: 0.013400 
iter: 147, mse: 0.013331 
iter: 148, mse: 0.013264 
iter: 149, mse: 0.013197 
iter: 150, mse: 0.013130 
iter: 151, mse: 0.013065 
iter: 152, mse: 0.013000 
iter: 153, mse: 0.012936 
iter: 154, mse: 0.012873 
iter: 155, mse: 0.012811 
iter: 156, mse: 0.012749 
iter: 157, mse: 0.012688 
iter: 158, mse: 0.012627 
iter: 159, mse: 0.012568 
iter: 160, mse: 0.012508 
iter: 161, mse: 0.012450 
iter: 162, mse: 0.012392 
iter: 163, mse: 0.012335 
iter: 164, mse: 0.012278 
iter: 165, mse: 0.012222 
iter: 166, mse: 0.012167 
iter: 167, mse: 0.012112 
iter: 168, mse: 0.012058 
iter: 169, mse: 0.012004 
iter: 170, mse: 0.011951 
iter: 171, mse: 0.011898 
iter: 172, mse: 0.011846 
iter: 173, mse: 0.011794 
iter: 174, mse: 0.011743 
iter: 175, mse: 0.011693 
iter: 176, mse: 0.011643 
iter: 177, mse: 0.011593 
iter: 178, mse: 0.011544 
iter: 179, mse: 0.011495 
iter: 180, mse: 0.011447 
iter: 181, mse: 0.011400 
iter: 182, mse: 0.011352 
iter: 183, mse: 0.011306 
iter: 184, mse: 0.011259 
iter: 185, mse: 0.011213 
iter: 186, mse: 0.011168 
iter: 187, mse: 0.011123 
iter: 188, mse: 0.011078 
iter: 189, mse: 0.011034 
iter: 190, mse: 0.010990 
iter: 191, mse: 0.010947 
iter: 192, mse: 0.010904 
iter: 193, mse: 0.010861 
iter: 194, mse: 0.010819 
iter: 195, mse: 0.010777 
iter: 196, mse: 0.010736 
iter: 197, mse: 0.010695 
iter: 198, mse: 0.010654 
iter: 199, mse: 0.010614 
iter: 200, mse: 0.010574 
iter: 201, mse: 0.010534 
iter: 202, mse: 0.010495 
iter: 203, mse: 0.010456 
iter: 204, mse: 0.010417 
iter: 205, mse: 0.010378 
iter: 206, mse: 0.010340 
iter: 207, mse: 0.010303 
iter: 208, mse: 0.010265 
iter: 209, mse: 0.010228 
iter: 210, mse: 0.010192 
iter: 211, mse: 0.010155 
iter: 212, mse: 0.010119 
iter: 213, mse: 0.010083 
iter: 214, mse: 0.010048 
iter: 215, mse: 0.010012 
last iter 216 
iter: 216, mse: 0.009977, time: 18.997829, total gigaflops: 33.750000, gigaflops pr second: 1.776519 
 
Testing for 300 size
iter: 0, mse: 0.432624 
iter: 1, mse: 0.296574 
iter: 2, mse: 0.225386 
iter: 3, mse: 0.183141 
iter: 4, mse: 0.155374 
iter: 5, mse: 0.135692 
iter: 6, mse: 0.120954 
iter: 7, mse: 0.109464 
iter: 8, mse: 0.100227 
iter: 9, mse: 0.092620 
iter: 10, mse: 0.086232 
iter: 11, mse: 0.080784 
iter: 12, mse: 0.076075 
iter: 13, mse: 0.071959 
iter: 14, mse: 0.068326 
iter: 15, mse: 0.065093 
iter: 16, mse: 0.062196 
iter: 17, mse: 0.059581 
iter: 18, mse: 0.057209 
iter: 19, mse: 0.055046 
iter: 20, mse: 0.053064 
iter: 21, mse: 0.051241 
iter: 22, mse: 0.049557 
iter: 23, mse: 0.047996 
iter: 24, mse: 0.046545 
iter: 25, mse: 0.045193 
iter: 26, mse: 0.043928 
iter: 27, mse: 0.042743 
iter: 28, mse: 0.041629 
iter: 29, mse: 0.040581 
iter: 30, mse: 0.039593 
iter: 31, mse: 0.038658 
iter: 32, mse: 0.037773 
iter: 33, mse: 0.036934 
iter: 34, mse: 0.036138 
iter: 35, mse: 0.035380 
iter: 36, mse: 0.034658 
iter: 37, mse: 0.033969 
iter: 38, mse: 0.033311 
iter: 39, mse: 0.032683 
iter: 40, mse: 0.032081 
iter: 41, mse: 0.031504 
iter: 42, mse: 0.030951 
iter: 43, mse: 0.030420 
iter: 44, mse: 0.029910 
iter: 45, mse: 0.029419 
iter: 46, mse: 0.028946 
iter: 47, mse: 0.028491 
iter: 48, mse: 0.028052 
iter: 49, mse: 0.027628 
iter: 50, mse: 0.027219 
iter: 51, mse: 0.026824 
iter: 52, mse: 0.026442 
iter: 53, mse: 0.026073 
iter: 54, mse: 0.025715 
iter: 55, mse: 0.025368 
iter: 56, mse: 0.025032 
iter: 57, mse: 0.024706 
iter: 58, mse: 0.024390 
iter: 59, mse: 0.024083 
iter: 60, mse: 0.023785 
iter: 61, mse: 0.023496 
iter: 62, mse: 0.023214 
iter: 63, mse: 0.022940 
iter: 64, mse: 0.022674 
iter: 65, mse: 0.022414 
iter: 66, mse: 0.022162 
iter: 67, mse: 0.021916 
iter: 68, mse: 0.021676 
iter: 69, mse: 0.021442 
iter: 70, mse: 0.021214 
iter: 71, mse: 0.020992 
iter: 72, mse: 0.020775 
iter: 73, mse: 0.020563 
iter: 74, mse: 0.020356 
iter: 75, mse: 0.020153 
iter: 76, mse: 0.019956 
iter: 77, mse: 0.019763 
iter: 78, mse: 0.019574 
iter: 79, mse: 0.019389 
iter: 80, mse: 0.019208 
iter: 81, mse: 0.019031 
iter: 82, mse: 0.018858 
iter: 83, mse: 0.018689 
iter: 84, mse: 0.018523 
iter: 85, mse: 0.018360 
iter: 86, mse: 0.018201 
iter: 87, mse: 0.018045 
iter: 88, mse: 0.017891 
iter: 89, mse: 0.017741 
iter: 90, mse: 0.017594 
iter: 91, mse: 0.017450 
iter: 92, mse: 0.017308 
iter: 93, mse: 0.017169 
iter: 94, mse: 0.017032 
iter: 95, mse: 0.016898 
iter: 96, mse: 0.016767 
iter: 97, mse: 0.016638 
iter: 98, mse: 0.016511 
iter: 99, mse: 0.016386 
iter: 100, mse: 0.016263 
iter: 101, mse: 0.016143 
iter: 102, mse: 0.016025 
iter: 103, mse: 0.015908 
iter: 104, mse: 0.015794 
iter: 105, mse: 0.015681 
iter: 106, mse: 0.015570 
iter: 107, mse: 0.015461 
iter: 108, mse: 0.015354 
iter: 109, mse: 0.015249 
iter: 110, mse: 0.015145 
iter: 111, mse: 0.015043 
iter: 112, mse: 0.014942 
iter: 113, mse: 0.014843 
iter: 114, mse: 0.014746 
iter: 115, mse: 0.014650 
iter: 116, mse: 0.014555 
iter: 117, mse: 0.014462 
iter: 118, mse: 0.014370 
iter: 119, mse: 0.014280 
iter: 120, mse: 0.014190 
iter: 121, mse: 0.014103 
iter: 122, mse: 0.014016 
iter: 123, mse: 0.013930 
iter: 124, mse: 0.013846 
iter: 125, mse: 0.013763 
iter: 126, mse: 0.013681 
iter: 127, mse: 0.013601 
iter: 128, mse: 0.013521 
iter: 129, mse: 0.013442 
iter: 130, mse: 0.013365 
iter: 131, mse: 0.013288 
iter: 132, mse: 0.013213 
iter: 133, mse: 0.013138 
iter: 134, mse: 0.013065 
iter: 135, mse: 0.012992 
iter: 136, mse: 0.012920 
iter: 137, mse: 0.012850 
iter: 138, mse: 0.012780 
iter: 139, mse: 0.012711 
iter: 140, mse: 0.012643 
iter: 141, mse: 0.012575 
iter: 142, mse: 0.012509 
iter: 143, mse: 0.012443 
iter: 144, mse: 0.012378 
iter: 145, mse: 0.012314 
iter: 146, mse: 0.012251 
iter: 147, mse: 0.012188 
iter: 148, mse: 0.012126 
iter: 149, mse: 0.012065 
iter: 150, mse: 0.012005 
iter: 151, mse: 0.011945 
iter: 152, mse: 0.011886 
iter: 153, mse: 0.011828 
iter: 154, mse: 0.011770 
iter: 155, mse: 0.011713 
iter: 156, mse: 0.011657 
iter: 157, mse: 0.011601 
iter: 158, mse: 0.011546 
iter: 159, mse: 0.011491 
iter: 160, mse: 0.011437 
iter: 161, mse: 0.011384 
iter: 162, mse: 0.011331 
iter: 163, mse: 0.011279 
iter: 164, mse: 0.011227 
iter: 165, mse: 0.011176 
iter: 166, mse: 0.011125 
iter: 167, mse: 0.011075 
iter: 168, mse: 0.011025 
iter: 169, mse: 0.010976 
iter: 170, mse: 0.010928 
iter: 171, mse: 0.010880 
iter: 172, mse: 0.010832 
iter: 173, mse: 0.010785 
iter: 174, mse: 0.010738 
iter: 175, mse: 0.010692 
iter: 176, mse: 0.010647 
iter: 177, mse: 0.010601 
iter: 178, mse: 0.010557 
iter: 179, mse: 0.010512 
iter: 180, mse: 0.010468 
iter: 181, mse: 0.010425 
iter: 182, mse: 0.010382 
iter: 183, mse: 0.010339 
iter: 184, mse: 0.010297 
iter: 185, mse: 0.010255 
iter: 186, mse: 0.010213 
iter: 187, mse: 0.010172 
iter: 188, mse: 0.010131 
iter: 189, mse: 0.010091 
iter: 190, mse: 0.010051 
iter: 191, mse: 0.010012 
last iter 192 
iter: 192, mse: 0.009972, time: 28.586220, total gigaflops: 51.840000, gigaflops pr second: 1.813461 

------------------------------------------------------------
Sender: LSF System <lsfadmin@hpc.dtu.dk>
Subject: Job 15178156: <jacobian_basic> in cluster <dcc> Done

Job <jacobian_basic> was submitted from host <gbarlogin2> by user <s183997> in cluster <dcc> at Fri Jan 13 10:44:09 2023
Job was executed on host(s) <16*n-62-21-4>, in queue <hpcintro>, as user <s183997> in cluster <dcc> at Fri Jan 13 10:44:09 2023
</zhome/69/1/137385> was used as the home directory.
</zhome/69/1/137385/Desktop/hpc_course/assignment2/Poisson3D> was used as the working directory.
Started at Fri Jan 13 10:44:09 2023
Terminated at Fri Jan 13 10:45:36 2023
Results reported at Fri Jan 13 10:45:36 2023

Your job looked like:

------------------------------------------------------------
# LSBATCH: User input
#!/bin/bash
# 02614 - High-Performance Computing, January 2022
# 
# batch script to run matmult on a decidated server in the hpcintro
# queue
#
# Author: Bernd Dammann <bd@cc.dtu.dk>
#
#BSUB -J jacobian_basic
#BSUB -o jacobian_basic%J.out
#BSUB -q hpcintro
#BSUB -n 16
#BSUB -R "rusage[mem=8GB]"
#BSUB -W 60
#BSUB -R "span[hosts=1]"

for size in 10 50 100 150 200 250 300; do
    echo " "
    echo "Testing for $size size"
    ./poisson_j $size 1000 0.01 0.0 4
done

------------------------------------------------------------

Successfully completed.

Resource usage summary:

    CPU time :                                   73.46 sec.
    Max Memory :                                 320 MB
    Average Memory :                             320.00 MB
    Total Requested Memory :                     131072.00 MB
    Delta Memory :                               130752.00 MB
    Max Swap :                                   -
    Max Processes :                              4
    Max Threads :                                5
    Run time :                                   87 sec.
    Turnaround time :                            87 sec.

The output (if any) is above this job summary.

