 
Testing for 1 threads and 10 size
N: 10 
OMP Jacobian - 3 
last iter 98 
iter: 98, mse: 0.009874, time: 0.003442, total gigaflops: 0.000980, gigaflops pr second: 0.284690 
OMP Jacobian - 2 
last iter 98 
iter: 98, mse: 0.009874, time: 0.003346, total gigaflops: 0.000980, gigaflops pr second: 0.292864 
OMP Jacobian - 1 
last iter 98 
iter: 98, mse: 0.009874, time: 0.003429, total gigaflops: 0.000980, gigaflops pr second: 0.285835 
OMP Jacobian - Simpel 
last iter 98 
iter: 98, mse: 0.009874, time: 0.003417, total gigaflops: 0.000980, gigaflops pr second: 0.286799 
Normal Jacobian 
last iter 98 
iter: 98, mse: 0.009874, time: 0.003212, total gigaflops: 0.000980, gigaflops pr second: 0.305102 
 
Testing for 1 threads and 50 size
N: 50 
OMP Jacobian - 3 
last iter 481 
iter: 481, mse: 0.009994, time: 2.176428, total gigaflops: 0.601250, gigaflops pr second: 0.276255 
OMP Jacobian - 2 
last iter 481 
iter: 481, mse: 0.009994, time: 2.178415, total gigaflops: 0.601250, gigaflops pr second: 0.276003 
OMP Jacobian - 1 
last iter 481 
iter: 481, mse: 0.009994, time: 2.176589, total gigaflops: 0.601250, gigaflops pr second: 0.276235 
OMP Jacobian - Simpel 
last iter 481 
iter: 481, mse: 0.009994, time: 2.176339, total gigaflops: 0.601250, gigaflops pr second: 0.276267 
Normal Jacobian 
last iter 481 
iter: 481, mse: 0.009994, time: 2.158967, total gigaflops: 0.601250, gigaflops pr second: 0.278490 
 
Testing for 1 threads and 100 size
N: 100 
OMP Jacobian - 3 
last iter 378 
iter: 378, mse: 0.009983, time: 13.615724, total gigaflops: 3.780000, gigaflops pr second: 0.277620 
OMP Jacobian - 2 
last iter 378 
iter: 378, mse: 0.009983, time: 13.673248, total gigaflops: 3.780000, gigaflops pr second: 0.276452 
OMP Jacobian - 1 
last iter 378 
iter: 378, mse: 0.009983, time: 13.600318, total gigaflops: 3.780000, gigaflops pr second: 0.277935 
OMP Jacobian - Simpel 
last iter 378 
iter: 378, mse: 0.009983, time: 13.593795, total gigaflops: 3.780000, gigaflops pr second: 0.278068 
Normal Jacobian 
last iter 378 
iter: 378, mse: 0.009983, time: 13.564532, total gigaflops: 3.780000, gigaflops pr second: 0.278668 
 
Testing for 1 threads and 150 size
N: 150 
OMP Jacobian - 3 
last iter 298 
iter: 298, mse: 0.009993, time: 36.588642, total gigaflops: 10.057500, gigaflops pr second: 0.274880 
OMP Jacobian - 2 
last iter 298 
iter: 298, mse: 0.009993, time: 36.733387, total gigaflops: 10.057500, gigaflops pr second: 0.273797 
OMP Jacobian - 1 
last iter 298 
iter: 298, mse: 0.009993, time: 36.617887, total gigaflops: 10.057500, gigaflops pr second: 0.274661 
OMP Jacobian - Simpel 
last iter 298 
iter: 298, mse: 0.009993, time: 36.577515, total gigaflops: 10.057500, gigaflops pr second: 0.274964 
Normal Jacobian 
last iter 298 
iter: 298, mse: 0.009993, time: 36.623274, total gigaflops: 10.057500, gigaflops pr second: 0.274620 
 
Testing for 1 threads and 200 size
N: 200 
OMP Jacobian - 3 
last iter 249 
iter: 249, mse: 0.009986, time: 72.729628, total gigaflops: 19.920000, gigaflops pr second: 0.273891 
OMP Jacobian - 2 
last iter 249 
iter: 249, mse: 0.009986, time: 72.860020, total gigaflops: 19.920000, gigaflops pr second: 0.273401 
OMP Jacobian - 1 
last iter 249 
iter: 249, mse: 0.009986, time: 72.668750, total gigaflops: 19.920000, gigaflops pr second: 0.274121 
OMP Jacobian - Simpel 
last iter 249 
iter: 249, mse: 0.009986, time: 72.713168, total gigaflops: 19.920000, gigaflops pr second: 0.273953 
Normal Jacobian 
last iter 249 
iter: 249, mse: 0.009986, time: 72.294516, total gigaflops: 19.920000, gigaflops pr second: 0.275540 
 
Testing for 1 threads and 250 size
N: 250 
OMP Jacobian - 3 
last iter 216 
iter: 216, mse: 0.009977, time: 122.484590, total gigaflops: 33.750000, gigaflops pr second: 0.275545 
OMP Jacobian - 2 
last iter 216 
iter: 216, mse: 0.009977, time: 123.767070, total gigaflops: 33.750000, gigaflops pr second: 0.272690 
OMP Jacobian - 1 
last iter 216 
iter: 216, mse: 0.009977, time: 122.797356, total gigaflops: 33.750000, gigaflops pr second: 0.274843 
OMP Jacobian - Simpel 
last iter 216 
iter: 216, mse: 0.009977, time: 122.533916, total gigaflops: 33.750000, gigaflops pr second: 0.275434 
Normal Jacobian 
last iter 216 
iter: 216, mse: 0.009977, time: 121.698532, total gigaflops: 33.750000, gigaflops pr second: 0.277325 
 
Testing for 1 threads and 300 size
N: 300 
OMP Jacobian - 3 
last iter 192 
iter: 192, mse: 0.009972, time: 188.601897, total gigaflops: 51.840000, gigaflops pr second: 0.274865 
OMP Jacobian - 2 
last iter 192 
iter: 192, mse: 0.009972, time: 189.174830, total gigaflops: 51.840000, gigaflops pr second: 0.274032 
OMP Jacobian - 1 
last iter 192 
iter: 192, mse: 0.009972, time: 188.479730, total gigaflops: 51.840000, gigaflops pr second: 0.275043 
OMP Jacobian - Simpel 
last iter 192 
iter: 192, mse: 0.009972, time: 188.443982, total gigaflops: 51.840000, gigaflops pr second: 0.275095 
Normal Jacobian 
last iter 192 
iter: 192, mse: 0.009972, time: 187.800988, total gigaflops: 51.840000, gigaflops pr second: 0.276037 
 
Testing for 2 threads and 10 size
N: 10 
OMP Jacobian - 3 
last iter 98 
iter: 98, mse: 0.009874, time: 0.002273, total gigaflops: 0.000980, gigaflops pr second: 0.431072 
OMP Jacobian - 2 
last iter 98 
iter: 98, mse: 0.009874, time: 0.002192, total gigaflops: 0.000980, gigaflops pr second: 0.447157 
OMP Jacobian - 1 
last iter 98 
iter: 98, mse: 0.009874, time: 0.002239, total gigaflops: 0.000980, gigaflops pr second: 0.437701 
OMP Jacobian - Simpel 
last iter 98 
iter: 98, mse: 0.009874, time: 0.002260, total gigaflops: 0.000980, gigaflops pr second: 0.433649 
Normal Jacobian 
last iter 98 
iter: 98, mse: 0.009874, time: 0.003217, total gigaflops: 0.000980, gigaflops pr second: 0.304630 
 
Testing for 2 threads and 50 size
N: 50 
OMP Jacobian - 3 
last iter 481 
iter: 481, mse: 0.009994, time: 1.096883, total gigaflops: 0.601250, gigaflops pr second: 0.548144 
OMP Jacobian - 2 
last iter 481 
iter: 481, mse: 0.009994, time: 1.095235, total gigaflops: 0.601250, gigaflops pr second: 0.548969 
OMP Jacobian - 1 
last iter 481 
iter: 481, mse: 0.009994, time: 1.095334, total gigaflops: 0.601250, gigaflops pr second: 0.548920 
OMP Jacobian - Simpel 
last iter 481 
iter: 481, mse: 0.009994, time: 1.093887, total gigaflops: 0.601250, gigaflops pr second: 0.549646 
Normal Jacobian 
last iter 481 
iter: 481, mse: 0.009994, time: 2.160690, total gigaflops: 0.601250, gigaflops pr second: 0.278268 
 
Testing for 2 threads and 100 size
N: 100 
OMP Jacobian - 3 
last iter 378 
iter: 378, mse: 0.009983, time: 6.825055, total gigaflops: 3.780000, gigaflops pr second: 0.553842 
OMP Jacobian - 2 
last iter 378 
iter: 378, mse: 0.009983, time: 6.854310, total gigaflops: 3.780000, gigaflops pr second: 0.551478 
OMP Jacobian - 1 
last iter 378 
iter: 378, mse: 0.009983, time: 6.815703, total gigaflops: 3.780000, gigaflops pr second: 0.554602 
OMP Jacobian - Simpel 
last iter 378 
iter: 378, mse: 0.009983, time: 6.813239, total gigaflops: 3.780000, gigaflops pr second: 0.554802 
Normal Jacobian 
last iter 378 
iter: 378, mse: 0.009983, time: 13.559180, total gigaflops: 3.780000, gigaflops pr second: 0.278778 
 
Testing for 2 threads and 150 size
N: 150 
OMP Jacobian - 3 
last iter 298 
iter: 298, mse: 0.009993, time: 18.266303, total gigaflops: 10.057500, gigaflops pr second: 0.550604 
OMP Jacobian - 2 
last iter 298 
iter: 298, mse: 0.009993, time: 18.403486, total gigaflops: 10.057500, gigaflops pr second: 0.546500 
OMP Jacobian - 1 
last iter 298 
iter: 298, mse: 0.009993, time: 18.250661, total gigaflops: 10.057500, gigaflops pr second: 0.551076 
OMP Jacobian - Simpel 
last iter 298 
iter: 298, mse: 0.009993, time: 18.245230, total gigaflops: 10.057500, gigaflops pr second: 0.551240 
Normal Jacobian 
last iter 298 
iter: 298, mse: 0.009993, time: 36.343224, total gigaflops: 10.057500, gigaflops pr second: 0.276737 
 
Testing for 2 threads and 200 size
N: 200 
OMP Jacobian - 3 
last iter 249 
iter: 249, mse: 0.009986, time: 36.300859, total gigaflops: 19.920000, gigaflops pr second: 0.548747 
OMP Jacobian - 2 
last iter 249 
iter: 249, mse: 0.009986, time: 36.463191, total gigaflops: 19.920000, gigaflops pr second: 0.546304 
OMP Jacobian - 1 
last iter 249 
iter: 249, mse: 0.009986, time: 36.329356, total gigaflops: 19.920000, gigaflops pr second: 0.548317 
OMP Jacobian - Simpel 
last iter 249 
iter: 249, mse: 0.009986, time: 36.281895, total gigaflops: 19.920000, gigaflops pr second: 0.549034 
Normal Jacobian 
last iter 249 
iter: 249, mse: 0.009986, time: 71.784228, total gigaflops: 19.920000, gigaflops pr second: 0.277498 
 
Testing for 2 threads and 250 size
N: 250 
OMP Jacobian - 3 
last iter 216 
iter: 216, mse: 0.009977, time: 61.377020, total gigaflops: 33.750000, gigaflops pr second: 0.549880 
OMP Jacobian - 2 
last iter 216 
iter: 216, mse: 0.009977, time: 61.583983, total gigaflops: 33.750000, gigaflops pr second: 0.548032 
OMP Jacobian - 1 
last iter 216 
iter: 216, mse: 0.009977, time: 61.325978, total gigaflops: 33.750000, gigaflops pr second: 0.550338 
OMP Jacobian - Simpel 
last iter 216 
iter: 216, mse: 0.009977, time: 61.293591, total gigaflops: 33.750000, gigaflops pr second: 0.550629 
Normal Jacobian 
last iter 216 
iter: 216, mse: 0.009977, time: 122.204022, total gigaflops: 33.750000, gigaflops pr second: 0.276177 
 
Testing for 2 threads and 300 size
N: 300 
OMP Jacobian - 3 
last iter 192 
iter: 192, mse: 0.009972, time: 94.452701, total gigaflops: 51.840000, gigaflops pr second: 0.548846 
OMP Jacobian - 2 
last iter 192 
iter: 192, mse: 0.009972, time: 94.735732, total gigaflops: 51.840000, gigaflops pr second: 0.547206 
OMP Jacobian - 1 
last iter 192 
iter: 192, mse: 0.009972, time: 94.389219, total gigaflops: 51.840000, gigaflops pr second: 0.549215 
OMP Jacobian - Simpel 
last iter 192 
iter: 192, mse: 0.009972, time: 94.377004, total gigaflops: 51.840000, gigaflops pr second: 0.549286 
Normal Jacobian 
last iter 192 
iter: 192, mse: 0.009972, time: 186.658800, total gigaflops: 51.840000, gigaflops pr second: 0.277726 
  
Testing for 4 threads and 10 size
N: 10 
OMP Jacobian - 3 
last iter 98 
iter: 98, mse: 0.009874, time: 0.001720, total gigaflops: 0.000980, gigaflops pr second: 0.569812 
OMP Jacobian - 2 
last iter 98 
iter: 98, mse: 0.009874, time: 0.001739, total gigaflops: 0.000980, gigaflops pr second: 0.563619 
OMP Jacobian - 1 
last iter 98 
iter: 98, mse: 0.009874, time: 0.001705, total gigaflops: 0.000980, gigaflops pr second: 0.574700 
OMP Jacobian - Simpel 
last iter 98 
iter: 98, mse: 0.009874, time: 0.001677, total gigaflops: 0.000980, gigaflops pr second: 0.584534 
Normal Jacobian 
last iter 98 
iter: 98, mse: 0.009874, time: 0.003212, total gigaflops: 0.000980, gigaflops pr second: 0.305109 
 
Testing for 4 threads and 50 size
N: 50 
OMP Jacobian - 3 
last iter 481 
iter: 481, mse: 0.009994, time: 0.571639, total gigaflops: 0.601250, gigaflops pr second: 1.051800 
OMP Jacobian - 2 
last iter 481 
iter: 481, mse: 0.009994, time: 0.553617, total gigaflops: 0.601250, gigaflops pr second: 1.086040 
OMP Jacobian - 1 
last iter 481 
iter: 481, mse: 0.009994, time: 0.571911, total gigaflops: 0.601250, gigaflops pr second: 1.051299 
OMP Jacobian - Simpel 
last iter 481 
iter: 481, mse: 0.009994, time: 0.571430, total gigaflops: 0.601250, gigaflops pr second: 1.052184 
Normal Jacobian 
last iter 481 
iter: 481, mse: 0.009994, time: 2.161297, total gigaflops: 0.601250, gigaflops pr second: 0.278189 
 
Testing for 4 threads and 100 size
N: 100 
OMP Jacobian - 3 
last iter 378 
iter: 378, mse: 0.009983, time: 3.420634, total gigaflops: 3.780000, gigaflops pr second: 1.105058 
OMP Jacobian - 2 
last iter 378 
iter: 378, mse: 0.009983, time: 3.432173, total gigaflops: 3.780000, gigaflops pr second: 1.101343 
OMP Jacobian - 1 
last iter 378 
iter: 378, mse: 0.009983, time: 3.417524, total gigaflops: 3.780000, gigaflops pr second: 1.106064 
OMP Jacobian - Simpel 
last iter 378 
iter: 378, mse: 0.009983, time: 3.417449, total gigaflops: 3.780000, gigaflops pr second: 1.106088 
Normal Jacobian 
last iter 378 
iter: 378, mse: 0.009983, time: 13.563973, total gigaflops: 3.780000, gigaflops pr second: 0.278679 
 
Testing for 4 threads and 150 size
N: 150 
OMP Jacobian - 3 
last iter 298 
iter: 298, mse: 0.009993, time: 9.287364, total gigaflops: 10.057500, gigaflops pr second: 1.082923 
OMP Jacobian - 2 
last iter 298 
iter: 298, mse: 0.009993, time: 9.200375, total gigaflops: 10.057500, gigaflops pr second: 1.093162 
OMP Jacobian - 1 
last iter 298 
iter: 298, mse: 0.009993, time: 9.276137, total gigaflops: 10.057500, gigaflops pr second: 1.084234 
OMP Jacobian - Simpel 
last iter 298 
iter: 298, mse: 0.009993, time: 9.268458, total gigaflops: 10.057500, gigaflops pr second: 1.085132 
Normal Jacobian 
last iter 298 
iter: 298, mse: 0.009993, time: 36.345688, total gigaflops: 10.057500, gigaflops pr second: 0.276718 
 
Testing for 4 threads and 200 size
N: 200 
OMP Jacobian - 3 
last iter 249 
iter: 249, mse: 0.009986, time: 18.253030, total gigaflops: 19.920000, gigaflops pr second: 1.091326 
OMP Jacobian - 2 
last iter 249 
iter: 249, mse: 0.009986, time: 18.338326, total gigaflops: 19.920000, gigaflops pr second: 1.086250 
OMP Jacobian - 1 
last iter 249 
iter: 249, mse: 0.009986, time: 18.330372, total gigaflops: 19.920000, gigaflops pr second: 1.086721 
OMP Jacobian - Simpel 
last iter 249 
iter: 249, mse: 0.009986, time: 18.211031, total gigaflops: 19.920000, gigaflops pr second: 1.093842 
Normal Jacobian 
last iter 249 
iter: 249, mse: 0.009986, time: 72.305440, total gigaflops: 19.920000, gigaflops pr second: 0.275498 
 
Testing for 4 threads and 250 size
N: 250 
OMP Jacobian - 3 
last iter 216 
iter: 216, mse: 0.009977, time: 31.044876, total gigaflops: 33.750000, gigaflops pr second: 1.087136 
OMP Jacobian - 2 
last iter 216 
iter: 216, mse: 0.009977, time: 30.933360, total gigaflops: 33.750000, gigaflops pr second: 1.091055 
OMP Jacobian - 1 
last iter 216 
iter: 216, mse: 0.009977, time: 31.007845, total gigaflops: 33.750000, gigaflops pr second: 1.088434 
OMP Jacobian - Simpel 
last iter 216 
iter: 216, mse: 0.009977, time: 31.001223, total gigaflops: 33.750000, gigaflops pr second: 1.088667 
Normal Jacobian 
last iter 216 
iter: 216, mse: 0.009977, time: 121.995637, total gigaflops: 33.750000, gigaflops pr second: 0.276649 
 
Testing for 4 threads and 300 size
N: 300 
OMP Jacobian - 3 
last iter 192 
iter: 192, mse: 0.009972, time: 47.491311, total gigaflops: 51.840000, gigaflops pr second: 1.091568 
OMP Jacobian - 2 
last iter 192 
iter: 192, mse: 0.009972, time: 47.543343, total gigaflops: 51.840000, gigaflops pr second: 1.090373 
OMP Jacobian - 1 
last iter 192 
iter: 192, mse: 0.009972, time: 47.390971, total gigaflops: 51.840000, gigaflops pr second: 1.093879 
OMP Jacobian - Simpel 
last iter 192 
iter: 192, mse: 0.009972, time: 47.472199, total gigaflops: 51.840000, gigaflops pr second: 1.092008 
Normal Jacobian 
last iter 192 
iter: 192, mse: 0.009972, time: 187.434867, total gigaflops: 51.840000, gigaflops pr second: 0.276576 
 
Testing for 8 threads and 10 size
N: 10 
OMP Jacobian - 3 
last iter 98 
iter: 98, mse: 0.009874, time: 0.001741, total gigaflops: 0.000980, gigaflops pr second: 0.562953 
OMP Jacobian - 2 
last iter 98 
iter: 98, mse: 0.009874, time: 0.001604, total gigaflops: 0.000980, gigaflops pr second: 0.610939 
OMP Jacobian - 1 
last iter 98 
iter: 98, mse: 0.009874, time: 0.001708, total gigaflops: 0.000980, gigaflops pr second: 0.573801 
OMP Jacobian - Simpel 
last iter 98 
iter: 98, mse: 0.009874, time: 0.001728, total gigaflops: 0.000980, gigaflops pr second: 0.567167 
Normal Jacobian 
last iter 98 
iter: 98, mse: 0.009874, time: 0.003234, total gigaflops: 0.000980, gigaflops pr second: 0.303026 
 
Testing for 8 threads and 50 size
N: 50 
OMP Jacobian - 3 
last iter 481 
iter: 481, mse: 0.009994, time: 0.310840, total gigaflops: 0.601250, gigaflops pr second: 1.934275 
OMP Jacobian - 2 
last iter 481 
iter: 481, mse: 0.009994, time: 0.279643, total gigaflops: 0.601250, gigaflops pr second: 2.150060 
OMP Jacobian - 1 
last iter 481 
iter: 481, mse: 0.009994, time: 0.310971, total gigaflops: 0.601250, gigaflops pr second: 1.933458 
OMP Jacobian - Simpel 
last iter 481 
iter: 481, mse: 0.009994, time: 0.312976, total gigaflops: 0.601250, gigaflops pr second: 1.921076 
Normal Jacobian 
last iter 481 
iter: 481, mse: 0.009994, time: 2.163464, total gigaflops: 0.601250, gigaflops pr second: 0.277911 
 
Testing for 8 threads and 100 size
N: 100 
OMP Jacobian - 3 
last iter 378 
iter: 378, mse: 0.009983, time: 1.788118, total gigaflops: 3.780000, gigaflops pr second: 2.113954 
OMP Jacobian - 2 
last iter 378 
iter: 378, mse: 0.009983, time: 1.727551, total gigaflops: 3.780000, gigaflops pr second: 2.188068 
OMP Jacobian - 1 
last iter 378 
iter: 378, mse: 0.009983, time: 1.785759, total gigaflops: 3.780000, gigaflops pr second: 2.116747 
OMP Jacobian - Simpel 
last iter 378 
iter: 378, mse: 0.009983, time: 1.783071, total gigaflops: 3.780000, gigaflops pr second: 2.119938 
Normal Jacobian 
last iter 378 
iter: 378, mse: 0.009983, time: 13.564114, total gigaflops: 3.780000, gigaflops pr second: 0.278677 
 
Testing for 8 threads and 150 size
N: 150 
OMP Jacobian - 3 
last iter 298 
iter: 298, mse: 0.009993, time: 4.682530, total gigaflops: 10.057500, gigaflops pr second: 2.147877 
OMP Jacobian - 2 
last iter 298 
iter: 298, mse: 0.009993, time: 4.622546, total gigaflops: 10.057500, gigaflops pr second: 2.175749 
OMP Jacobian - 1 
last iter 298 
iter: 298, mse: 0.009993, time: 4.671153, total gigaflops: 10.057500, gigaflops pr second: 2.153109 
OMP Jacobian - Simpel 
last iter 298 
iter: 298, mse: 0.009993, time: 4.676604, total gigaflops: 10.057500, gigaflops pr second: 2.150599 
Normal Jacobian 
last iter 298 
iter: 298, mse: 0.009993, time: 36.338925, total gigaflops: 10.057500, gigaflops pr second: 0.276769 
 
Testing for 8 threads and 200 size
N: 200 
OMP Jacobian - 3 
last iter 249 
iter: 249, mse: 0.009986, time: 9.210831, total gigaflops: 19.920000, gigaflops pr second: 2.162671 
OMP Jacobian - 2 
last iter 249 
iter: 249, mse: 0.009986, time: 9.210950, total gigaflops: 19.920000, gigaflops pr second: 2.162643 
OMP Jacobian - 1 
last iter 249 
iter: 249, mse: 0.009986, time: 9.183986, total gigaflops: 19.920000, gigaflops pr second: 2.168993 
OMP Jacobian - Simpel 
last iter 249 
iter: 249, mse: 0.009986, time: 9.189433, total gigaflops: 19.920000, gigaflops pr second: 2.167707 
Normal Jacobian 
last iter 249 
iter: 249, mse: 0.009986, time: 71.793953, total gigaflops: 19.920000, gigaflops pr second: 0.277461 
 
Testing for 8 threads and 250 size
N: 250 
OMP Jacobian - 3 
last iter 216 
iter: 216, mse: 0.009977, time: 15.874008, total gigaflops: 33.750000, gigaflops pr second: 2.126117 
OMP Jacobian - 2 
last iter 216 
iter: 216, mse: 0.009977, time: 15.537419, total gigaflops: 33.750000, gigaflops pr second: 2.172175 
OMP Jacobian - 1 
last iter 216 
iter: 216, mse: 0.009977, time: 15.847212, total gigaflops: 33.750000, gigaflops pr second: 2.129712 
OMP Jacobian - Simpel 
last iter 216 
iter: 216, mse: 0.009977, time: 15.837224, total gigaflops: 33.750000, gigaflops pr second: 2.131055 
Normal Jacobian 
last iter 216 
iter: 216, mse: 0.009977, time: 121.694946, total gigaflops: 33.750000, gigaflops pr second: 0.277333 
 
Testing for 8 threads and 300 size
N: 300 
OMP Jacobian - 3 
last iter 192 
iter: 192, mse: 0.009972, time: 24.243572, total gigaflops: 51.840000, gigaflops pr second: 2.138299 
OMP Jacobian - 2 
last iter 192 
iter: 192, mse: 0.009972, time: 23.916659, total gigaflops: 51.840000, gigaflops pr second: 2.167527 
OMP Jacobian - 1 
last iter 192 
iter: 192, mse: 0.009972, time: 24.192901, total gigaflops: 51.840000, gigaflops pr second: 2.142777 
OMP Jacobian - Simpel 
last iter 192 
iter: 192, mse: 0.009972, time: 24.195860, total gigaflops: 51.840000, gigaflops pr second: 2.142515 
Normal Jacobian 
last iter 192 
iter: 192, mse: 0.009972, time: 186.830702, total gigaflops: 51.840000, gigaflops pr second: 0.277470 
 
Testing for 16 threads and 10 size
N: 10 
OMP Jacobian - 3 
last iter 98 
iter: 98, mse: 0.009874, time: 0.107047, total gigaflops: 0.000980, gigaflops pr second: 0.009155 
OMP Jacobian - 2 
last iter 98 
iter: 98, mse: 0.009874, time: 0.001706, total gigaflops: 0.000980, gigaflops pr second: 0.574503 
OMP Jacobian - 1 
last iter 98 
iter: 98, mse: 0.009874, time: 0.001842, total gigaflops: 0.000980, gigaflops pr second: 0.532150 
OMP Jacobian - Simpel 
last iter 98 
iter: 98, mse: 0.009874, time: 0.001843, total gigaflops: 0.000980, gigaflops pr second: 0.531686 
Normal Jacobian 
last iter 98 
iter: 98, mse: 0.009874, time: 0.003238, total gigaflops: 0.000980, gigaflops pr second: 0.302650 
 
Testing for 16 threads and 50 size
N: 50 
OMP Jacobian - 3 
last iter 481 
iter: 481, mse: 0.009994, time: 0.183568, total gigaflops: 0.601250, gigaflops pr second: 3.275362 
OMP Jacobian - 2 
last iter 481 
iter: 481, mse: 0.009994, time: 0.165524, total gigaflops: 0.601250, gigaflops pr second: 3.632415 
OMP Jacobian - 1 
last iter 481 
iter: 481, mse: 0.009994, time: 0.984695, total gigaflops: 0.601250, gigaflops pr second: 0.610595 
OMP Jacobian - Simpel 
last iter 481 
iter: 481, mse: 0.009994, time: 0.183849, total gigaflops: 0.601250, gigaflops pr second: 3.270340 
Normal Jacobian 
last iter 481 
iter: 481, mse: 0.009994, time: 2.161216, total gigaflops: 0.601250, gigaflops pr second: 0.278200 
 
Testing for 16 threads and 100 size
N: 100 
OMP Jacobian - 3 
last iter 378 
iter: 378, mse: 0.009983, time: 0.970012, total gigaflops: 3.780000, gigaflops pr second: 3.896859 
OMP Jacobian - 2 
last iter 378 
iter: 378, mse: 0.009983, time: 0.879790, total gigaflops: 3.780000, gigaflops pr second: 4.296481 
OMP Jacobian - 1 
last iter 378 
iter: 378, mse: 0.009983, time: 0.968802, total gigaflops: 3.780000, gigaflops pr second: 3.901726 
OMP Jacobian - Simpel 
last iter 378 
iter: 378, mse: 0.009983, time: 0.969654, total gigaflops: 3.780000, gigaflops pr second: 3.898298 
Normal Jacobian 
last iter 378 
iter: 378, mse: 0.009983, time: 13.562050, total gigaflops: 3.780000, gigaflops pr second: 0.278719 
 
Testing for 16 threads and 150 size
N: 150 
OMP Jacobian - 3 
last iter 298 
iter: 298, mse: 0.009993, time: 2.508604, total gigaflops: 10.057500, gigaflops pr second: 4.009202 
OMP Jacobian - 2 
last iter 298 
iter: 298, mse: 0.009993, time: 2.360363, total gigaflops: 10.057500, gigaflops pr second: 4.260997 
OMP Jacobian - 1 
last iter 298 
iter: 298, mse: 0.009993, time: 2.503198, total gigaflops: 10.057500, gigaflops pr second: 4.017860 
OMP Jacobian - Simpel 
last iter 298 
iter: 298, mse: 0.009993, time: 2.502945, total gigaflops: 10.057500, gigaflops pr second: 4.018267 
Normal Jacobian 
last iter 298 
iter: 298, mse: 0.009993, time: 36.320929, total gigaflops: 10.057500, gigaflops pr second: 0.276906 
 
Testing for 16 threads and 200 size
N: 200 
OMP Jacobian - 3 
last iter 249 
iter: 249, mse: 0.009986, time: 5.463973, total gigaflops: 19.920000, gigaflops pr second: 3.645699 
OMP Jacobian - 2 
last iter 249 
iter: 249, mse: 0.009986, time: 5.528290, total gigaflops: 19.920000, gigaflops pr second: 3.603284 
OMP Jacobian - 1 
last iter 249 
iter: 249, mse: 0.009986, time: 4.869421, total gigaflops: 19.920000, gigaflops pr second: 4.090835 
OMP Jacobian - Simpel 
last iter 249 
iter: 249, mse: 0.009986, time: 5.033341, total gigaflops: 19.920000, gigaflops pr second: 3.957610 
Normal Jacobian 
last iter 249 
iter: 249, mse: 0.009986, time: 71.936274, total gigaflops: 19.920000, gigaflops pr second: 0.276912 
 
Testing for 16 threads and 250 size
N: 250 
OMP Jacobian - 3 
last iter 216 
iter: 216, mse: 0.009977, time: 8.491200, total gigaflops: 33.750000, gigaflops pr second: 3.974703 
OMP Jacobian - 2 
last iter 216 
iter: 216, mse: 0.009977, time: 8.073650, total gigaflops: 33.750000, gigaflops pr second: 4.180266 
OMP Jacobian - 1 
last iter 216 
iter: 216, mse: 0.009977, time: 8.100051, total gigaflops: 33.750000, gigaflops pr second: 4.166641 
OMP Jacobian - Simpel 
last iter 216 
iter: 216, mse: 0.009977, time: 8.099535, total gigaflops: 33.750000, gigaflops pr second: 4.166906 
Normal Jacobian 
last iter 216 
iter: 216, mse: 0.009977, time: 121.704629, total gigaflops: 33.750000, gigaflops pr second: 0.277311 
 
Testing for 16 threads and 300 size
N: 300 
OMP Jacobian - 3 
last iter 192 
iter: 192, mse: 0.009972, time: 15.805684, total gigaflops: 51.840000, gigaflops pr second: 3.279833 
OMP Jacobian - 2 
last iter 192 
iter: 192, mse: 0.009972, time: 12.316048, total gigaflops: 51.840000, gigaflops pr second: 4.209142 
OMP Jacobian - 1 
last iter 192 
iter: 192, mse: 0.009972, time: 15.478171, total gigaflops: 51.840000, gigaflops pr second: 3.349233 
OMP Jacobian - Simpel 
last iter 192 
iter: 192, mse: 0.009972, time: 15.016590, total gigaflops: 51.840000, gigaflops pr second: 3.452182 
Normal Jacobian 
last iter 192 
iter: 192, mse: 0.009972, time: 186.693185, total gigaflops: 51.840000, gigaflops pr second: 0.277675 
