 
Testing for 1 threads and 10 size
N: 10 
OMP Jacobian - 3 
last iter 98 
iter: 98, mse: 0.009874, time: 0.000708, total gigaflops: 0.000980, gigaflops pr second: 1.383431 
OMP Jacobian - 2 
last iter 98 
iter: 98, mse: 0.009874, time: 0.000689, total gigaflops: 0.000980, gigaflops pr second: 1.422560 
OMP Jacobian - 1 
last iter 98 
iter: 98, mse: 0.009874, time: 0.000749, total gigaflops: 0.000980, gigaflops pr second: 1.309110 
OMP Jacobian - Simpel 
last iter 98 
iter: 98, mse: 0.009874, time: 0.000697, total gigaflops: 0.000980, gigaflops pr second: 1.405546 
Normal Jacobian 
last iter 98 
iter: 98, mse: 0.009874, time: 0.000506, total gigaflops: 0.000980, gigaflops pr second: 1.935229 
 
Testing for 1 threads and 50 size
N: 50 
OMP Jacobian - 3 
last iter 481 
iter: 481, mse: 0.009994, time: 0.278974, total gigaflops: 0.601250, gigaflops pr second: 2.155221 
OMP Jacobian - 2 
last iter 481 
iter: 481, mse: 0.009994, time: 0.302830, total gigaflops: 0.601250, gigaflops pr second: 1.985436 
OMP Jacobian - 1 
last iter 481 
iter: 481, mse: 0.009994, time: 0.280103, total gigaflops: 0.601250, gigaflops pr second: 2.146536 
OMP Jacobian - Simpel 
last iter 481 
iter: 481, mse: 0.009994, time: 0.278883, total gigaflops: 0.601250, gigaflops pr second: 2.155922 
Normal Jacobian 
last iter 481 
iter: 481, mse: 0.009994, time: 0.277178, total gigaflops: 0.601250, gigaflops pr second: 2.169180 
 
Testing for 1 threads and 100 size
N: 100 
OMP Jacobian - 3 
last iter 378 
iter: 378, mse: 0.009983, time: 1.720592, total gigaflops: 3.780000, gigaflops pr second: 2.196919 
OMP Jacobian - 2 
last iter 378 
iter: 378, mse: 0.009983, time: 1.832715, total gigaflops: 3.780000, gigaflops pr second: 2.062514 
OMP Jacobian - 1 
last iter 378 
iter: 378, mse: 0.009983, time: 1.724801, total gigaflops: 3.780000, gigaflops pr second: 2.191557 
OMP Jacobian - Simpel 
last iter 378 
iter: 378, mse: 0.009983, time: 1.719570, total gigaflops: 3.780000, gigaflops pr second: 2.198224 
Normal Jacobian 
last iter 378 
iter: 378, mse: 0.009983, time: 1.721667, total gigaflops: 3.780000, gigaflops pr second: 2.195547 
 
Testing for 1 threads and 150 size
N: 150 
OMP Jacobian - 3 
last iter 298 
iter: 298, mse: 0.009993, time: 5.567078, total gigaflops: 10.057500, gigaflops pr second: 1.806603 
OMP Jacobian - 2 
last iter 298 
iter: 298, mse: 0.009993, time: 5.614321, total gigaflops: 10.057500, gigaflops pr second: 1.791401 
OMP Jacobian - 1 
last iter 298 
iter: 298, mse: 0.009993, time: 5.892354, total gigaflops: 10.057500, gigaflops pr second: 1.706873 
OMP Jacobian - Simpel 
last iter 298 
iter: 298, mse: 0.009993, time: 5.678612, total gigaflops: 10.057500, gigaflops pr second: 1.771119 
Normal Jacobian 
last iter 298 
iter: 298, mse: 0.009993, time: 5.542908, total gigaflops: 10.057500, gigaflops pr second: 1.814481 
 
Testing for 1 threads and 200 size
N: 200 
OMP Jacobian - 3 
last iter 249 
iter: 249, mse: 0.009986, time: 11.012016, total gigaflops: 19.920000, gigaflops pr second: 1.808933 
OMP Jacobian - 2 
last iter 249 
iter: 249, mse: 0.009986, time: 11.097326, total gigaflops: 19.920000, gigaflops pr second: 1.795027 
OMP Jacobian - 1 
last iter 249 
iter: 249, mse: 0.009986, time: 11.008302, total gigaflops: 19.920000, gigaflops pr second: 1.809543 
OMP Jacobian - Simpel 
last iter 249 
iter: 249, mse: 0.009986, time: 11.004314, total gigaflops: 19.920000, gigaflops pr second: 1.810199 
Normal Jacobian 
last iter 249 
iter: 249, mse: 0.009986, time: 11.079245, total gigaflops: 19.920000, gigaflops pr second: 1.797956 
 
Testing for 1 threads and 250 size
N: 250 
OMP Jacobian - 3 
last iter 216 
iter: 216, mse: 0.009977, time: 18.966943, total gigaflops: 33.750000, gigaflops pr second: 1.779412 
OMP Jacobian - 2 
last iter 216 
iter: 216, mse: 0.009977, time: 19.103180, total gigaflops: 33.750000, gigaflops pr second: 1.766722 
OMP Jacobian - 1 
last iter 216 
iter: 216, mse: 0.009977, time: 18.958283, total gigaflops: 33.750000, gigaflops pr second: 1.780225 
OMP Jacobian - Simpel 
last iter 216 
iter: 216, mse: 0.009977, time: 18.953494, total gigaflops: 33.750000, gigaflops pr second: 1.780674 
Normal Jacobian 
last iter 216 
iter: 216, mse: 0.009977, time: 19.068455, total gigaflops: 33.750000, gigaflops pr second: 1.769939 
 
Testing for 1 threads and 300 size
N: 300 
OMP Jacobian - 3 
last iter 192 
iter: 192, mse: 0.009972, time: 28.819688, total gigaflops: 51.840000, gigaflops pr second: 1.798770 
OMP Jacobian - 2 
last iter 192 
iter: 192, mse: 0.009972, time: 29.113878, total gigaflops: 51.840000, gigaflops pr second: 1.780594 
OMP Jacobian - 1 
last iter 192 
iter: 192, mse: 0.009972, time: 28.722690, total gigaflops: 51.840000, gigaflops pr second: 1.804845 
OMP Jacobian - Simpel 
last iter 192 
iter: 192, mse: 0.009972, time: 28.724207, total gigaflops: 51.840000, gigaflops pr second: 1.804750 
Normal Jacobian 
last iter 192 
iter: 192, mse: 0.009972, time: 28.534714, total gigaflops: 51.840000, gigaflops pr second: 1.816734 
 
Testing for 2 threads and 10 size
N: 10 
OMP Jacobian - 3 
last iter 98 
iter: 98, mse: 0.009874, time: 0.000885, total gigaflops: 0.000980, gigaflops pr second: 1.106807 
OMP Jacobian - 2 
last iter 98 
iter: 98, mse: 0.009874, time: 0.000884, total gigaflops: 0.000980, gigaflops pr second: 1.108615 
OMP Jacobian - 1 
last iter 98 
iter: 98, mse: 0.009874, time: 0.001677, total gigaflops: 0.000980, gigaflops pr second: 0.584380 
OMP Jacobian - Simpel 
last iter 98 
iter: 98, mse: 0.009874, time: 0.000921, total gigaflops: 0.000980, gigaflops pr second: 1.064128 
Normal Jacobian 
last iter 98 
iter: 98, mse: 0.009874, time: 0.000501, total gigaflops: 0.000980, gigaflops pr second: 1.957373 
 
Testing for 2 threads and 50 size
N: 50 
OMP Jacobian - 3 
last iter 481 
iter: 481, mse: 0.009994, time: 0.143548, total gigaflops: 0.601250, gigaflops pr second: 4.188487 
OMP Jacobian - 2 
last iter 481 
iter: 481, mse: 0.009994, time: 0.153445, total gigaflops: 0.601250, gigaflops pr second: 3.918354 
OMP Jacobian - 1 
last iter 481 
iter: 481, mse: 0.009994, time: 0.196841, total gigaflops: 0.601250, gigaflops pr second: 3.054490 
OMP Jacobian - Simpel 
last iter 481 
iter: 481, mse: 0.009994, time: 0.143451, total gigaflops: 0.601250, gigaflops pr second: 4.191321 
Normal Jacobian 
last iter 481 
iter: 481, mse: 0.009994, time: 0.284186, total gigaflops: 0.601250, gigaflops pr second: 2.115693 
 
Testing for 2 threads and 100 size
N: 100 
OMP Jacobian - 3 
last iter 378 
iter: 378, mse: 0.009983, time: 0.866096, total gigaflops: 3.780000, gigaflops pr second: 4.364413 
OMP Jacobian - 2 
last iter 378 
iter: 378, mse: 0.009983, time: 0.926877, total gigaflops: 3.780000, gigaflops pr second: 4.078210 
OMP Jacobian - 1 
last iter 378 
iter: 378, mse: 0.009983, time: 1.155807, total gigaflops: 3.780000, gigaflops pr second: 3.270442 
OMP Jacobian - Simpel 
last iter 378 
iter: 378, mse: 0.009983, time: 0.867625, total gigaflops: 3.780000, gigaflops pr second: 4.356719 
Normal Jacobian 
last iter 378 
iter: 378, mse: 0.009983, time: 1.735016, total gigaflops: 3.780000, gigaflops pr second: 2.178654 
 
Testing for 2 threads and 150 size
N: 150 
OMP Jacobian - 3 
last iter 298 
iter: 298, mse: 0.009993, time: 2.463319, total gigaflops: 10.057500, gigaflops pr second: 4.082906 
OMP Jacobian - 2 
last iter 298 
iter: 298, mse: 0.009993, time: 2.532941, total gigaflops: 10.057500, gigaflops pr second: 3.970681 
OMP Jacobian - 1 
last iter 298 
iter: 298, mse: 0.009993, time: 3.233045, total gigaflops: 10.057500, gigaflops pr second: 3.110844 
OMP Jacobian - Simpel 
last iter 298 
iter: 298, mse: 0.009993, time: 2.433282, total gigaflops: 10.057500, gigaflops pr second: 4.133306 
Normal Jacobian 
last iter 298 
iter: 298, mse: 0.009993, time: 5.563260, total gigaflops: 10.057500, gigaflops pr second: 1.807843 
 
Testing for 2 threads and 200 size
N: 200 
OMP Jacobian - 3 
last iter 249 
iter: 249, mse: 0.009986, time: 5.668173, total gigaflops: 19.920000, gigaflops pr second: 3.514360 
OMP Jacobian - 2 
last iter 249 
iter: 249, mse: 0.009986, time: 5.609552, total gigaflops: 19.920000, gigaflops pr second: 3.551086 
OMP Jacobian - 1 
last iter 249 
iter: 249, mse: 0.009986, time: 6.434077, total gigaflops: 19.920000, gigaflops pr second: 3.096015 
OMP Jacobian - Simpel 
last iter 249 
iter: 249, mse: 0.009986, time: 5.557224, total gigaflops: 19.920000, gigaflops pr second: 3.584524 
Normal Jacobian 
last iter 249 
iter: 249, mse: 0.009986, time: 11.118793, total gigaflops: 19.920000, gigaflops pr second: 1.791561 
 
Testing for 2 threads and 250 size
N: 250 
OMP Jacobian - 3 
last iter 216 
iter: 216, mse: 0.009977, time: 9.710605, total gigaflops: 33.750000, gigaflops pr second: 3.475582 
OMP Jacobian - 2 
last iter 216 
iter: 216, mse: 0.009977, time: 9.618079, total gigaflops: 33.750000, gigaflops pr second: 3.509017 
OMP Jacobian - 1 
last iter 216 
iter: 216, mse: 0.009977, time: 11.034978, total gigaflops: 33.750000, gigaflops pr second: 3.058456 
OMP Jacobian - Simpel 
last iter 216 
iter: 216, mse: 0.009977, time: 9.526695, total gigaflops: 33.750000, gigaflops pr second: 3.542676 
Normal Jacobian 
last iter 216 
iter: 216, mse: 0.009977, time: 19.036441, total gigaflops: 33.750000, gigaflops pr second: 1.772915 
 
Testing for 2 threads and 300 size
N: 300 
OMP Jacobian - 3 
last iter 192 
iter: 192, mse: 0.009972, time: 14.657974, total gigaflops: 51.840000, gigaflops pr second: 3.536642 
OMP Jacobian - 2 
last iter 192 
iter: 192, mse: 0.009972, time: 14.594643, total gigaflops: 51.840000, gigaflops pr second: 3.551988 
OMP Jacobian - 1 
last iter 192 
iter: 192, mse: 0.009972, time: 16.441906, total gigaflops: 51.840000, gigaflops pr second: 3.152919 
OMP Jacobian - Simpel 
last iter 192 
iter: 192, mse: 0.009972, time: 14.478430, total gigaflops: 51.840000, gigaflops pr second: 3.580499 
Normal Jacobian 
last iter 192 
iter: 192, mse: 0.009972, time: 28.493451, total gigaflops: 51.840000, gigaflops pr second: 1.819365 
 
Testing for 4 threads and 10 size
N: 10 
OMP Jacobian - 3 
last iter 98 
iter: 98, mse: 0.009874, time: 0.000917, total gigaflops: 0.000980, gigaflops pr second: 1.068504 
OMP Jacobian - 2 
last iter 98 
iter: 98, mse: 0.009874, time: 0.000843, total gigaflops: 0.000980, gigaflops pr second: 1.161965 
OMP Jacobian - 1 
last iter 98 
iter: 98, mse: 0.009874, time: 0.001320, total gigaflops: 0.000980, gigaflops pr second: 0.742652 
OMP Jacobian - Simpel 
last iter 98 
iter: 98, mse: 0.009874, time: 0.000860, total gigaflops: 0.000980, gigaflops pr second: 1.139518 
Normal Jacobian 
last iter 98 
iter: 98, mse: 0.009874, time: 0.000506, total gigaflops: 0.000980, gigaflops pr second: 1.936594 
 
Testing for 4 threads and 50 size
N: 50 
OMP Jacobian - 3 
last iter 481 
iter: 481, mse: 0.009994, time: 0.076958, total gigaflops: 0.601250, gigaflops pr second: 7.812739 
OMP Jacobian - 2 
last iter 481 
iter: 481, mse: 0.009994, time: 0.079944, total gigaflops: 0.601250, gigaflops pr second: 7.520855 
OMP Jacobian - 1 
last iter 481 
iter: 481, mse: 0.009994, time: 0.110453, total gigaflops: 0.601250, gigaflops pr second: 5.443513 
OMP Jacobian - Simpel 
last iter 481 
iter: 481, mse: 0.009994, time: 0.076814, total gigaflops: 0.601250, gigaflops pr second: 7.827337 
Normal Jacobian 
last iter 481 
iter: 481, mse: 0.009994, time: 0.279558, total gigaflops: 0.601250, gigaflops pr second: 2.150720 
 
Testing for 4 threads and 100 size
N: 100 
OMP Jacobian - 3 
last iter 378 
iter: 378, mse: 0.009983, time: 0.440260, total gigaflops: 3.780000, gigaflops pr second: 8.585843 
OMP Jacobian - 2 
last iter 378 
iter: 378, mse: 0.009983, time: 0.467021, total gigaflops: 3.780000, gigaflops pr second: 8.093853 
OMP Jacobian - 1 
last iter 378 
iter: 378, mse: 0.009983, time: 0.588948, total gigaflops: 3.780000, gigaflops pr second: 6.418227 
OMP Jacobian - Simpel 
last iter 378 
iter: 378, mse: 0.009983, time: 0.440002, total gigaflops: 3.780000, gigaflops pr second: 8.590871 
Normal Jacobian 
last iter 378 
iter: 378, mse: 0.009983, time: 1.723387, total gigaflops: 3.780000, gigaflops pr second: 2.193356 
 
Testing for 4 threads and 150 size
N: 150 
OMP Jacobian - 3 
last iter 298 
iter: 298, mse: 0.009993, time: 1.315101, total gigaflops: 10.057500, gigaflops pr second: 7.647703 
OMP Jacobian - 2 
last iter 298 
iter: 298, mse: 0.009993, time: 1.288424, total gigaflops: 10.057500, gigaflops pr second: 7.806051 
OMP Jacobian - 1 
last iter 298 
iter: 298, mse: 0.009993, time: 1.849880, total gigaflops: 10.057500, gigaflops pr second: 5.436838 
OMP Jacobian - Simpel 
last iter 298 
iter: 298, mse: 0.009993, time: 1.248611, total gigaflops: 10.057500, gigaflops pr second: 8.054948 
Normal Jacobian 
last iter 298 
iter: 298, mse: 0.009993, time: 5.584129, total gigaflops: 10.057500, gigaflops pr second: 1.801086 
 
Testing for 4 threads and 200 size
N: 200 
OMP Jacobian - 3 
last iter 249 
iter: 249, mse: 0.009986, time: 2.955013, total gigaflops: 19.920000, gigaflops pr second: 6.741088 
OMP Jacobian - 2 
last iter 249 
iter: 249, mse: 0.009986, time: 2.893759, total gigaflops: 19.920000, gigaflops pr second: 6.883779 
OMP Jacobian - 1 
last iter 249 
iter: 249, mse: 0.009986, time: 3.727270, total gigaflops: 19.920000, gigaflops pr second: 5.344395 
OMP Jacobian - Simpel 
last iter 249 
iter: 249, mse: 0.009986, time: 2.872434, total gigaflops: 19.920000, gigaflops pr second: 6.934885 
Normal Jacobian 
last iter 249 
iter: 249, mse: 0.009986, time: 11.090482, total gigaflops: 19.920000, gigaflops pr second: 1.796135 
 
Testing for 4 threads and 250 size
N: 250 
OMP Jacobian - 3 
last iter 216 
iter: 216, mse: 0.009977, time: 5.045645, total gigaflops: 33.750000, gigaflops pr second: 6.688936 
OMP Jacobian - 2 
last iter 216 
iter: 216, mse: 0.009977, time: 4.937261, total gigaflops: 33.750000, gigaflops pr second: 6.835773 
OMP Jacobian - 1 
last iter 216 
iter: 216, mse: 0.009977, time: 6.242983, total gigaflops: 33.750000, gigaflops pr second: 5.406070 
OMP Jacobian - Simpel 
last iter 216 
iter: 216, mse: 0.009977, time: 4.925944, total gigaflops: 33.750000, gigaflops pr second: 6.851479 
Normal Jacobian 
last iter 216 
iter: 216, mse: 0.009977, time: 19.089350, total gigaflops: 33.750000, gigaflops pr second: 1.768001 
 
Testing for 4 threads and 300 size
N: 300 
OMP Jacobian - 3 
last iter 192 
iter: 192, mse: 0.009972, time: 7.513873, total gigaflops: 51.840000, gigaflops pr second: 6.899238 
OMP Jacobian - 2 
last iter 192 
iter: 192, mse: 0.009972, time: 7.438052, total gigaflops: 51.840000, gigaflops pr second: 6.969567 
OMP Jacobian - 1 
last iter 192 
iter: 192, mse: 0.009972, time: 9.567724, total gigaflops: 51.840000, gigaflops pr second: 5.418216 
OMP Jacobian - Simpel 
last iter 192 
iter: 192, mse: 0.009972, time: 7.379028, total gigaflops: 51.840000, gigaflops pr second: 7.025315 
Normal Jacobian 
last iter 192 
iter: 192, mse: 0.009972, time: 28.894111, total gigaflops: 51.840000, gigaflops pr second: 1.794137 
 
Testing for 8 threads and 10 size
N: 10 
OMP Jacobian - 3 
last iter 98 
iter: 98, mse: 0.009874, time: 0.001193, total gigaflops: 0.000980, gigaflops pr second: 0.821478 
OMP Jacobian - 2 
last iter 98 
iter: 98, mse: 0.009874, time: 0.001208, total gigaflops: 0.000980, gigaflops pr second: 0.811428 
OMP Jacobian - 1 
last iter 98 
iter: 98, mse: 0.009874, time: 0.001732, total gigaflops: 0.000980, gigaflops pr second: 0.565718 
OMP Jacobian - Simpel 
last iter 98 
iter: 98, mse: 0.009874, time: 0.001208, total gigaflops: 0.000980, gigaflops pr second: 0.811333 
Normal Jacobian 
last iter 98 
iter: 98, mse: 0.009874, time: 0.000505, total gigaflops: 0.000980, gigaflops pr second: 1.939830 
 
Testing for 8 threads and 50 size
N: 50 
OMP Jacobian - 3 
last iter 481 
iter: 481, mse: 0.009994, time: 0.044119, total gigaflops: 0.601250, gigaflops pr second: 13.627860 
OMP Jacobian - 2 
last iter 481 
iter: 481, mse: 0.009994, time: 0.045444, total gigaflops: 0.601250, gigaflops pr second: 13.230660 
OMP Jacobian - 1 
last iter 481 
iter: 481, mse: 0.009994, time: 0.068034, total gigaflops: 0.601250, gigaflops pr second: 8.837520 
OMP Jacobian - Simpel 
last iter 481 
iter: 481, mse: 0.009994, time: 0.043987, total gigaflops: 0.601250, gigaflops pr second: 13.668920 
Normal Jacobian 
last iter 481 
iter: 481, mse: 0.009994, time: 0.279701, total gigaflops: 0.601250, gigaflops pr second: 2.149617 
 
Testing for 8 threads and 100 size
N: 100 
OMP Jacobian - 3 
last iter 378 
iter: 378, mse: 0.009983, time: 0.235722, total gigaflops: 3.780000, gigaflops pr second: 16.035826 
OMP Jacobian - 2 
last iter 378 
iter: 378, mse: 0.009983, time: 0.240508, total gigaflops: 3.780000, gigaflops pr second: 15.716741 
OMP Jacobian - 1 
last iter 378 
iter: 378, mse: 0.009983, time: 0.351801, total gigaflops: 3.780000, gigaflops pr second: 10.744696 
OMP Jacobian - Simpel 
last iter 378 
iter: 378, mse: 0.009983, time: 0.240814, total gigaflops: 3.780000, gigaflops pr second: 15.696773 
Normal Jacobian 
last iter 378 
iter: 378, mse: 0.009983, time: 1.728304, total gigaflops: 3.780000, gigaflops pr second: 2.187115 
 
Testing for 8 threads and 150 size
N: 150 
OMP Jacobian - 3 
last iter 298 
iter: 298, mse: 0.009993, time: 0.654726, total gigaflops: 10.057500, gigaflops pr second: 15.361394 
OMP Jacobian - 2 
last iter 298 
iter: 298, mse: 0.009993, time: 0.672144, total gigaflops: 10.057500, gigaflops pr second: 14.963321 
OMP Jacobian - 1 
last iter 298 
iter: 298, mse: 0.009993, time: 1.412773, total gigaflops: 10.057500, gigaflops pr second: 7.118977 
OMP Jacobian - Simpel 
last iter 298 
iter: 298, mse: 0.009993, time: 0.647551, total gigaflops: 10.057500, gigaflops pr second: 15.531596 
Normal Jacobian 
last iter 298 
iter: 298, mse: 0.009993, time: 5.628598, total gigaflops: 10.057500, gigaflops pr second: 1.786857 
 
Testing for 8 threads and 200 size
N: 200 
OMP Jacobian - 3 
last iter 249 
iter: 249, mse: 0.009986, time: 1.699966, total gigaflops: 19.920000, gigaflops pr second: 11.717878 
OMP Jacobian - 2 
last iter 249 
iter: 249, mse: 0.009986, time: 1.543592, total gigaflops: 19.920000, gigaflops pr second: 12.904964 
OMP Jacobian - 1 
last iter 249 
iter: 249, mse: 0.009986, time: 2.668733, total gigaflops: 19.920000, gigaflops pr second: 7.464215 
OMP Jacobian - Simpel 
last iter 249 
iter: 249, mse: 0.009986, time: 1.554792, total gigaflops: 19.920000, gigaflops pr second: 12.812001 
Normal Jacobian 
last iter 249 
iter: 249, mse: 0.009986, time: 11.046974, total gigaflops: 19.920000, gigaflops pr second: 1.803209 
 
Testing for 8 threads and 250 size
N: 250 
OMP Jacobian - 3 
last iter 216 
iter: 216, mse: 0.009977, time: 2.980965, total gigaflops: 33.750000, gigaflops pr second: 11.321836 
OMP Jacobian - 2 
last iter 216 
iter: 216, mse: 0.009977, time: 2.670422, total gigaflops: 33.750000, gigaflops pr second: 12.638450 
OMP Jacobian - 1 
last iter 216 
iter: 216, mse: 0.009977, time: 4.215850, total gigaflops: 33.750000, gigaflops pr second: 8.005503 
OMP Jacobian - Simpel 
last iter 216 
iter: 216, mse: 0.009977, time: 2.700354, total gigaflops: 33.750000, gigaflops pr second: 12.498362 
Normal Jacobian 
last iter 216 
iter: 216, mse: 0.009977, time: 19.105705, total gigaflops: 33.750000, gigaflops pr second: 1.766488 
 
Testing for 8 threads and 300 size
N: 300 
OMP Jacobian - 3 
last iter 192 
iter: 192, mse: 0.009972, time: 4.311944, total gigaflops: 51.840000, gigaflops pr second: 12.022420 
OMP Jacobian - 2 
last iter 192 
iter: 192, mse: 0.009972, time: 4.013647, total gigaflops: 51.840000, gigaflops pr second: 12.915935 
OMP Jacobian - 1 
last iter 192 
iter: 192, mse: 0.009972, time: 6.702304, total gigaflops: 51.840000, gigaflops pr second: 7.734653 
OMP Jacobian - Simpel 
last iter 192 
iter: 192, mse: 0.009972, time: 4.029698, total gigaflops: 51.840000, gigaflops pr second: 12.864489 
Normal Jacobian 
last iter 192 
iter: 192, mse: 0.009972, time: 28.582136, total gigaflops: 51.840000, gigaflops pr second: 1.813720 
 
Testing for 16 threads and 10 size
N: 10 
OMP Jacobian - 3 
last iter 98 
iter: 98, mse: 0.009874, time: 0.796524, total gigaflops: 0.000980, gigaflops pr second: 0.001230 
OMP Jacobian - 2 
last iter 98 
iter: 98, mse: 0.009874, time: 0.792509, total gigaflops: 0.000980, gigaflops pr second: 0.001237 
OMP Jacobian - 1 
last iter 98 
iter: 98, mse: 0.009874, time: 0.283675, total gigaflops: 0.000980, gigaflops pr second: 0.003455 
OMP Jacobian - Simpel 
last iter 98 
iter: 98, mse: 0.009874, time: 0.001334, total gigaflops: 0.000980, gigaflops pr second: 0.734451 
Normal Jacobian 
last iter 98 
iter: 98, mse: 0.009874, time: 0.000585, total gigaflops: 0.000980, gigaflops pr second: 1.675039 
 
Testing for 16 threads and 50 size
N: 50 
OMP Jacobian - 3 
last iter 481 
iter: 481, mse: 0.009994, time: 2.312227, total gigaflops: 0.601250, gigaflops pr second: 0.260031 
OMP Jacobian - 2 
last iter 481 
iter: 481, mse: 0.009994, time: 0.027449, total gigaflops: 0.601250, gigaflops pr second: 21.904612 
OMP Jacobian - 1 
last iter 481 
iter: 481, mse: 0.009994, time: 0.041191, total gigaflops: 0.601250, gigaflops pr second: 14.596755 
OMP Jacobian - Simpel 
last iter 481 
iter: 481, mse: 0.009994, time: 0.029762, total gigaflops: 0.601250, gigaflops pr second: 20.201637 
Normal Jacobian 
last iter 481 
iter: 481, mse: 0.009994, time: 0.277986, total gigaflops: 0.601250, gigaflops pr second: 2.162877 
 
Testing for 16 threads and 100 size
N: 100 
OMP Jacobian - 3 
last iter 378 
iter: 378, mse: 0.009983, time: 0.135014, total gigaflops: 3.780000, gigaflops pr second: 27.997066 
OMP Jacobian - 2 
last iter 378 
iter: 378, mse: 0.009983, time: 0.141782, total gigaflops: 3.780000, gigaflops pr second: 26.660642 
OMP Jacobian - 1 
last iter 378 
iter: 378, mse: 0.009983, time: 0.232224, total gigaflops: 3.780000, gigaflops pr second: 16.277371 
OMP Jacobian - Simpel 
last iter 378 
iter: 378, mse: 0.009983, time: 0.134792, total gigaflops: 3.780000, gigaflops pr second: 28.043274 
Normal Jacobian 
last iter 378 
iter: 378, mse: 0.009983, time: 1.728589, total gigaflops: 3.780000, gigaflops pr second: 2.186754 
 
Testing for 16 threads and 150 size
N: 150 
OMP Jacobian - 3 
last iter 298 
iter: 298, mse: 0.009993, time: 0.641826, total gigaflops: 10.057500, gigaflops pr second: 15.670129 
OMP Jacobian - 2 
last iter 298 
iter: 298, mse: 0.009993, time: 0.649698, total gigaflops: 10.057500, gigaflops pr second: 15.480272 
OMP Jacobian - 1 
last iter 298 
iter: 298, mse: 0.009993, time: 1.378958, total gigaflops: 10.057500, gigaflops pr second: 7.293549 
OMP Jacobian - Simpel 
last iter 298 
iter: 298, mse: 0.009993, time: 0.656544, total gigaflops: 10.057500, gigaflops pr second: 15.318845 
Normal Jacobian 
last iter 298 
iter: 298, mse: 0.009993, time: 5.546205, total gigaflops: 10.057500, gigaflops pr second: 1.813402 
 
Testing for 16 threads and 200 size
N: 200 
OMP Jacobian - 3 
last iter 249 
iter: 249, mse: 0.009986, time: 1.682884, total gigaflops: 19.920000, gigaflops pr second: 11.836824 
OMP Jacobian - 2 
last iter 249 
iter: 249, mse: 0.009986, time: 1.635431, total gigaflops: 19.920000, gigaflops pr second: 12.180272 
OMP Jacobian - 1 
last iter 249 
iter: 249, mse: 0.009986, time: 2.371630, total gigaflops: 19.920000, gigaflops pr second: 8.399287 
OMP Jacobian - Simpel 
last iter 249 
iter: 249, mse: 0.009986, time: 1.623783, total gigaflops: 19.920000, gigaflops pr second: 12.267652 
Normal Jacobian 
last iter 249 
iter: 249, mse: 0.009986, time: 11.065007, total gigaflops: 19.920000, gigaflops pr second: 1.800270 
 
Testing for 16 threads and 250 size
N: 250 
OMP Jacobian - 3 
last iter 216 
iter: 216, mse: 0.009977, time: 3.035639, total gigaflops: 33.750000, gigaflops pr second: 11.117921 
OMP Jacobian - 2 
last iter 216 
iter: 216, mse: 0.009977, time: 3.421557, total gigaflops: 33.750000, gigaflops pr second: 9.863929 
OMP Jacobian - 1 
last iter 216 
iter: 216, mse: 0.009977, time: 4.026579, total gigaflops: 33.750000, gigaflops pr second: 8.381805 
OMP Jacobian - Simpel 
last iter 216 
iter: 216, mse: 0.009977, time: 2.976793, total gigaflops: 33.750000, gigaflops pr second: 11.337706 
Normal Jacobian 
last iter 216 
iter: 216, mse: 0.009977, time: 19.026854, total gigaflops: 33.750000, gigaflops pr second: 1.773809 
 
Testing for 16 threads and 300 size
N: 300 
OMP Jacobian - 3 
last iter 192 
iter: 192, mse: 0.009972, time: 5.072545, total gigaflops: 51.840000, gigaflops pr second: 10.219721 
OMP Jacobian - 2 
last iter 192 
iter: 192, mse: 0.009972, time: 4.968871, total gigaflops: 51.840000, gigaflops pr second: 10.432953 
OMP Jacobian - 1 
last iter 192 
iter: 192, mse: 0.009972, time: 5.655448, total gigaflops: 51.840000, gigaflops pr second: 9.166383 
OMP Jacobian - Simpel 
last iter 192 
iter: 192, mse: 0.009972, time: 4.937313, total gigaflops: 51.840000, gigaflops pr second: 10.499637 
Normal Jacobian 
last iter 192 
iter: 192, mse: 0.009972, time: 28.809939, total gigaflops: 51.840000, gigaflops pr second: 1.799379 

------------------------------------------------------------
Sender: LSF System <lsfadmin@hpc.dtu.dk>
Subject: Job 15175479: <jacobian> in cluster <dcc> Done

Job <jacobian> was submitted from host <gbarlogin2> by user <s183997> in cluster <dcc> at Thu Jan 12 16:14:48 2023
Job was executed on host(s) <16*n-62-21-6>, in queue <hpcintro>, as user <s183997> in cluster <dcc> at Thu Jan 12 16:14:48 2023
</zhome/69/1/137385> was used as the home directory.
</zhome/69/1/137385/Desktop/hpc_course/assignment2/Poisson3D> was used as the working directory.
Started at Thu Jan 12 16:14:48 2023
Terminated at Thu Jan 12 16:30:05 2023
Results reported at Thu Jan 12 16:30:05 2023

Your job looked like:

------------------------------------------------------------
# LSBATCH: User input
#!/bin/bash
# 02614 - High-Performance Computing, January 2022
# 
# batch script to run matmult on a decidated server in the hpcintro
# queue
#
# Author: Bernd Dammann <bd@cc.dtu.dk>
#
#BSUB -J jacobian
#BSUB -o jacobian%J.out
#BSUB -q hpcintro
#BSUB -n 16
#BSUB -R "rusage[mem=8GB]"
#BSUB -W 60
#BSUB -R "span[hosts=1]"

for nt in 1 2 4 8 16; do
    for size in 10 50 100 150 200 250 300; do
        echo " "
        echo "Testing for $nt threads and $size size"
        OMP_NUM_THREADS=$nt
        ./poisson_j $size 1000 0.01 0.0
    done
done

------------------------------------------------------------

Successfully completed.

Resource usage summary:

    CPU time :                                   2280.24 sec.
    Max Memory :                                 1269 MB
    Average Memory :                             762.89 MB
    Total Requested Memory :                     131072.00 MB
    Delta Memory :                               129803.00 MB
    Max Swap :                                   -
    Max Processes :                              4
    Max Threads :                                20
    Run time :                                   917 sec.
    Turnaround time :                            917 sec.

The output (if any) is above this job summary.

